<?xml version="1.0" encoding="utf-8"?>
<CoverageSession xmlns:xsd="http://www.w3.org/2001/XMLSchema" xmlns:xsi="http://www.w3.org/2001/XMLSchema-instance" Version="4.6.0.0">
  <Summary numSequencePoints="225" visitedSequencePoints="102" numBranchPoints="121" visitedBranchPoints="56" sequenceCoverage="45.33" branchCoverage="46.28" maxCyclomaticComplexity="17" minCyclomaticComplexity="1" maxCrapScore="156" minCrapScore="1" visitedClasses="15" numClasses="36" visitedMethods="20" numMethods="49" />
  <Modules>
    <Module hash="7E-31-D3-4C-EB-63-C4-24-0F-6A-D2-8B-C4-39-E8-FD-92-3F-12-65">
      <Summary numSequencePoints="169" visitedSequencePoints="73" numBranchPoints="95" visitedBranchPoints="42" sequenceCoverage="43.20" branchCoverage="44.21" maxCyclomaticComplexity="17" minCyclomaticComplexity="1" maxCrapScore="156" minCrapScore="1" visitedClasses="14" numClasses="34" visitedMethods="14" numMethods="37" />
      <ModulePath>C:\Users\ndduser\Desktop\GengiScrum\Projeto_NFe\Projeto_NFe.Aplicacao.Testes\bin\Debug\Projeto_NFe.Dominio.dll</ModulePath>
      <ModuleTime>2018-06-04T17:44:11.7753645Z</ModuleTime>
      <ModuleName>Projeto_NFe.Dominio</ModuleName>
      <Files>
        <File uid="1" fullPath="C:\Users\ndduser\Desktop\GengiScrum\Projeto_NFe\Projeto_NFe.Dominio\Excecoes\ExcecaoNegocio.cs" />
        <File uid="2" fullPath="C:\Users\ndduser\Desktop\GengiScrum\Projeto_NFe\Projeto_NFe.Dominio\Excecoes\IdentificadorIndefinidoExcecao.cs" />
        <File uid="3" fullPath="C:\Users\ndduser\Desktop\GengiScrum\Projeto_NFe\Projeto_NFe.Dominio\Caracteristicas\Transportadoras\Transportadora.cs" />
        <File uid="4" fullPath="C:\Users\ndduser\Desktop\GengiScrum\Projeto_NFe\Projeto_NFe.Dominio\Caracteristicas\Transportadoras\TransportadoraCNPJInvalidoExcecao.cs" />
        <File uid="5" fullPath="C:\Users\ndduser\Desktop\GengiScrum\Projeto_NFe\Projeto_NFe.Dominio\Caracteristicas\Transportadoras\TransportadoraCPFInvalidoExcecao.cs" />
        <File uid="6" fullPath="C:\Users\ndduser\Desktop\GengiScrum\Projeto_NFe\Projeto_NFe.Dominio\Caracteristicas\Transportadoras\TransportadoraEnderecoInvalidoExcecao.cs" />
        <File uid="7" fullPath="C:\Users\ndduser\Desktop\GengiScrum\Projeto_NFe\Projeto_NFe.Dominio\Caracteristicas\Transportadoras\TransportadoraInscricaoEstadualInvalidaExcecao.cs" />
        <File uid="8" fullPath="C:\Users\ndduser\Desktop\GengiScrum\Projeto_NFe\Projeto_NFe.Dominio\Caracteristicas\Transportadoras\TransportadoraPessoaFisicaNaoPodePossuirCNPJExcecao.cs" />
        <File uid="9" fullPath="C:\Users\ndduser\Desktop\GengiScrum\Projeto_NFe\Projeto_NFe.Dominio\Caracteristicas\Transportadoras\TransportadoraPessoaJuridicaNaoPodePossuirCPFExcecao.cs" />
        <File uid="10" fullPath="C:\Users\ndduser\Desktop\GengiScrum\Projeto_NFe\Projeto_NFe.Dominio\Caracteristicas\Transportadoras\TransportadoraPessoaJuridicaNaoPodePossuirNomeExcecao.cs" />
        <File uid="11" fullPath="C:\Users\ndduser\Desktop\GengiScrum\Projeto_NFe\Projeto_NFe.Dominio\Caracteristicas\Transportadoras\TransportadoraNomeInvalidoExcecao.cs" />
        <File uid="12" fullPath="C:\Users\ndduser\Desktop\GengiScrum\Projeto_NFe\Projeto_NFe.Dominio\Caracteristicas\Transportadoras\TransportadoraPessoaFisicaNaoPodePossuirInscricaoEstadualExcecao.cs" />
        <File uid="13" fullPath="C:\Users\ndduser\Desktop\GengiScrum\Projeto_NFe\Projeto_NFe.Dominio\Caracteristicas\Transportadoras\TransportadoraPessoaFisicaNaoPodePossuirRazaoSocialExcecao.cs" />
        <File uid="14" fullPath="C:\Users\ndduser\Desktop\GengiScrum\Projeto_NFe\Projeto_NFe.Dominio\Caracteristicas\Transportadoras\TransportadoraRazaoSocialInvalidaExcecao.cs" />
        <File uid="15" fullPath="C:\Users\ndduser\Desktop\GengiScrum\Projeto_NFe\Projeto_NFe.Dominio\Caracteristicas\Produtos\Produto.cs" />
        <File uid="16" fullPath="C:\Users\ndduser\Desktop\GengiScrum\Projeto_NFe\Projeto_NFe.Dominio\Caracteristicas\Produtos\ProdutoCodigoInvalidoExcecao.cs" />
        <File uid="17" fullPath="C:\Users\ndduser\Desktop\GengiScrum\Projeto_NFe\Projeto_NFe.Dominio\Caracteristicas\Produtos\ProdutoDescricaoInvalidaExcecao.cs" />
        <File uid="18" fullPath="C:\Users\ndduser\Desktop\GengiScrum\Projeto_NFe\Projeto_NFe.Dominio\Caracteristicas\Produtos\ProdutoValorInvalidoExcecao.cs" />
        <File uid="19" fullPath="C:\Users\ndduser\Desktop\GengiScrum\Projeto_NFe\Projeto_NFe.Dominio\Caracteristicas\ProdutosVendidos\ProdutoVendido.cs" />
        <File uid="20" fullPath="C:\Users\ndduser\Desktop\GengiScrum\Projeto_NFe\Projeto_NFe.Dominio\Caracteristicas\ImpostoProdutos\ImpostoProduto.cs" />
        <File uid="21" fullPath="C:\Users\ndduser\Desktop\GengiScrum\Projeto_NFe\Projeto_NFe.Dominio\Caracteristicas\Enderecos\BairroCaracteresExcecao.cs" />
        <File uid="22" fullPath="C:\Users\ndduser\Desktop\GengiScrum\Projeto_NFe\Projeto_NFe.Dominio\Caracteristicas\Enderecos\Endereco.cs" />
        <File uid="23" fullPath="C:\Users\ndduser\Desktop\GengiScrum\Projeto_NFe\Projeto_NFe.Dominio\Caracteristicas\Enderecos\EstadoCaracteresExcecao.cs" />
        <File uid="24" fullPath="C:\Users\ndduser\Desktop\GengiScrum\Projeto_NFe\Projeto_NFe.Dominio\Caracteristicas\Enderecos\LogradouroCaracteresExcecao.cs" />
        <File uid="25" fullPath="C:\Users\ndduser\Desktop\GengiScrum\Projeto_NFe\Projeto_NFe.Dominio\Caracteristicas\Enderecos\MunicipioCaracteresExcecao.cs" />
        <File uid="26" fullPath="C:\Users\ndduser\Desktop\GengiScrum\Projeto_NFe\Projeto_NFe.Dominio\Caracteristicas\Enderecos\NumeroInvalidoExcecao.cs" />
        <File uid="27" fullPath="C:\Users\ndduser\Desktop\GengiScrum\Projeto_NFe\Projeto_NFe.Dominio\Caracteristicas\Enderecos\PaisCaracteresExcecao.cs" />
        <File uid="28" fullPath="C:\Users\ndduser\Desktop\GengiScrum\Projeto_NFe\Projeto_NFe.Dominio\Caracteristicas\Emitentes\EmitenteCnpjCaracteresExcecao.cs" />
        <File uid="29" fullPath="C:\Users\ndduser\Desktop\GengiScrum\Projeto_NFe\Projeto_NFe.Dominio\Caracteristicas\Emitentes\Emitente.cs" />
        <File uid="30" fullPath="C:\Users\ndduser\Desktop\GengiScrum\Projeto_NFe\Projeto_NFe.Dominio\Caracteristicas\Emitentes\EmitenteEnderecoInvalidoExcecao.cs" />
        <File uid="31" fullPath="C:\Users\ndduser\Desktop\GengiScrum\Projeto_NFe\Projeto_NFe.Dominio\Caracteristicas\Emitentes\EmitenteInscricaoEstadualCaracteresExcecao.cs" />
        <File uid="32" fullPath="C:\Users\ndduser\Desktop\GengiScrum\Projeto_NFe\Projeto_NFe.Dominio\Caracteristicas\Emitentes\EmitenteInscricaoMunicipalCaracteresExcecao.cs" />
        <File uid="33" fullPath="C:\Users\ndduser\Desktop\GengiScrum\Projeto_NFe\Projeto_NFe.Dominio\Caracteristicas\Emitentes\EmitenteNomeFantasiaCaracteresExcecao.cs" />
        <File uid="34" fullPath="C:\Users\ndduser\Desktop\GengiScrum\Projeto_NFe\Projeto_NFe.Dominio\Caracteristicas\Emitentes\EmitenteRazaoSocialCaracteresExcecao.cs" />
      </Files>
      <Classes>
        <Class>
          <Summary numSequencePoints="3" visitedSequencePoints="3" numBranchPoints="1" visitedBranchPoints="1" sequenceCoverage="100" branchCoverage="100" maxCyclomaticComplexity="1" minCyclomaticComplexity="1" maxCrapScore="1" minCrapScore="1" visitedClasses="1" numClasses="1" visitedMethods="1" numMethods="1" />
          <FullName>Projeto_NFe.Dominio.Excecoes.ExcecaoNegocio</FullName>
          <Methods>
            <Method visited="true" cyclomaticComplexity="1" nPathComplexity="0" sequenceCoverage="100" branchCoverage="100" crapScore="1" isConstructor="true" isStatic="false" isGetter="false" isSetter="false">
              <Summary numSequencePoints="3" visitedSequencePoints="3" numBranchPoints="1" visitedBranchPoints="1" sequenceCoverage="100" branchCoverage="100" maxCyclomaticComplexity="1" minCyclomaticComplexity="1" maxCrapScore="1" minCrapScore="1" visitedClasses="0" numClasses="0" visitedMethods="1" numMethods="1" />
              <MetadataToken>100663297</MetadataToken>
              <Name>System.Void Projeto_NFe.Dominio.Excecoes.ExcecaoNegocio::.ctor(System.String)</Name>
              <FileRef uid="1" />
              <SequencePoints>
                <SequencePoint vc="28" uspid="1" ordinal="0" offset="0" sl="11" sc="50" el="11" ec="64" bec="0" bev="0" fileid="1" />
                <SequencePoint vc="28" uspid="2" ordinal="1" offset="8" sl="12" sc="9" el="12" ec="10" bec="0" bev="0" fileid="1" />
                <SequencePoint vc="28" uspid="3" ordinal="2" offset="9" sl="14" sc="9" el="14" ec="10" bec="0" bev="0" fileid="1" />
              </SequencePoints>
              <BranchPoints />
              <MethodPoint xsi:type="SequencePoint" vc="28" uspid="1" ordinal="0" offset="0" sl="11" sc="50" el="11" ec="64" bec="0" bev="0" fileid="1" />
            </Method>
          </Methods>
        </Class>
        <Class>
          <Summary numSequencePoints="3" visitedSequencePoints="3" numBranchPoints="1" visitedBranchPoints="1" sequenceCoverage="100" branchCoverage="100" maxCyclomaticComplexity="1" minCyclomaticComplexity="1" maxCrapScore="1" minCrapScore="1" visitedClasses="1" numClasses="1" visitedMethods="1" numMethods="1" />
          <FullName>Projeto_NFe.Dominio.Excecoes.IdentificadorIndefinidoExcecao</FullName>
          <Methods>
            <Method visited="true" cyclomaticComplexity="1" nPathComplexity="0" sequenceCoverage="100" branchCoverage="100" crapScore="1" isConstructor="true" isStatic="false" isGetter="false" isSetter="false">
              <Summary numSequencePoints="3" visitedSequencePoints="3" numBranchPoints="1" visitedBranchPoints="1" sequenceCoverage="100" branchCoverage="100" maxCyclomaticComplexity="1" minCyclomaticComplexity="1" maxCrapScore="1" minCrapScore="1" visitedClasses="0" numClasses="0" visitedMethods="1" numMethods="1" />
              <MetadataToken>100663298</MetadataToken>
              <Name>System.Void Projeto_NFe.Dominio.Excecoes.IdentificadorIndefinidoExcecao::.ctor()</Name>
              <FileRef uid="2" />
              <SequencePoints>
                <SequencePoint vc="4" uspid="4" ordinal="0" offset="0" sl="11" sc="51" el="11" ec="91" bec="0" bev="0" fileid="2" />
                <SequencePoint vc="4" uspid="5" ordinal="1" offset="12" sl="12" sc="9" el="12" ec="10" bec="0" bev="0" fileid="2" />
                <SequencePoint vc="4" uspid="6" ordinal="2" offset="13" sl="13" sc="9" el="13" ec="10" bec="0" bev="0" fileid="2" />
              </SequencePoints>
              <BranchPoints />
              <MethodPoint xsi:type="SequencePoint" vc="4" uspid="4" ordinal="0" offset="0" sl="11" sc="51" el="11" ec="91" bec="0" bev="0" fileid="2" />
            </Method>
          </Methods>
        </Class>
        <Class>
          <Summary numSequencePoints="34" visitedSequencePoints="34" numBranchPoints="29" visitedBranchPoints="29" sequenceCoverage="100" branchCoverage="100" maxCyclomaticComplexity="17" minCyclomaticComplexity="1" maxCrapScore="17" minCrapScore="2" visitedClasses="1" numClasses="1" visitedMethods="1" numMethods="1" />
          <FullName>Projeto_NFe.Dominio.Caracteristicas.Transportadoras.Transportadora</FullName>
          <Methods>
            <Method skippedDueTo="AutoImplementedProperty" visited="false" cyclomaticComplexity="1" nPathComplexity="0" sequenceCoverage="0" branchCoverage="0" crapScore="0" isConstructor="false" isStatic="false" isGetter="true" isSetter="false">
              <MetadataToken>100663309</MetadataToken>
              <Name>System.Int32 Projeto_NFe.Dominio.Caracteristicas.Transportadoras.Transportadora::get_Id()</Name>
              <FileRef uid="3" />
              <SequencePoints />
              <BranchPoints />
            </Method>
            <Method skippedDueTo="AutoImplementedProperty" visited="false" cyclomaticComplexity="1" nPathComplexity="0" sequenceCoverage="0" branchCoverage="0" crapScore="0" isConstructor="false" isStatic="false" isGetter="false" isSetter="true">
              <MetadataToken>100663310</MetadataToken>
              <Name>System.Void Projeto_NFe.Dominio.Caracteristicas.Transportadoras.Transportadora::set_Id(System.Int32)</Name>
              <FileRef uid="3" />
              <SequencePoints />
              <BranchPoints />
            </Method>
            <Method skippedDueTo="AutoImplementedProperty" visited="false" cyclomaticComplexity="1" nPathComplexity="0" sequenceCoverage="0" branchCoverage="0" crapScore="0" isConstructor="false" isStatic="false" isGetter="true" isSetter="false">
              <MetadataToken>100663311</MetadataToken>
              <Name>System.String Projeto_NFe.Dominio.Caracteristicas.Transportadoras.Transportadora::get_Nome()</Name>
              <FileRef uid="3" />
              <SequencePoints />
              <BranchPoints />
            </Method>
            <Method skippedDueTo="AutoImplementedProperty" visited="false" cyclomaticComplexity="1" nPathComplexity="0" sequenceCoverage="0" branchCoverage="0" crapScore="0" isConstructor="false" isStatic="false" isGetter="false" isSetter="true">
              <MetadataToken>100663312</MetadataToken>
              <Name>System.Void Projeto_NFe.Dominio.Caracteristicas.Transportadoras.Transportadora::set_Nome(System.String)</Name>
              <FileRef uid="3" />
              <SequencePoints />
              <BranchPoints />
            </Method>
            <Method skippedDueTo="AutoImplementedProperty" visited="false" cyclomaticComplexity="1" nPathComplexity="0" sequenceCoverage="0" branchCoverage="0" crapScore="0" isConstructor="false" isStatic="false" isGetter="true" isSetter="false">
              <MetadataToken>100663313</MetadataToken>
              <Name>System.String Projeto_NFe.Dominio.Caracteristicas.Transportadoras.Transportadora::get_RazaoSocial()</Name>
              <FileRef uid="3" />
              <SequencePoints />
              <BranchPoints />
            </Method>
            <Method skippedDueTo="AutoImplementedProperty" visited="false" cyclomaticComplexity="1" nPathComplexity="0" sequenceCoverage="0" branchCoverage="0" crapScore="0" isConstructor="false" isStatic="false" isGetter="false" isSetter="true">
              <MetadataToken>100663314</MetadataToken>
              <Name>System.Void Projeto_NFe.Dominio.Caracteristicas.Transportadoras.Transportadora::set_RazaoSocial(System.String)</Name>
              <FileRef uid="3" />
              <SequencePoints />
              <BranchPoints />
            </Method>
            <Method skippedDueTo="AutoImplementedProperty" visited="false" cyclomaticComplexity="1" nPathComplexity="0" sequenceCoverage="0" branchCoverage="0" crapScore="0" isConstructor="false" isStatic="false" isGetter="true" isSetter="false">
              <MetadataToken>100663315</MetadataToken>
              <Name>System.String Projeto_NFe.Dominio.Caracteristicas.Transportadoras.Transportadora::get_CNPJ()</Name>
              <FileRef uid="3" />
              <SequencePoints />
              <BranchPoints />
            </Method>
            <Method skippedDueTo="AutoImplementedProperty" visited="false" cyclomaticComplexity="1" nPathComplexity="0" sequenceCoverage="0" branchCoverage="0" crapScore="0" isConstructor="false" isStatic="false" isGetter="false" isSetter="true">
              <MetadataToken>100663316</MetadataToken>
              <Name>System.Void Projeto_NFe.Dominio.Caracteristicas.Transportadoras.Transportadora::set_CNPJ(System.String)</Name>
              <FileRef uid="3" />
              <SequencePoints />
              <BranchPoints />
            </Method>
            <Method skippedDueTo="AutoImplementedProperty" visited="false" cyclomaticComplexity="1" nPathComplexity="0" sequenceCoverage="0" branchCoverage="0" crapScore="0" isConstructor="false" isStatic="false" isGetter="true" isSetter="false">
              <MetadataToken>100663317</MetadataToken>
              <Name>System.String Projeto_NFe.Dominio.Caracteristicas.Transportadoras.Transportadora::get_CPF()</Name>
              <FileRef uid="3" />
              <SequencePoints />
              <BranchPoints />
            </Method>
            <Method skippedDueTo="AutoImplementedProperty" visited="false" cyclomaticComplexity="1" nPathComplexity="0" sequenceCoverage="0" branchCoverage="0" crapScore="0" isConstructor="false" isStatic="false" isGetter="false" isSetter="true">
              <MetadataToken>100663318</MetadataToken>
              <Name>System.Void Projeto_NFe.Dominio.Caracteristicas.Transportadoras.Transportadora::set_CPF(System.String)</Name>
              <FileRef uid="3" />
              <SequencePoints />
              <BranchPoints />
            </Method>
            <Method skippedDueTo="AutoImplementedProperty" visited="false" cyclomaticComplexity="1" nPathComplexity="0" sequenceCoverage="0" branchCoverage="0" crapScore="0" isConstructor="false" isStatic="false" isGetter="true" isSetter="false">
              <MetadataToken>100663319</MetadataToken>
              <Name>System.String Projeto_NFe.Dominio.Caracteristicas.Transportadoras.Transportadora::get_InscricaoEstadual()</Name>
              <FileRef uid="3" />
              <SequencePoints />
              <BranchPoints />
            </Method>
            <Method skippedDueTo="AutoImplementedProperty" visited="false" cyclomaticComplexity="1" nPathComplexity="0" sequenceCoverage="0" branchCoverage="0" crapScore="0" isConstructor="false" isStatic="false" isGetter="false" isSetter="true">
              <MetadataToken>100663320</MetadataToken>
              <Name>System.Void Projeto_NFe.Dominio.Caracteristicas.Transportadoras.Transportadora::set_InscricaoEstadual(System.String)</Name>
              <FileRef uid="3" />
              <SequencePoints />
              <BranchPoints />
            </Method>
            <Method skippedDueTo="AutoImplementedProperty" visited="false" cyclomaticComplexity="1" nPathComplexity="0" sequenceCoverage="0" branchCoverage="0" crapScore="0" isConstructor="false" isStatic="false" isGetter="true" isSetter="false">
              <MetadataToken>100663321</MetadataToken>
              <Name>System.Boolean Projeto_NFe.Dominio.Caracteristicas.Transportadoras.Transportadora::get_ResponsabilidadeFrete()</Name>
              <FileRef uid="3" />
              <SequencePoints />
              <BranchPoints />
            </Method>
            <Method skippedDueTo="AutoImplementedProperty" visited="false" cyclomaticComplexity="1" nPathComplexity="0" sequenceCoverage="0" branchCoverage="0" crapScore="0" isConstructor="false" isStatic="false" isGetter="false" isSetter="true">
              <MetadataToken>100663322</MetadataToken>
              <Name>System.Void Projeto_NFe.Dominio.Caracteristicas.Transportadoras.Transportadora::set_ResponsabilidadeFrete(System.Boolean)</Name>
              <FileRef uid="3" />
              <SequencePoints />
              <BranchPoints />
            </Method>
            <Method skippedDueTo="AutoImplementedProperty" visited="false" cyclomaticComplexity="1" nPathComplexity="0" sequenceCoverage="0" branchCoverage="0" crapScore="0" isConstructor="false" isStatic="false" isGetter="true" isSetter="false">
              <MetadataToken>100663323</MetadataToken>
              <Name>Projeto_NFe.Dominio.Caracteristicas.Enderecos.Endereco Projeto_NFe.Dominio.Caracteristicas.Transportadoras.Transportadora::get_EnderecoTransportadora()</Name>
              <FileRef uid="3" />
              <SequencePoints />
              <BranchPoints />
            </Method>
            <Method skippedDueTo="AutoImplementedProperty" visited="false" cyclomaticComplexity="1" nPathComplexity="0" sequenceCoverage="0" branchCoverage="0" crapScore="0" isConstructor="false" isStatic="false" isGetter="false" isSetter="true">
              <MetadataToken>100663324</MetadataToken>
              <Name>System.Void Projeto_NFe.Dominio.Caracteristicas.Transportadoras.Transportadora::set_EnderecoTransportadora(Projeto_NFe.Dominio.Caracteristicas.Enderecos.Endereco)</Name>
              <FileRef uid="3" />
              <SequencePoints />
              <BranchPoints />
            </Method>
            <Method skippedDueTo="AutoImplementedProperty" visited="false" cyclomaticComplexity="1" nPathComplexity="0" sequenceCoverage="0" branchCoverage="0" crapScore="0" isConstructor="false" isStatic="false" isGetter="true" isSetter="false">
              <MetadataToken>100663325</MetadataToken>
              <Name>Projeto_NFe.Dominio.Utils.EnumTipoPessoa Projeto_NFe.Dominio.Caracteristicas.Transportadoras.Transportadora::get_TipoPessoa()</Name>
              <FileRef uid="3" />
              <SequencePoints />
              <BranchPoints />
            </Method>
            <Method skippedDueTo="AutoImplementedProperty" visited="false" cyclomaticComplexity="1" nPathComplexity="0" sequenceCoverage="0" branchCoverage="0" crapScore="0" isConstructor="false" isStatic="false" isGetter="false" isSetter="true">
              <MetadataToken>100663326</MetadataToken>
              <Name>System.Void Projeto_NFe.Dominio.Caracteristicas.Transportadoras.Transportadora::set_TipoPessoa(Projeto_NFe.Dominio.Utils.EnumTipoPessoa)</Name>
              <FileRef uid="3" />
              <SequencePoints />
              <BranchPoints />
            </Method>
            <Method visited="true" cyclomaticComplexity="17" nPathComplexity="16384" sequenceCoverage="100" branchCoverage="100" crapScore="17" isConstructor="false" isStatic="false" isGetter="false" isSetter="false">
              <Summary numSequencePoints="34" visitedSequencePoints="34" numBranchPoints="29" visitedBranchPoints="29" sequenceCoverage="100" branchCoverage="100" maxCyclomaticComplexity="17" minCyclomaticComplexity="17" maxCrapScore="17" minCrapScore="17" visitedClasses="0" numClasses="0" visitedMethods="1" numMethods="1" />
              <MetadataToken>100663327</MetadataToken>
              <Name>System.Void Projeto_NFe.Dominio.Caracteristicas.Transportadoras.Transportadora::Validar()</Name>
              <FileRef uid="3" />
              <SequencePoints>
                <SequencePoint vc="27" uspid="7" ordinal="0" offset="0" sl="25" sc="9" el="25" ec="10" bec="0" bev="0" fileid="3" />
                <SequencePoint vc="27" uspid="8" ordinal="1" offset="1" sl="26" sc="13" el="26" ec="58" bec="2" bev="2" fileid="3" />
                <SequencePoint vc="14" uspid="9" ordinal="2" offset="17" sl="27" sc="13" el="27" ec="14" bec="0" bev="0" fileid="3" />
                <SequencePoint vc="14" uspid="10" ordinal="3" offset="18" sl="28" sc="17" el="28" ec="57" bec="2" bev="2" fileid="3" />
                <SequencePoint vc="2" uspid="11" ordinal="4" offset="54" sl="28" sc="58" el="28" ec="104" bec="0" bev="0" fileid="3" />
                <SequencePoint vc="12" uspid="12" ordinal="5" offset="60" sl="29" sc="17" el="29" ec="77" bec="0" bev="0" fileid="3" />
                <SequencePoint vc="12" uspid="13" ordinal="6" offset="77" sl="30" sc="17" el="30" ec="64" bec="2" bev="2" fileid="3" />
                <SequencePoint vc="2" uspid="14" ordinal="7" offset="101" sl="30" sc="65" el="30" ec="110" bec="0" bev="0" fileid="3" />
                <SequencePoint vc="10" uspid="15" ordinal="8" offset="107" sl="31" sc="17" el="31" ec="52" bec="2" bev="2" fileid="3" />
                <SequencePoint vc="2" uspid="16" ordinal="9" offset="122" sl="31" sc="53" el="31" ec="103" bec="0" bev="0" fileid="3" />
                <SequencePoint vc="8" uspid="17" ordinal="10" offset="128" sl="32" sc="17" el="32" ec="49" bec="2" bev="2" fileid="3" />
                <SequencePoint vc="2" uspid="18" ordinal="11" offset="148" sl="32" sc="50" el="32" ec="114" bec="0" bev="0" fileid="3" />
                <SequencePoint vc="6" uspid="19" ordinal="12" offset="154" sl="33" sc="17" el="33" ec="56" bec="2" bev="2" fileid="3" />
                <SequencePoint vc="2" uspid="20" ordinal="13" offset="174" sl="33" sc="57" el="33" ec="128" bec="0" bev="0" fileid="3" />
                <SequencePoint vc="4" uspid="21" ordinal="14" offset="180" sl="34" sc="17" el="34" ec="62" bec="2" bev="2" fileid="3" />
                <SequencePoint vc="2" uspid="22" ordinal="15" offset="200" sl="34" sc="63" el="34" ec="140" bec="0" bev="0" fileid="3" />
                <SequencePoint vc="2" uspid="23" ordinal="16" offset="206" sl="35" sc="13" el="35" ec="14" bec="0" bev="0" fileid="3" />
                <SequencePoint vc="15" uspid="24" ordinal="17" offset="207" sl="36" sc="13" el="36" ec="60" bec="2" bev="2" fileid="3" />
                <SequencePoint vc="13" uspid="25" ordinal="18" offset="225" sl="37" sc="13" el="37" ec="14" bec="0" bev="0" fileid="3" />
                <SequencePoint vc="13" uspid="26" ordinal="19" offset="226" sl="38" sc="17" el="38" ec="71" bec="2" bev="2" fileid="3" />
                <SequencePoint vc="2" uspid="27" ordinal="20" offset="264" sl="38" sc="72" el="38" ec="125" bec="0" bev="0" fileid="3" />
                <SequencePoint vc="11" uspid="28" ordinal="21" offset="270" sl="39" sc="17" el="39" ec="78" bec="0" bev="0" fileid="3" />
                <SequencePoint vc="11" uspid="29" ordinal="22" offset="288" sl="40" sc="17" el="40" ec="65" bec="2" bev="2" fileid="3" />
                <SequencePoint vc="2" uspid="30" ordinal="23" offset="315" sl="40" sc="66" el="40" ec="112" bec="0" bev="0" fileid="3" />
                <SequencePoint vc="9" uspid="31" ordinal="24" offset="321" sl="41" sc="17" el="41" ec="52" bec="2" bev="2" fileid="3" />
                <SequencePoint vc="2" uspid="32" ordinal="25" offset="336" sl="41" sc="53" el="41" ec="103" bec="0" bev="0" fileid="3" />
                <SequencePoint vc="7" uspid="33" ordinal="26" offset="342" sl="42" sc="17" el="42" ec="48" bec="2" bev="2" fileid="3" />
                <SequencePoint vc="2" uspid="34" ordinal="27" offset="362" sl="42" sc="49" el="42" ec="114" bec="0" bev="0" fileid="3" />
                <SequencePoint vc="5" uspid="35" ordinal="28" offset="368" sl="43" sc="17" el="43" ec="49" bec="2" bev="2" fileid="3" />
                <SequencePoint vc="2" uspid="36" ordinal="29" offset="388" sl="43" sc="50" el="43" ec="116" bec="0" bev="0" fileid="3" />
                <SequencePoint vc="3" uspid="37" ordinal="30" offset="394" sl="44" sc="17" el="44" ec="61" bec="2" bev="2" fileid="3" />
                <SequencePoint vc="2" uspid="38" ordinal="31" offset="411" sl="44" sc="62" el="44" ec="121" bec="0" bev="0" fileid="3" />
                <SequencePoint vc="1" uspid="39" ordinal="32" offset="417" sl="45" sc="13" el="45" ec="14" bec="0" bev="0" fileid="3" />
                <SequencePoint vc="3" uspid="40" ordinal="33" offset="418" sl="46" sc="9" el="46" ec="10" bec="0" bev="0" fileid="3" />
              </SequencePoints>
              <BranchPoints>
                <BranchPoint vc="14" uspid="41" ordinal="0" offset="12" sl="26" path="0" offsetend="17" fileid="3" />
                <BranchPoint vc="13" uspid="42" ordinal="1" offset="12" sl="26" path="1" offsetend="207" fileid="3" />
                <BranchPoint vc="2" uspid="45" ordinal="4" offset="52" sl="28" path="0" offsetend="54" fileid="3" />
                <BranchPoint vc="12" uspid="46" ordinal="5" offset="52" sl="28" path="1" offsetend="60" fileid="3" />
                <BranchPoint vc="2" uspid="47" ordinal="6" offset="99" sl="30" path="0" offsetend="101" fileid="3" />
                <BranchPoint vc="10" uspid="48" ordinal="7" offset="99" sl="30" path="1" offsetend="107" fileid="3" />
                <BranchPoint vc="2" uspid="49" ordinal="8" offset="120" sl="31" path="0" offsetend="122" fileid="3" />
                <BranchPoint vc="8" uspid="50" ordinal="9" offset="120" sl="31" path="1" offsetend="128" fileid="3" />
                <BranchPoint vc="2" uspid="51" ordinal="10" offset="146" sl="32" path="0" offsetend="148" fileid="3" />
                <BranchPoint vc="6" uspid="52" ordinal="11" offset="146" sl="32" path="1" offsetend="154" fileid="3" />
                <BranchPoint vc="2" uspid="53" ordinal="12" offset="172" sl="33" path="0" offsetend="174" fileid="3" />
                <BranchPoint vc="4" uspid="54" ordinal="13" offset="172" sl="33" path="1" offsetend="180" fileid="3" />
                <BranchPoint vc="2" uspid="55" ordinal="14" offset="198" sl="34" path="0" offsetend="200" fileid="3" />
                <BranchPoint vc="2" uspid="56" ordinal="15" offset="198" sl="34" path="1" offsetend="206" fileid="3" />
                <BranchPoint vc="13" uspid="57" ordinal="16" offset="220" sl="36" path="0" offsetend="225" fileid="3" />
                <BranchPoint vc="2" uspid="58" ordinal="17" offset="220" sl="36" path="1" offsetend="418" fileid="3" />
                <BranchPoint vc="2" uspid="61" ordinal="20" offset="262" sl="38" path="0" offsetend="264" fileid="3" />
                <BranchPoint vc="11" uspid="62" ordinal="21" offset="262" sl="38" path="1" offsetend="270" fileid="3" />
                <BranchPoint vc="2" uspid="63" ordinal="22" offset="313" sl="40" path="0" offsetend="315" fileid="3" />
                <BranchPoint vc="9" uspid="64" ordinal="23" offset="313" sl="40" path="1" offsetend="321" fileid="3" />
                <BranchPoint vc="2" uspid="65" ordinal="24" offset="334" sl="41" path="0" offsetend="336" fileid="3" />
                <BranchPoint vc="7" uspid="66" ordinal="25" offset="334" sl="41" path="1" offsetend="342" fileid="3" />
                <BranchPoint vc="2" uspid="67" ordinal="26" offset="360" sl="42" path="0" offsetend="362" fileid="3" />
                <BranchPoint vc="5" uspid="68" ordinal="27" offset="360" sl="42" path="1" offsetend="368" fileid="3" />
                <BranchPoint vc="2" uspid="69" ordinal="28" offset="386" sl="43" path="0" offsetend="388" fileid="3" />
                <BranchPoint vc="3" uspid="70" ordinal="29" offset="386" sl="43" path="1" offsetend="394" fileid="3" />
                <BranchPoint vc="2" uspid="71" ordinal="30" offset="409" sl="44" path="0" offsetend="411" fileid="3" />
                <BranchPoint vc="1" uspid="72" ordinal="31" offset="409" sl="44" path="1" offsetend="417" fileid="3" />
              </BranchPoints>
              <MethodPoint xsi:type="SequencePoint" vc="27" uspid="7" ordinal="0" offset="0" sl="25" sc="9" el="25" ec="10" bec="0" bev="0" fileid="3" />
            </Method>
            <Method visited="false" cyclomaticComplexity="1" nPathComplexity="0" sequenceCoverage="0" branchCoverage="0" crapScore="2" isConstructor="true" isStatic="false" isGetter="false" isSetter="false">
              <Summary numSequencePoints="0" visitedSequencePoints="0" numBranchPoints="0" visitedBranchPoints="0" sequenceCoverage="0" branchCoverage="0" maxCyclomaticComplexity="1" minCyclomaticComplexity="1" maxCrapScore="2" minCrapScore="2" visitedClasses="0" numClasses="0" visitedMethods="0" numMethods="0" />
              <MetadataToken>100663328</MetadataToken>
              <Name>System.Void Projeto_NFe.Dominio.Caracteristicas.Transportadoras.Transportadora::.ctor()</Name>
              <SequencePoints />
              <BranchPoints />
              <MethodPoint vc="0" uspid="73" ordinal="0" offset="0" />
            </Method>
          </Methods>
        </Class>
        <Class>
          <Summary numSequencePoints="3" visitedSequencePoints="3" numBranchPoints="1" visitedBranchPoints="1" sequenceCoverage="100" branchCoverage="100" maxCyclomaticComplexity="1" minCyclomaticComplexity="1" maxCrapScore="1" minCrapScore="1" visitedClasses="1" numClasses="1" visitedMethods="1" numMethods="1" />
          <FullName>Projeto_NFe.Dominio.Caracteristicas.Transportadoras.TransportadoraCNPJInvalidoExcecao</FullName>
          <Methods>
            <Method visited="true" cyclomaticComplexity="1" nPathComplexity="0" sequenceCoverage="100" branchCoverage="100" crapScore="1" isConstructor="true" isStatic="false" isGetter="false" isSetter="false">
              <Summary numSequencePoints="3" visitedSequencePoints="3" numBranchPoints="1" visitedBranchPoints="1" sequenceCoverage="100" branchCoverage="100" maxCyclomaticComplexity="1" minCyclomaticComplexity="1" maxCrapScore="1" minCrapScore="1" visitedClasses="0" numClasses="0" visitedMethods="1" numMethods="1" />
              <MetadataToken>100663329</MetadataToken>
              <Name>System.Void Projeto_NFe.Dominio.Caracteristicas.Transportadoras.TransportadoraCNPJInvalidoExcecao::.ctor()</Name>
              <FileRef uid="4" />
              <SequencePoints>
                <SequencePoint vc="2" uspid="74" ordinal="0" offset="0" sl="12" sc="54" el="12" ec="86" bec="0" bev="0" fileid="4" />
                <SequencePoint vc="2" uspid="75" ordinal="1" offset="12" sl="13" sc="9" el="13" ec="10" bec="0" bev="0" fileid="4" />
                <SequencePoint vc="2" uspid="76" ordinal="2" offset="13" sl="14" sc="9" el="14" ec="10" bec="0" bev="0" fileid="4" />
              </SequencePoints>
              <BranchPoints />
              <MethodPoint xsi:type="SequencePoint" vc="2" uspid="74" ordinal="0" offset="0" sl="12" sc="54" el="12" ec="86" bec="0" bev="0" fileid="4" />
            </Method>
          </Methods>
        </Class>
        <Class>
          <Summary numSequencePoints="3" visitedSequencePoints="3" numBranchPoints="1" visitedBranchPoints="1" sequenceCoverage="100" branchCoverage="100" maxCyclomaticComplexity="1" minCyclomaticComplexity="1" maxCrapScore="1" minCrapScore="1" visitedClasses="1" numClasses="1" visitedMethods="1" numMethods="1" />
          <FullName>Projeto_NFe.Dominio.Caracteristicas.Transportadoras.TransportadoraCPFInvalidoExcecao</FullName>
          <Methods>
            <Method visited="true" cyclomaticComplexity="1" nPathComplexity="0" sequenceCoverage="100" branchCoverage="100" crapScore="1" isConstructor="true" isStatic="false" isGetter="false" isSetter="false">
              <Summary numSequencePoints="3" visitedSequencePoints="3" numBranchPoints="1" visitedBranchPoints="1" sequenceCoverage="100" branchCoverage="100" maxCyclomaticComplexity="1" minCyclomaticComplexity="1" maxCrapScore="1" minCrapScore="1" visitedClasses="0" numClasses="0" visitedMethods="1" numMethods="1" />
              <MetadataToken>100663330</MetadataToken>
              <Name>System.Void Projeto_NFe.Dominio.Caracteristicas.Transportadoras.TransportadoraCPFInvalidoExcecao::.ctor()</Name>
              <FileRef uid="5" />
              <SequencePoints>
                <SequencePoint vc="2" uspid="77" ordinal="0" offset="0" sl="12" sc="53" el="12" ec="87" bec="0" bev="0" fileid="5" />
                <SequencePoint vc="2" uspid="78" ordinal="1" offset="12" sl="13" sc="9" el="13" ec="10" bec="0" bev="0" fileid="5" />
                <SequencePoint vc="2" uspid="79" ordinal="2" offset="13" sl="14" sc="9" el="14" ec="10" bec="0" bev="0" fileid="5" />
              </SequencePoints>
              <BranchPoints />
              <MethodPoint xsi:type="SequencePoint" vc="2" uspid="77" ordinal="0" offset="0" sl="12" sc="53" el="12" ec="87" bec="0" bev="0" fileid="5" />
            </Method>
          </Methods>
        </Class>
        <Class>
          <Summary numSequencePoints="3" visitedSequencePoints="3" numBranchPoints="1" visitedBranchPoints="1" sequenceCoverage="100" branchCoverage="100" maxCyclomaticComplexity="1" minCyclomaticComplexity="1" maxCrapScore="1" minCrapScore="1" visitedClasses="1" numClasses="1" visitedMethods="1" numMethods="1" />
          <FullName>Projeto_NFe.Dominio.Caracteristicas.Transportadoras.TransportadoraEnderecoInvalidoExcecao</FullName>
          <Methods>
            <Method visited="true" cyclomaticComplexity="1" nPathComplexity="0" sequenceCoverage="100" branchCoverage="100" crapScore="1" isConstructor="true" isStatic="false" isGetter="false" isSetter="false">
              <Summary numSequencePoints="3" visitedSequencePoints="3" numBranchPoints="1" visitedBranchPoints="1" sequenceCoverage="100" branchCoverage="100" maxCyclomaticComplexity="1" minCyclomaticComplexity="1" maxCrapScore="1" minCrapScore="1" visitedClasses="0" numClasses="0" visitedMethods="1" numMethods="1" />
              <MetadataToken>100663331</MetadataToken>
              <Name>System.Void Projeto_NFe.Dominio.Caracteristicas.Transportadoras.TransportadoraEnderecoInvalidoExcecao::.ctor()</Name>
              <FileRef uid="6" />
              <SequencePoints>
                <SequencePoint vc="4" uspid="80" ordinal="0" offset="0" sl="12" sc="58" el="12" ec="90" bec="0" bev="0" fileid="6" />
                <SequencePoint vc="4" uspid="81" ordinal="1" offset="12" sl="13" sc="9" el="13" ec="10" bec="0" bev="0" fileid="6" />
                <SequencePoint vc="4" uspid="82" ordinal="2" offset="13" sl="14" sc="9" el="14" ec="10" bec="0" bev="0" fileid="6" />
              </SequencePoints>
              <BranchPoints />
              <MethodPoint xsi:type="SequencePoint" vc="4" uspid="80" ordinal="0" offset="0" sl="12" sc="58" el="12" ec="90" bec="0" bev="0" fileid="6" />
            </Method>
          </Methods>
        </Class>
        <Class>
          <Summary numSequencePoints="3" visitedSequencePoints="3" numBranchPoints="1" visitedBranchPoints="1" sequenceCoverage="100" branchCoverage="100" maxCyclomaticComplexity="1" minCyclomaticComplexity="1" maxCrapScore="1" minCrapScore="1" visitedClasses="1" numClasses="1" visitedMethods="1" numMethods="1" />
          <FullName>Projeto_NFe.Dominio.Caracteristicas.Transportadoras.TransportadoraInscricaoEstadualInvalidaExcecao</FullName>
          <Methods>
            <Method visited="true" cyclomaticComplexity="1" nPathComplexity="0" sequenceCoverage="100" branchCoverage="100" crapScore="1" isConstructor="true" isStatic="false" isGetter="false" isSetter="false">
              <Summary numSequencePoints="3" visitedSequencePoints="3" numBranchPoints="1" visitedBranchPoints="1" sequenceCoverage="100" branchCoverage="100" maxCyclomaticComplexity="1" minCyclomaticComplexity="1" maxCrapScore="1" minCrapScore="1" visitedClasses="0" numClasses="0" visitedMethods="1" numMethods="1" />
              <MetadataToken>100663332</MetadataToken>
              <Name>System.Void Projeto_NFe.Dominio.Caracteristicas.Transportadoras.TransportadoraInscricaoEstadualInvalidaExcecao::.ctor()</Name>
              <FileRef uid="7" />
              <SequencePoints>
                <SequencePoint vc="2" uspid="83" ordinal="0" offset="0" sl="12" sc="67" el="12" ec="113" bec="0" bev="0" fileid="7" />
                <SequencePoint vc="2" uspid="84" ordinal="1" offset="12" sl="13" sc="9" el="13" ec="10" bec="0" bev="0" fileid="7" />
                <SequencePoint vc="2" uspid="85" ordinal="2" offset="13" sl="14" sc="9" el="14" ec="10" bec="0" bev="0" fileid="7" />
              </SequencePoints>
              <BranchPoints />
              <MethodPoint xsi:type="SequencePoint" vc="2" uspid="83" ordinal="0" offset="0" sl="12" sc="67" el="12" ec="113" bec="0" bev="0" fileid="7" />
            </Method>
          </Methods>
        </Class>
        <Class>
          <Summary numSequencePoints="3" visitedSequencePoints="3" numBranchPoints="1" visitedBranchPoints="1" sequenceCoverage="100" branchCoverage="100" maxCyclomaticComplexity="1" minCyclomaticComplexity="1" maxCrapScore="1" minCrapScore="1" visitedClasses="1" numClasses="1" visitedMethods="1" numMethods="1" />
          <FullName>Projeto_NFe.Dominio.Caracteristicas.Transportadoras.TransportadoraPessoaFisicaNaoPodePossuirCNPJExcecao</FullName>
          <Methods>
            <Method visited="true" cyclomaticComplexity="1" nPathComplexity="0" sequenceCoverage="100" branchCoverage="100" crapScore="1" isConstructor="true" isStatic="false" isGetter="false" isSetter="false">
              <Summary numSequencePoints="3" visitedSequencePoints="3" numBranchPoints="1" visitedBranchPoints="1" sequenceCoverage="100" branchCoverage="100" maxCyclomaticComplexity="1" minCyclomaticComplexity="1" maxCrapScore="1" minCrapScore="1" visitedClasses="0" numClasses="0" visitedMethods="1" numMethods="1" />
              <MetadataToken>100663333</MetadataToken>
              <Name>System.Void Projeto_NFe.Dominio.Caracteristicas.Transportadoras.TransportadoraPessoaFisicaNaoPodePossuirCNPJExcecao::.ctor()</Name>
              <FileRef uid="8" />
              <SequencePoints>
                <SequencePoint vc="2" uspid="86" ordinal="0" offset="0" sl="12" sc="72" el="12" ec="115" bec="0" bev="0" fileid="8" />
                <SequencePoint vc="2" uspid="87" ordinal="1" offset="12" sl="13" sc="9" el="13" ec="10" bec="0" bev="0" fileid="8" />
                <SequencePoint vc="2" uspid="88" ordinal="2" offset="13" sl="14" sc="9" el="14" ec="10" bec="0" bev="0" fileid="8" />
              </SequencePoints>
              <BranchPoints />
              <MethodPoint xsi:type="SequencePoint" vc="2" uspid="86" ordinal="0" offset="0" sl="12" sc="72" el="12" ec="115" bec="0" bev="0" fileid="8" />
            </Method>
          </Methods>
        </Class>
        <Class>
          <Summary numSequencePoints="3" visitedSequencePoints="3" numBranchPoints="1" visitedBranchPoints="1" sequenceCoverage="100" branchCoverage="100" maxCyclomaticComplexity="1" minCyclomaticComplexity="1" maxCrapScore="1" minCrapScore="1" visitedClasses="1" numClasses="1" visitedMethods="1" numMethods="1" />
          <FullName>Projeto_NFe.Dominio.Caracteristicas.Transportadoras.TransportadoraPessoaJuridicaNaoPodePossuirCPFExcecao</FullName>
          <Methods>
            <Method visited="true" cyclomaticComplexity="1" nPathComplexity="0" sequenceCoverage="100" branchCoverage="100" crapScore="1" isConstructor="true" isStatic="false" isGetter="false" isSetter="false">
              <Summary numSequencePoints="3" visitedSequencePoints="3" numBranchPoints="1" visitedBranchPoints="1" sequenceCoverage="100" branchCoverage="100" maxCyclomaticComplexity="1" minCyclomaticComplexity="1" maxCrapScore="1" minCrapScore="1" visitedClasses="0" numClasses="0" visitedMethods="1" numMethods="1" />
              <MetadataToken>100663334</MetadataToken>
              <Name>System.Void Projeto_NFe.Dominio.Caracteristicas.Transportadoras.TransportadoraPessoaJuridicaNaoPodePossuirCPFExcecao::.ctor()</Name>
              <FileRef uid="9" />
              <SequencePoints>
                <SequencePoint vc="2" uspid="89" ordinal="0" offset="0" sl="12" sc="73" el="12" ec="117" bec="0" bev="0" fileid="9" />
                <SequencePoint vc="2" uspid="90" ordinal="1" offset="12" sl="13" sc="9" el="13" ec="10" bec="0" bev="0" fileid="9" />
                <SequencePoint vc="2" uspid="91" ordinal="2" offset="13" sl="14" sc="9" el="14" ec="10" bec="0" bev="0" fileid="9" />
              </SequencePoints>
              <BranchPoints />
              <MethodPoint xsi:type="SequencePoint" vc="2" uspid="89" ordinal="0" offset="0" sl="12" sc="73" el="12" ec="117" bec="0" bev="0" fileid="9" />
            </Method>
          </Methods>
        </Class>
        <Class>
          <Summary numSequencePoints="3" visitedSequencePoints="3" numBranchPoints="1" visitedBranchPoints="1" sequenceCoverage="100" branchCoverage="100" maxCyclomaticComplexity="1" minCyclomaticComplexity="1" maxCrapScore="1" minCrapScore="1" visitedClasses="1" numClasses="1" visitedMethods="1" numMethods="1" />
          <FullName>Projeto_NFe.Dominio.Caracteristicas.Transportadoras.TransportadoraPessoaJuridicaNaoPodePossuirNomeExcecao</FullName>
          <Methods>
            <Method visited="true" cyclomaticComplexity="1" nPathComplexity="0" sequenceCoverage="100" branchCoverage="100" crapScore="1" isConstructor="true" isStatic="false" isGetter="false" isSetter="false">
              <Summary numSequencePoints="3" visitedSequencePoints="3" numBranchPoints="1" visitedBranchPoints="1" sequenceCoverage="100" branchCoverage="100" maxCyclomaticComplexity="1" minCyclomaticComplexity="1" maxCrapScore="1" minCrapScore="1" visitedClasses="0" numClasses="0" visitedMethods="1" numMethods="1" />
              <MetadataToken>100663335</MetadataToken>
              <Name>System.Void Projeto_NFe.Dominio.Caracteristicas.Transportadoras.TransportadoraPessoaJuridicaNaoPodePossuirNomeExcecao::.ctor()</Name>
              <FileRef uid="10" />
              <SequencePoints>
                <SequencePoint vc="2" uspid="92" ordinal="0" offset="0" sl="12" sc="74" el="12" ec="119" bec="0" bev="0" fileid="10" />
                <SequencePoint vc="2" uspid="93" ordinal="1" offset="12" sl="13" sc="9" el="13" ec="10" bec="0" bev="0" fileid="10" />
                <SequencePoint vc="2" uspid="94" ordinal="2" offset="13" sl="14" sc="9" el="14" ec="10" bec="0" bev="0" fileid="10" />
              </SequencePoints>
              <BranchPoints />
              <MethodPoint xsi:type="SequencePoint" vc="2" uspid="92" ordinal="0" offset="0" sl="12" sc="74" el="12" ec="119" bec="0" bev="0" fileid="10" />
            </Method>
          </Methods>
        </Class>
        <Class>
          <Summary numSequencePoints="3" visitedSequencePoints="3" numBranchPoints="1" visitedBranchPoints="1" sequenceCoverage="100" branchCoverage="100" maxCyclomaticComplexity="1" minCyclomaticComplexity="1" maxCrapScore="1" minCrapScore="1" visitedClasses="1" numClasses="1" visitedMethods="1" numMethods="1" />
          <FullName>Projeto_NFe.Dominio.Caracteristicas.Transportadoras.TransportadoraNomeInvalidoExcecao</FullName>
          <Methods>
            <Method visited="true" cyclomaticComplexity="1" nPathComplexity="0" sequenceCoverage="100" branchCoverage="100" crapScore="1" isConstructor="true" isStatic="false" isGetter="false" isSetter="false">
              <Summary numSequencePoints="3" visitedSequencePoints="3" numBranchPoints="1" visitedBranchPoints="1" sequenceCoverage="100" branchCoverage="100" maxCyclomaticComplexity="1" minCyclomaticComplexity="1" maxCrapScore="1" minCrapScore="1" visitedClasses="0" numClasses="0" visitedMethods="1" numMethods="1" />
              <MetadataToken>100663336</MetadataToken>
              <Name>System.Void Projeto_NFe.Dominio.Caracteristicas.Transportadoras.TransportadoraNomeInvalidoExcecao::.ctor()</Name>
              <FileRef uid="11" />
              <SequencePoints>
                <SequencePoint vc="2" uspid="95" ordinal="0" offset="0" sl="12" sc="54" el="12" ec="114" bec="0" bev="0" fileid="11" />
                <SequencePoint vc="2" uspid="96" ordinal="1" offset="12" sl="13" sc="9" el="13" ec="10" bec="0" bev="0" fileid="11" />
                <SequencePoint vc="2" uspid="97" ordinal="2" offset="13" sl="14" sc="9" el="14" ec="10" bec="0" bev="0" fileid="11" />
              </SequencePoints>
              <BranchPoints />
              <MethodPoint xsi:type="SequencePoint" vc="2" uspid="95" ordinal="0" offset="0" sl="12" sc="54" el="12" ec="114" bec="0" bev="0" fileid="11" />
            </Method>
          </Methods>
        </Class>
        <Class>
          <Summary numSequencePoints="3" visitedSequencePoints="3" numBranchPoints="1" visitedBranchPoints="1" sequenceCoverage="100" branchCoverage="100" maxCyclomaticComplexity="1" minCyclomaticComplexity="1" maxCrapScore="1" minCrapScore="1" visitedClasses="1" numClasses="1" visitedMethods="1" numMethods="1" />
          <FullName>Projeto_NFe.Dominio.Caracteristicas.Transportadoras.TransportadoraPessoaFisicaNaoPodePossuirInscricaoEstadualExcecao</FullName>
          <Methods>
            <Method visited="true" cyclomaticComplexity="1" nPathComplexity="0" sequenceCoverage="100" branchCoverage="100" crapScore="1" isConstructor="true" isStatic="false" isGetter="false" isSetter="false">
              <Summary numSequencePoints="3" visitedSequencePoints="3" numBranchPoints="1" visitedBranchPoints="1" sequenceCoverage="100" branchCoverage="100" maxCyclomaticComplexity="1" minCyclomaticComplexity="1" maxCrapScore="1" minCrapScore="1" visitedClasses="0" numClasses="0" visitedMethods="1" numMethods="1" />
              <MetadataToken>100663337</MetadataToken>
              <Name>System.Void Projeto_NFe.Dominio.Caracteristicas.Transportadoras.TransportadoraPessoaFisicaNaoPodePossuirInscricaoEstadualExcecao::.ctor()</Name>
              <FileRef uid="12" />
              <SequencePoints>
                <SequencePoint vc="2" uspid="98" ordinal="0" offset="0" sl="12" sc="85" el="12" ec="141" bec="0" bev="0" fileid="12" />
                <SequencePoint vc="2" uspid="99" ordinal="1" offset="12" sl="13" sc="9" el="13" ec="10" bec="0" bev="0" fileid="12" />
                <SequencePoint vc="2" uspid="100" ordinal="2" offset="13" sl="14" sc="9" el="14" ec="10" bec="0" bev="0" fileid="12" />
              </SequencePoints>
              <BranchPoints />
              <MethodPoint xsi:type="SequencePoint" vc="2" uspid="98" ordinal="0" offset="0" sl="12" sc="85" el="12" ec="141" bec="0" bev="0" fileid="12" />
            </Method>
          </Methods>
        </Class>
        <Class>
          <Summary numSequencePoints="3" visitedSequencePoints="3" numBranchPoints="1" visitedBranchPoints="1" sequenceCoverage="100" branchCoverage="100" maxCyclomaticComplexity="1" minCyclomaticComplexity="1" maxCrapScore="1" minCrapScore="1" visitedClasses="1" numClasses="1" visitedMethods="1" numMethods="1" />
          <FullName>Projeto_NFe.Dominio.Caracteristicas.Transportadoras.TransportadoraPessoaFisicaNaoPodePossuirRazaoSocialExcecao</FullName>
          <Methods>
            <Method visited="true" cyclomaticComplexity="1" nPathComplexity="0" sequenceCoverage="100" branchCoverage="100" crapScore="1" isConstructor="true" isStatic="false" isGetter="false" isSetter="false">
              <Summary numSequencePoints="3" visitedSequencePoints="3" numBranchPoints="1" visitedBranchPoints="1" sequenceCoverage="100" branchCoverage="100" maxCyclomaticComplexity="1" minCyclomaticComplexity="1" maxCrapScore="1" minCrapScore="1" visitedClasses="0" numClasses="0" visitedMethods="1" numMethods="1" />
              <MetadataToken>100663338</MetadataToken>
              <Name>System.Void Projeto_NFe.Dominio.Caracteristicas.Transportadoras.TransportadoraPessoaFisicaNaoPodePossuirRazaoSocialExcecao::.ctor()</Name>
              <FileRef uid="13" />
              <SequencePoints>
                <SequencePoint vc="2" uspid="101" ordinal="0" offset="0" sl="12" sc="79" el="12" ec="130" bec="0" bev="0" fileid="13" />
                <SequencePoint vc="2" uspid="102" ordinal="1" offset="12" sl="13" sc="9" el="13" ec="10" bec="0" bev="0" fileid="13" />
                <SequencePoint vc="2" uspid="103" ordinal="2" offset="13" sl="14" sc="9" el="14" ec="10" bec="0" bev="0" fileid="13" />
              </SequencePoints>
              <BranchPoints />
              <MethodPoint xsi:type="SequencePoint" vc="2" uspid="101" ordinal="0" offset="0" sl="12" sc="79" el="12" ec="130" bec="0" bev="0" fileid="13" />
            </Method>
          </Methods>
        </Class>
        <Class>
          <Summary numSequencePoints="3" visitedSequencePoints="3" numBranchPoints="1" visitedBranchPoints="1" sequenceCoverage="100" branchCoverage="100" maxCyclomaticComplexity="1" minCyclomaticComplexity="1" maxCrapScore="1" minCrapScore="1" visitedClasses="1" numClasses="1" visitedMethods="1" numMethods="1" />
          <FullName>Projeto_NFe.Dominio.Caracteristicas.Transportadoras.TransportadoraRazaoSocialInvalidaExcecao</FullName>
          <Methods>
            <Method visited="true" cyclomaticComplexity="1" nPathComplexity="0" sequenceCoverage="100" branchCoverage="100" crapScore="1" isConstructor="true" isStatic="false" isGetter="false" isSetter="false">
              <Summary numSequencePoints="3" visitedSequencePoints="3" numBranchPoints="1" visitedBranchPoints="1" sequenceCoverage="100" branchCoverage="100" maxCyclomaticComplexity="1" minCyclomaticComplexity="1" maxCrapScore="1" minCrapScore="1" visitedClasses="0" numClasses="0" visitedMethods="1" numMethods="1" />
              <MetadataToken>100663339</MetadataToken>
              <Name>System.Void Projeto_NFe.Dominio.Caracteristicas.Transportadoras.TransportadoraRazaoSocialInvalidaExcecao::.ctor()</Name>
              <FileRef uid="14" />
              <SequencePoints>
                <SequencePoint vc="2" uspid="104" ordinal="0" offset="0" sl="12" sc="61" el="12" ec="127" bec="0" bev="0" fileid="14" />
                <SequencePoint vc="2" uspid="105" ordinal="1" offset="12" sl="13" sc="9" el="13" ec="10" bec="0" bev="0" fileid="14" />
                <SequencePoint vc="2" uspid="106" ordinal="2" offset="13" sl="14" sc="9" el="14" ec="10" bec="0" bev="0" fileid="14" />
              </SequencePoints>
              <BranchPoints />
              <MethodPoint xsi:type="SequencePoint" vc="2" uspid="104" ordinal="0" offset="0" sl="12" sc="61" el="12" ec="127" bec="0" bev="0" fileid="14" />
            </Method>
          </Methods>
        </Class>
        <Class>
          <Summary numSequencePoints="8" visitedSequencePoints="0" numBranchPoints="7" visitedBranchPoints="0" sequenceCoverage="0" branchCoverage="0" maxCyclomaticComplexity="4" minCyclomaticComplexity="1" maxCrapScore="20" minCrapScore="2" visitedClasses="0" numClasses="1" visitedMethods="0" numMethods="1" />
          <FullName>Projeto_NFe.Dominio.Caracteristicas.Produtos.Produto</FullName>
          <Methods>
            <Method skippedDueTo="AutoImplementedProperty" visited="false" cyclomaticComplexity="1" nPathComplexity="0" sequenceCoverage="0" branchCoverage="0" crapScore="0" isConstructor="false" isStatic="false" isGetter="true" isSetter="false">
              <MetadataToken>100663340</MetadataToken>
              <Name>System.Int32 Projeto_NFe.Dominio.Caracteristicas.Produtos.Produto::get_Id()</Name>
              <FileRef uid="15" />
              <SequencePoints />
              <BranchPoints />
            </Method>
            <Method skippedDueTo="AutoImplementedProperty" visited="false" cyclomaticComplexity="1" nPathComplexity="0" sequenceCoverage="0" branchCoverage="0" crapScore="0" isConstructor="false" isStatic="false" isGetter="false" isSetter="true">
              <MetadataToken>100663341</MetadataToken>
              <Name>System.Void Projeto_NFe.Dominio.Caracteristicas.Produtos.Produto::set_Id(System.Int32)</Name>
              <FileRef uid="15" />
              <SequencePoints />
              <BranchPoints />
            </Method>
            <Method skippedDueTo="AutoImplementedProperty" visited="false" cyclomaticComplexity="1" nPathComplexity="0" sequenceCoverage="0" branchCoverage="0" crapScore="0" isConstructor="false" isStatic="false" isGetter="true" isSetter="false">
              <MetadataToken>100663342</MetadataToken>
              <Name>System.String Projeto_NFe.Dominio.Caracteristicas.Produtos.Produto::get_Codigo()</Name>
              <FileRef uid="15" />
              <SequencePoints />
              <BranchPoints />
            </Method>
            <Method skippedDueTo="AutoImplementedProperty" visited="false" cyclomaticComplexity="1" nPathComplexity="0" sequenceCoverage="0" branchCoverage="0" crapScore="0" isConstructor="false" isStatic="false" isGetter="false" isSetter="true">
              <MetadataToken>100663343</MetadataToken>
              <Name>System.Void Projeto_NFe.Dominio.Caracteristicas.Produtos.Produto::set_Codigo(System.String)</Name>
              <FileRef uid="15" />
              <SequencePoints />
              <BranchPoints />
            </Method>
            <Method skippedDueTo="AutoImplementedProperty" visited="false" cyclomaticComplexity="1" nPathComplexity="0" sequenceCoverage="0" branchCoverage="0" crapScore="0" isConstructor="false" isStatic="false" isGetter="true" isSetter="false">
              <MetadataToken>100663344</MetadataToken>
              <Name>System.String Projeto_NFe.Dominio.Caracteristicas.Produtos.Produto::get_Descricao()</Name>
              <FileRef uid="15" />
              <SequencePoints />
              <BranchPoints />
            </Method>
            <Method skippedDueTo="AutoImplementedProperty" visited="false" cyclomaticComplexity="1" nPathComplexity="0" sequenceCoverage="0" branchCoverage="0" crapScore="0" isConstructor="false" isStatic="false" isGetter="false" isSetter="true">
              <MetadataToken>100663345</MetadataToken>
              <Name>System.Void Projeto_NFe.Dominio.Caracteristicas.Produtos.Produto::set_Descricao(System.String)</Name>
              <FileRef uid="15" />
              <SequencePoints />
              <BranchPoints />
            </Method>
            <Method skippedDueTo="AutoImplementedProperty" visited="false" cyclomaticComplexity="1" nPathComplexity="0" sequenceCoverage="0" branchCoverage="0" crapScore="0" isConstructor="false" isStatic="false" isGetter="true" isSetter="false">
              <MetadataToken>100663346</MetadataToken>
              <Name>System.Double Projeto_NFe.Dominio.Caracteristicas.Produtos.Produto::get_ValorUnitario()</Name>
              <FileRef uid="15" />
              <SequencePoints />
              <BranchPoints />
            </Method>
            <Method skippedDueTo="AutoImplementedProperty" visited="false" cyclomaticComplexity="1" nPathComplexity="0" sequenceCoverage="0" branchCoverage="0" crapScore="0" isConstructor="false" isStatic="false" isGetter="false" isSetter="true">
              <MetadataToken>100663347</MetadataToken>
              <Name>System.Void Projeto_NFe.Dominio.Caracteristicas.Produtos.Produto::set_ValorUnitario(System.Double)</Name>
              <FileRef uid="15" />
              <SequencePoints />
              <BranchPoints />
            </Method>
            <Method visited="false" cyclomaticComplexity="4" nPathComplexity="8" sequenceCoverage="0" branchCoverage="0" crapScore="20" isConstructor="false" isStatic="false" isGetter="false" isSetter="false">
              <Summary numSequencePoints="8" visitedSequencePoints="0" numBranchPoints="7" visitedBranchPoints="0" sequenceCoverage="0" branchCoverage="0" maxCyclomaticComplexity="4" minCyclomaticComplexity="4" maxCrapScore="20" minCrapScore="20" visitedClasses="0" numClasses="0" visitedMethods="0" numMethods="1" />
              <MetadataToken>100663348</MetadataToken>
              <Name>System.Void Projeto_NFe.Dominio.Caracteristicas.Produtos.Produto::Validar()</Name>
              <FileRef uid="15" />
              <SequencePoints>
                <SequencePoint vc="0" uspid="107" ordinal="0" offset="0" sl="17" sc="9" el="17" ec="10" bec="0" bev="0" fileid="15" />
                <SequencePoint vc="0" uspid="108" ordinal="1" offset="1" sl="18" sc="13" el="18" ec="35" bec="2" bev="0" fileid="15" />
                <SequencePoint vc="0" uspid="109" ordinal="2" offset="19" sl="19" sc="17" el="19" ec="58" bec="0" bev="0" fileid="15" />
                <SequencePoint vc="0" uspid="110" ordinal="3" offset="25" sl="20" sc="13" el="20" ec="38" bec="2" bev="0" fileid="15" />
                <SequencePoint vc="0" uspid="111" ordinal="4" offset="43" sl="21" sc="17" el="21" ec="61" bec="0" bev="0" fileid="15" />
                <SequencePoint vc="0" uspid="112" ordinal="5" offset="49" sl="22" sc="13" el="22" ec="35" bec="2" bev="0" fileid="15" />
                <SequencePoint vc="0" uspid="113" ordinal="6" offset="70" sl="23" sc="17" el="23" ec="57" bec="0" bev="0" fileid="15" />
                <SequencePoint vc="0" uspid="114" ordinal="7" offset="76" sl="24" sc="9" el="24" ec="10" bec="0" bev="0" fileid="15" />
              </SequencePoints>
              <BranchPoints>
                <BranchPoint vc="0" uspid="115" ordinal="0" offset="17" sl="18" path="0" offsetend="19" fileid="15" />
                <BranchPoint vc="0" uspid="116" ordinal="1" offset="17" sl="18" path="1" offsetend="25" fileid="15" />
                <BranchPoint vc="0" uspid="117" ordinal="2" offset="41" sl="20" path="0" offsetend="43" fileid="15" />
                <BranchPoint vc="0" uspid="118" ordinal="3" offset="41" sl="20" path="1" offsetend="49" fileid="15" />
                <BranchPoint vc="0" uspid="119" ordinal="4" offset="68" sl="22" path="0" offsetend="70" fileid="15" />
                <BranchPoint vc="0" uspid="120" ordinal="5" offset="68" sl="22" path="1" offsetend="76" fileid="15" />
              </BranchPoints>
              <MethodPoint xsi:type="SequencePoint" vc="0" uspid="107" ordinal="0" offset="0" sl="17" sc="9" el="17" ec="10" bec="0" bev="0" fileid="15" />
            </Method>
            <Method visited="false" cyclomaticComplexity="1" nPathComplexity="0" sequenceCoverage="0" branchCoverage="0" crapScore="2" isConstructor="true" isStatic="false" isGetter="false" isSetter="false">
              <Summary numSequencePoints="0" visitedSequencePoints="0" numBranchPoints="0" visitedBranchPoints="0" sequenceCoverage="0" branchCoverage="0" maxCyclomaticComplexity="1" minCyclomaticComplexity="1" maxCrapScore="2" minCrapScore="2" visitedClasses="0" numClasses="0" visitedMethods="0" numMethods="0" />
              <MetadataToken>100663349</MetadataToken>
              <Name>System.Void Projeto_NFe.Dominio.Caracteristicas.Produtos.Produto::.ctor()</Name>
              <SequencePoints />
              <BranchPoints />
              <MethodPoint vc="0" uspid="121" ordinal="0" offset="0" />
            </Method>
          </Methods>
        </Class>
        <Class>
          <Summary numSequencePoints="3" visitedSequencePoints="0" numBranchPoints="1" visitedBranchPoints="0" sequenceCoverage="0" branchCoverage="0" maxCyclomaticComplexity="1" minCyclomaticComplexity="1" maxCrapScore="2" minCrapScore="2" visitedClasses="0" numClasses="1" visitedMethods="0" numMethods="1" />
          <FullName>Projeto_NFe.Dominio.Caracteristicas.Produtos.ProdutoCodigoInvalidoExcecao</FullName>
          <Methods>
            <Method visited="false" cyclomaticComplexity="1" nPathComplexity="0" sequenceCoverage="0" branchCoverage="0" crapScore="2" isConstructor="true" isStatic="false" isGetter="false" isSetter="false">
              <Summary numSequencePoints="3" visitedSequencePoints="0" numBranchPoints="1" visitedBranchPoints="0" sequenceCoverage="0" branchCoverage="0" maxCyclomaticComplexity="1" minCyclomaticComplexity="1" maxCrapScore="2" minCrapScore="2" visitedClasses="0" numClasses="0" visitedMethods="0" numMethods="1" />
              <MetadataToken>100663350</MetadataToken>
              <Name>System.Void Projeto_NFe.Dominio.Caracteristicas.Produtos.ProdutoCodigoInvalidoExcecao::.ctor()</Name>
              <FileRef uid="16" />
              <SequencePoints>
                <SequencePoint vc="0" uspid="122" ordinal="0" offset="0" sl="12" sc="49" el="12" ec="106" bec="0" bev="0" fileid="16" />
                <SequencePoint vc="0" uspid="123" ordinal="1" offset="12" sl="13" sc="9" el="13" ec="10" bec="0" bev="0" fileid="16" />
                <SequencePoint vc="0" uspid="124" ordinal="2" offset="13" sl="14" sc="9" el="14" ec="10" bec="0" bev="0" fileid="16" />
              </SequencePoints>
              <BranchPoints />
              <MethodPoint xsi:type="SequencePoint" vc="0" uspid="122" ordinal="0" offset="0" sl="12" sc="49" el="12" ec="106" bec="0" bev="0" fileid="16" />
            </Method>
          </Methods>
        </Class>
        <Class>
          <Summary numSequencePoints="3" visitedSequencePoints="0" numBranchPoints="1" visitedBranchPoints="0" sequenceCoverage="0" branchCoverage="0" maxCyclomaticComplexity="1" minCyclomaticComplexity="1" maxCrapScore="2" minCrapScore="2" visitedClasses="0" numClasses="1" visitedMethods="0" numMethods="1" />
          <FullName>Projeto_NFe.Dominio.Caracteristicas.Produtos.ProdutoDescricaoInvalidaExcecao</FullName>
          <Methods>
            <Method visited="false" cyclomaticComplexity="1" nPathComplexity="0" sequenceCoverage="0" branchCoverage="0" crapScore="2" isConstructor="true" isStatic="false" isGetter="false" isSetter="false">
              <Summary numSequencePoints="3" visitedSequencePoints="0" numBranchPoints="1" visitedBranchPoints="0" sequenceCoverage="0" branchCoverage="0" maxCyclomaticComplexity="1" minCyclomaticComplexity="1" maxCrapScore="2" minCrapScore="2" visitedClasses="0" numClasses="0" visitedMethods="0" numMethods="1" />
              <MetadataToken>100663351</MetadataToken>
              <Name>System.Void Projeto_NFe.Dominio.Caracteristicas.Produtos.ProdutoDescricaoInvalidaExcecao::.ctor()</Name>
              <FileRef uid="17" />
              <SequencePoints>
                <SequencePoint vc="0" uspid="125" ordinal="0" offset="0" sl="12" sc="52" el="12" ec="132" bec="0" bev="0" fileid="17" />
                <SequencePoint vc="0" uspid="126" ordinal="1" offset="12" sl="13" sc="9" el="13" ec="10" bec="0" bev="0" fileid="17" />
                <SequencePoint vc="0" uspid="127" ordinal="2" offset="13" sl="14" sc="9" el="14" ec="10" bec="0" bev="0" fileid="17" />
              </SequencePoints>
              <BranchPoints />
              <MethodPoint xsi:type="SequencePoint" vc="0" uspid="125" ordinal="0" offset="0" sl="12" sc="52" el="12" ec="132" bec="0" bev="0" fileid="17" />
            </Method>
          </Methods>
        </Class>
        <Class>
          <Summary numSequencePoints="3" visitedSequencePoints="0" numBranchPoints="1" visitedBranchPoints="0" sequenceCoverage="0" branchCoverage="0" maxCyclomaticComplexity="1" minCyclomaticComplexity="1" maxCrapScore="2" minCrapScore="2" visitedClasses="0" numClasses="1" visitedMethods="0" numMethods="1" />
          <FullName>Projeto_NFe.Dominio.Caracteristicas.Produtos.ProdutoValorInvalidoExcecao</FullName>
          <Methods>
            <Method visited="false" cyclomaticComplexity="1" nPathComplexity="0" sequenceCoverage="0" branchCoverage="0" crapScore="2" isConstructor="true" isStatic="false" isGetter="false" isSetter="false">
              <Summary numSequencePoints="3" visitedSequencePoints="0" numBranchPoints="1" visitedBranchPoints="0" sequenceCoverage="0" branchCoverage="0" maxCyclomaticComplexity="1" minCyclomaticComplexity="1" maxCrapScore="2" minCrapScore="2" visitedClasses="0" numClasses="0" visitedMethods="0" numMethods="1" />
              <MetadataToken>100663352</MetadataToken>
              <Name>System.Void Projeto_NFe.Dominio.Caracteristicas.Produtos.ProdutoValorInvalidoExcecao::.ctor()</Name>
              <FileRef uid="18" />
              <SequencePoints>
                <SequencePoint vc="0" uspid="128" ordinal="0" offset="0" sl="12" sc="48" el="12" ec="92" bec="0" bev="0" fileid="18" />
                <SequencePoint vc="0" uspid="129" ordinal="1" offset="12" sl="13" sc="9" el="13" ec="10" bec="0" bev="0" fileid="18" />
                <SequencePoint vc="0" uspid="130" ordinal="2" offset="13" sl="14" sc="9" el="14" ec="10" bec="0" bev="0" fileid="18" />
              </SequencePoints>
              <BranchPoints />
              <MethodPoint xsi:type="SequencePoint" vc="0" uspid="128" ordinal="0" offset="0" sl="12" sc="48" el="12" ec="92" bec="0" bev="0" fileid="18" />
            </Method>
          </Methods>
        </Class>
        <Class>
          <Summary numSequencePoints="8" visitedSequencePoints="0" numBranchPoints="3" visitedBranchPoints="0" sequenceCoverage="0" branchCoverage="0" maxCyclomaticComplexity="1" minCyclomaticComplexity="1" maxCrapScore="2" minCrapScore="2" visitedClasses="0" numClasses="1" visitedMethods="0" numMethods="3" />
          <FullName>Projeto_NFe.Dominio.Caracteristicas.ProdutosVendidos.ProdutoVendido</FullName>
          <Methods>
            <Method skippedDueTo="AutoImplementedProperty" visited="false" cyclomaticComplexity="1" nPathComplexity="0" sequenceCoverage="0" branchCoverage="0" crapScore="0" isConstructor="false" isStatic="false" isGetter="true" isSetter="false">
              <MetadataToken>100663353</MetadataToken>
              <Name>System.Int32 Projeto_NFe.Dominio.Caracteristicas.ProdutosVendidos.ProdutoVendido::get_Quantidade()</Name>
              <FileRef uid="19" />
              <SequencePoints />
              <BranchPoints />
            </Method>
            <Method skippedDueTo="AutoImplementedProperty" visited="false" cyclomaticComplexity="1" nPathComplexity="0" sequenceCoverage="0" branchCoverage="0" crapScore="0" isConstructor="false" isStatic="false" isGetter="false" isSetter="true">
              <MetadataToken>100663354</MetadataToken>
              <Name>System.Void Projeto_NFe.Dominio.Caracteristicas.ProdutosVendidos.ProdutoVendido::set_Quantidade(System.Int32)</Name>
              <FileRef uid="19" />
              <SequencePoints />
              <BranchPoints />
            </Method>
            <Method visited="false" cyclomaticComplexity="1" nPathComplexity="0" sequenceCoverage="0" branchCoverage="0" crapScore="2" isConstructor="false" isStatic="false" isGetter="true" isSetter="false">
              <Summary numSequencePoints="1" visitedSequencePoints="0" numBranchPoints="1" visitedBranchPoints="0" sequenceCoverage="0" branchCoverage="0" maxCyclomaticComplexity="1" minCyclomaticComplexity="1" maxCrapScore="2" minCrapScore="2" visitedClasses="0" numClasses="0" visitedMethods="0" numMethods="1" />
              <MetadataToken>100663355</MetadataToken>
              <Name>System.Double Projeto_NFe.Dominio.Caracteristicas.ProdutosVendidos.ProdutoVendido::get_ValorTotal()</Name>
              <FileRef uid="19" />
              <SequencePoints>
                <SequencePoint vc="0" uspid="131" ordinal="0" offset="0" sl="14" sc="30" el="14" ec="47" bec="0" bev="0" fileid="19" />
              </SequencePoints>
              <BranchPoints />
              <MethodPoint xsi:type="SequencePoint" vc="0" uspid="131" ordinal="0" offset="0" sl="14" sc="30" el="14" ec="47" bec="0" bev="0" fileid="19" />
            </Method>
            <Method skippedDueTo="AutoImplementedProperty" visited="false" cyclomaticComplexity="1" nPathComplexity="0" sequenceCoverage="0" branchCoverage="0" crapScore="0" isConstructor="false" isStatic="false" isGetter="true" isSetter="false">
              <MetadataToken>100663356</MetadataToken>
              <Name>Projeto_NFe.Dominio.Caracteristicas.ImpostoProdutos.ImpostoProduto Projeto_NFe.Dominio.Caracteristicas.ProdutosVendidos.ProdutoVendido::get_Imposto()</Name>
              <FileRef uid="19" />
              <SequencePoints />
              <BranchPoints />
            </Method>
            <Method skippedDueTo="AutoImplementedProperty" visited="false" cyclomaticComplexity="1" nPathComplexity="0" sequenceCoverage="0" branchCoverage="0" crapScore="0" isConstructor="false" isStatic="false" isGetter="false" isSetter="true">
              <MetadataToken>100663357</MetadataToken>
              <Name>System.Void Projeto_NFe.Dominio.Caracteristicas.ProdutosVendidos.ProdutoVendido::set_Imposto(Projeto_NFe.Dominio.Caracteristicas.ImpostoProdutos.ImpostoProduto)</Name>
              <FileRef uid="19" />
              <SequencePoints />
              <BranchPoints />
            </Method>
            <Method visited="false" cyclomaticComplexity="1" nPathComplexity="0" sequenceCoverage="0" branchCoverage="0" crapScore="2" isConstructor="false" isStatic="false" isGetter="false" isSetter="false">
              <Summary numSequencePoints="3" visitedSequencePoints="0" numBranchPoints="1" visitedBranchPoints="0" sequenceCoverage="0" branchCoverage="0" maxCyclomaticComplexity="1" minCyclomaticComplexity="1" maxCrapScore="2" minCrapScore="2" visitedClasses="0" numClasses="0" visitedMethods="0" numMethods="1" />
              <MetadataToken>100663358</MetadataToken>
              <Name>System.Double Projeto_NFe.Dominio.Caracteristicas.ProdutosVendidos.ProdutoVendido::PegarValorTotal()</Name>
              <FileRef uid="19" />
              <SequencePoints>
                <SequencePoint vc="0" uspid="132" ordinal="0" offset="0" sl="18" sc="9" el="18" ec="10" bec="0" bev="0" fileid="19" />
                <SequencePoint vc="0" uspid="133" ordinal="1" offset="1" sl="19" sc="13" el="19" ec="47" bec="0" bev="0" fileid="19" />
                <SequencePoint vc="0" uspid="134" ordinal="2" offset="18" sl="20" sc="9" el="20" ec="10" bec="0" bev="0" fileid="19" />
              </SequencePoints>
              <BranchPoints />
              <MethodPoint xsi:type="SequencePoint" vc="0" uspid="132" ordinal="0" offset="0" sl="18" sc="9" el="18" ec="10" bec="0" bev="0" fileid="19" />
            </Method>
            <Method visited="false" cyclomaticComplexity="1" nPathComplexity="0" sequenceCoverage="0" branchCoverage="0" crapScore="2" isConstructor="false" isStatic="false" isGetter="false" isSetter="false">
              <Summary numSequencePoints="4" visitedSequencePoints="0" numBranchPoints="1" visitedBranchPoints="0" sequenceCoverage="0" branchCoverage="0" maxCyclomaticComplexity="1" minCyclomaticComplexity="1" maxCrapScore="2" minCrapScore="2" visitedClasses="0" numClasses="0" visitedMethods="0" numMethods="1" />
              <MetadataToken>100663359</MetadataToken>
              <Name>System.Void Projeto_NFe.Dominio.Caracteristicas.ProdutosVendidos.ProdutoVendido::CalcularImposto()</Name>
              <FileRef uid="19" />
              <SequencePoints>
                <SequencePoint vc="0" uspid="135" ordinal="0" offset="0" sl="23" sc="9" el="23" ec="10" bec="0" bev="0" fileid="19" />
                <SequencePoint vc="0" uspid="136" ordinal="1" offset="1" sl="24" sc="13" el="24" ec="45" bec="0" bev="0" fileid="19" />
                <SequencePoint vc="0" uspid="137" ordinal="2" offset="19" sl="25" sc="13" el="25" ec="46" bec="0" bev="0" fileid="19" />
                <SequencePoint vc="0" uspid="138" ordinal="3" offset="37" sl="26" sc="9" el="26" ec="10" bec="0" bev="0" fileid="19" />
              </SequencePoints>
              <BranchPoints />
              <MethodPoint xsi:type="SequencePoint" vc="0" uspid="135" ordinal="0" offset="0" sl="23" sc="9" el="23" ec="10" bec="0" bev="0" fileid="19" />
            </Method>
            <Method visited="false" cyclomaticComplexity="1" nPathComplexity="0" sequenceCoverage="0" branchCoverage="0" crapScore="2" isConstructor="true" isStatic="false" isGetter="false" isSetter="false">
              <Summary numSequencePoints="0" visitedSequencePoints="0" numBranchPoints="0" visitedBranchPoints="0" sequenceCoverage="0" branchCoverage="0" maxCyclomaticComplexity="1" minCyclomaticComplexity="1" maxCrapScore="2" minCrapScore="2" visitedClasses="0" numClasses="0" visitedMethods="0" numMethods="0" />
              <MetadataToken>100663360</MetadataToken>
              <Name>System.Void Projeto_NFe.Dominio.Caracteristicas.ProdutosVendidos.ProdutoVendido::.ctor()</Name>
              <SequencePoints />
              <BranchPoints />
              <MethodPoint vc="0" uspid="139" ordinal="0" offset="0" />
            </Method>
          </Methods>
        </Class>
        <Class>
          <Summary numSequencePoints="6" visitedSequencePoints="0" numBranchPoints="2" visitedBranchPoints="0" sequenceCoverage="0" branchCoverage="0" maxCyclomaticComplexity="1" minCyclomaticComplexity="1" maxCrapScore="2" minCrapScore="2" visitedClasses="0" numClasses="1" visitedMethods="0" numMethods="2" />
          <FullName>Projeto_NFe.Dominio.Caracteristicas.ImpostoProdutos.ImpostoProduto</FullName>
          <Methods>
            <Method skippedDueTo="AutoImplementedProperty" visited="false" cyclomaticComplexity="1" nPathComplexity="0" sequenceCoverage="0" branchCoverage="0" crapScore="0" isConstructor="false" isStatic="false" isGetter="true" isSetter="false">
              <MetadataToken>100663361</MetadataToken>
              <Name>System.Double Projeto_NFe.Dominio.Caracteristicas.ImpostoProdutos.ImpostoProduto::get_ValorIpi()</Name>
              <FileRef uid="20" />
              <SequencePoints />
              <BranchPoints />
            </Method>
            <Method skippedDueTo="AutoImplementedProperty" visited="false" cyclomaticComplexity="1" nPathComplexity="0" sequenceCoverage="0" branchCoverage="0" crapScore="0" isConstructor="false" isStatic="false" isGetter="false" isSetter="true">
              <MetadataToken>100663362</MetadataToken>
              <Name>System.Void Projeto_NFe.Dominio.Caracteristicas.ImpostoProdutos.ImpostoProduto::set_ValorIpi(System.Double)</Name>
              <FileRef uid="20" />
              <SequencePoints />
              <BranchPoints />
            </Method>
            <Method skippedDueTo="AutoImplementedProperty" visited="false" cyclomaticComplexity="1" nPathComplexity="0" sequenceCoverage="0" branchCoverage="0" crapScore="0" isConstructor="false" isStatic="false" isGetter="true" isSetter="false">
              <MetadataToken>100663363</MetadataToken>
              <Name>System.Double Projeto_NFe.Dominio.Caracteristicas.ImpostoProdutos.ImpostoProduto::get_ValorIcms()</Name>
              <FileRef uid="20" />
              <SequencePoints />
              <BranchPoints />
            </Method>
            <Method skippedDueTo="AutoImplementedProperty" visited="false" cyclomaticComplexity="1" nPathComplexity="0" sequenceCoverage="0" branchCoverage="0" crapScore="0" isConstructor="false" isStatic="false" isGetter="false" isSetter="true">
              <MetadataToken>100663364</MetadataToken>
              <Name>System.Void Projeto_NFe.Dominio.Caracteristicas.ImpostoProdutos.ImpostoProduto::set_ValorIcms(System.Double)</Name>
              <FileRef uid="20" />
              <SequencePoints />
              <BranchPoints />
            </Method>
            <Method skippedDueTo="AutoImplementedProperty" visited="false" cyclomaticComplexity="1" nPathComplexity="0" sequenceCoverage="0" branchCoverage="0" crapScore="0" isConstructor="false" isStatic="false" isGetter="true" isSetter="false">
              <MetadataToken>100663365</MetadataToken>
              <Name>System.Double Projeto_NFe.Dominio.Caracteristicas.ImpostoProdutos.ImpostoProduto::get_AliquotaIcms()</Name>
              <FileRef uid="20" />
              <SequencePoints />
              <BranchPoints />
            </Method>
            <Method skippedDueTo="AutoImplementedProperty" visited="false" cyclomaticComplexity="1" nPathComplexity="0" sequenceCoverage="0" branchCoverage="0" crapScore="0" isConstructor="false" isStatic="false" isGetter="false" isSetter="true">
              <MetadataToken>100663366</MetadataToken>
              <Name>System.Void Projeto_NFe.Dominio.Caracteristicas.ImpostoProdutos.ImpostoProduto::set_AliquotaIcms(System.Double)</Name>
              <FileRef uid="20" />
              <SequencePoints />
              <BranchPoints />
            </Method>
            <Method skippedDueTo="AutoImplementedProperty" visited="false" cyclomaticComplexity="1" nPathComplexity="0" sequenceCoverage="0" branchCoverage="0" crapScore="0" isConstructor="false" isStatic="false" isGetter="true" isSetter="false">
              <MetadataToken>100663367</MetadataToken>
              <Name>System.Double Projeto_NFe.Dominio.Caracteristicas.ImpostoProdutos.ImpostoProduto::get_AliquotaIpi()</Name>
              <FileRef uid="20" />
              <SequencePoints />
              <BranchPoints />
            </Method>
            <Method skippedDueTo="AutoImplementedProperty" visited="false" cyclomaticComplexity="1" nPathComplexity="0" sequenceCoverage="0" branchCoverage="0" crapScore="0" isConstructor="false" isStatic="false" isGetter="false" isSetter="true">
              <MetadataToken>100663368</MetadataToken>
              <Name>System.Void Projeto_NFe.Dominio.Caracteristicas.ImpostoProdutos.ImpostoProduto::set_AliquotaIpi(System.Double)</Name>
              <FileRef uid="20" />
              <SequencePoints />
              <BranchPoints />
            </Method>
            <Method visited="false" cyclomaticComplexity="1" nPathComplexity="0" sequenceCoverage="0" branchCoverage="0" crapScore="2" isConstructor="false" isStatic="false" isGetter="false" isSetter="false">
[...]
              </SequencePoints>
              <BranchPoints>
                <BranchPoint vc="1" uspid="266" ordinal="0" offset="12" sl="22" path="0" offsetend="14" fileid="69" />
                <BranchPoint vc="14" uspid="267" ordinal="1" offset="12" sl="22" path="1" offsetend="20" fileid="69" />
              </BranchPoints>
              <MethodPoint xsi:type="SequencePoint" vc="15" uspid="260" ordinal="0" offset="0" sl="21" sc="9" el="21" ec="10" bec="0" bev="0" fileid="69" />
            </Method>
            <Method visited="true" cyclomaticComplexity="2" nPathComplexity="2" sequenceCoverage="100" branchCoverage="100" crapScore="2" isConstructor="false" isStatic="false" isGetter="false" isSetter="false">
              <Summary numSequencePoints="6" visitedSequencePoints="6" numBranchPoints="3" visitedBranchPoints="3" sequenceCoverage="100" branchCoverage="100" maxCyclomaticComplexity="2" minCyclomaticComplexity="2" maxCrapScore="2" minCrapScore="2" visitedClasses="0" numClasses="0" visitedMethods="1" numMethods="1" />
              <MetadataToken>100663299</MetadataToken>
              <Name>Projeto_NFe.Dominio.Caracteristicas.Transportadoras.Transportadora Projeto_NFe.Aplicacao.Caracteristicas.Transportadoras.TransportadoraServico::Atualizar(Projeto_NFe.Dominio.Caracteristicas.Transportadoras.Transportadora)</Name>
              <FileRef uid="69" />
              <SequencePoints>
                <SequencePoint vc="14" uspid="268" ordinal="0" offset="0" sl="28" sc="9" el="28" ec="10" bec="0" bev="0" fileid="69" />
                <SequencePoint vc="14" uspid="269" ordinal="1" offset="1" sl="29" sc="13" el="29" ec="40" bec="2" bev="2" fileid="69" />
                <SequencePoint vc="1" uspid="270" ordinal="2" offset="14" sl="29" sc="41" el="29" ec="84" bec="0" bev="0" fileid="69" />
                <SequencePoint vc="13" uspid="271" ordinal="3" offset="20" sl="30" sc="13" el="30" ec="38" bec="0" bev="0" fileid="69" />
                <SequencePoint vc="1" uspid="272" ordinal="4" offset="27" sl="31" sc="13" el="31" ec="59" bec="0" bev="0" fileid="69" />
                <SequencePoint vc="1" uspid="273" ordinal="5" offset="42" sl="32" sc="9" el="32" ec="10" bec="0" bev="0" fileid="69" />
              </SequencePoints>
              <BranchPoints>
                <BranchPoint vc="1" uspid="274" ordinal="0" offset="12" sl="29" path="0" offsetend="14" fileid="69" />
                <BranchPoint vc="13" uspid="275" ordinal="1" offset="12" sl="29" path="1" offsetend="20" fileid="69" />
              </BranchPoints>
              <MethodPoint xsi:type="SequencePoint" vc="14" uspid="268" ordinal="0" offset="0" sl="28" sc="9" el="28" ec="10" bec="0" bev="0" fileid="69" />
            </Method>
            <Method visited="true" cyclomaticComplexity="2" nPathComplexity="2" sequenceCoverage="100" branchCoverage="100" crapScore="2" isConstructor="false" isStatic="false" isGetter="false" isSetter="false">
              <Summary numSequencePoints="5" visitedSequencePoints="5" numBranchPoints="3" visitedBranchPoints="3" sequenceCoverage="100" branchCoverage="100" maxCyclomaticComplexity="2" minCyclomaticComplexity="2" maxCrapScore="2" minCrapScore="2" visitedClasses="0" numClasses="0" visitedMethods="1" numMethods="1" />
              <MetadataToken>100663300</MetadataToken>
              <Name>System.Void Projeto_NFe.Aplicacao.Caracteristicas.Transportadoras.TransportadoraServico::Deletar(Projeto_NFe.Dominio.Caracteristicas.Transportadoras.Transportadora)</Name>
              <FileRef uid="69" />
              <SequencePoints>
                <SequencePoint vc="2" uspid="276" ordinal="0" offset="0" sl="35" sc="9" el="35" ec="10" bec="0" bev="0" fileid="69" />
                <SequencePoint vc="2" uspid="277" ordinal="1" offset="1" sl="36" sc="13" el="36" ec="40" bec="2" bev="2" fileid="69" />
                <SequencePoint vc="1" uspid="278" ordinal="2" offset="14" sl="36" sc="41" el="36" ec="84" bec="0" bev="0" fileid="69" />
                <SequencePoint vc="1" uspid="279" ordinal="3" offset="20" sl="37" sc="13" el="37" ec="53" bec="0" bev="0" fileid="69" />
                <SequencePoint vc="1" uspid="280" ordinal="4" offset="38" sl="38" sc="9" el="38" ec="10" bec="0" bev="0" fileid="69" />
              </SequencePoints>
              <BranchPoints>
                <BranchPoint vc="1" uspid="281" ordinal="0" offset="12" sl="36" path="0" offsetend="14" fileid="69" />
                <BranchPoint vc="1" uspid="282" ordinal="1" offset="12" sl="36" path="1" offsetend="20" fileid="69" />
              </BranchPoints>
              <MethodPoint xsi:type="SequencePoint" vc="2" uspid="276" ordinal="0" offset="0" sl="35" sc="9" el="35" ec="10" bec="0" bev="0" fileid="69" />
            </Method>
            <Method visited="true" cyclomaticComplexity="2" nPathComplexity="2" sequenceCoverage="100" branchCoverage="100" crapScore="2" isConstructor="false" isStatic="false" isGetter="false" isSetter="false">
              <Summary numSequencePoints="5" visitedSequencePoints="5" numBranchPoints="3" visitedBranchPoints="3" sequenceCoverage="100" branchCoverage="100" maxCyclomaticComplexity="2" minCyclomaticComplexity="2" maxCrapScore="2" minCrapScore="2" visitedClasses="0" numClasses="0" visitedMethods="1" numMethods="1" />
              <MetadataToken>100663301</MetadataToken>
              <Name>Projeto_NFe.Dominio.Caracteristicas.Transportadoras.Transportadora Projeto_NFe.Aplicacao.Caracteristicas.Transportadoras.TransportadoraServico::Pegar(Projeto_NFe.Dominio.Caracteristicas.Transportadoras.Transportadora)</Name>
              <FileRef uid="69" />
              <SequencePoints>
                <SequencePoint vc="3" uspid="283" ordinal="0" offset="0" sl="41" sc="9" el="41" ec="10" bec="0" bev="0" fileid="69" />
                <SequencePoint vc="3" uspid="284" ordinal="1" offset="1" sl="42" sc="13" el="42" ec="40" bec="2" bev="2" fileid="69" />
                <SequencePoint vc="1" uspid="285" ordinal="2" offset="14" sl="42" sc="41" el="42" ec="84" bec="0" bev="0" fileid="69" />
                <SequencePoint vc="2" uspid="286" ordinal="3" offset="20" sl="43" sc="13" el="43" ec="58" bec="0" bev="0" fileid="69" />
                <SequencePoint vc="2" uspid="287" ordinal="4" offset="40" sl="44" sc="9" el="44" ec="10" bec="0" bev="0" fileid="69" />
              </SequencePoints>
              <BranchPoints>
                <BranchPoint vc="1" uspid="288" ordinal="0" offset="12" sl="42" path="0" offsetend="14" fileid="69" />
                <BranchPoint vc="2" uspid="289" ordinal="1" offset="12" sl="42" path="1" offsetend="20" fileid="69" />
              </BranchPoints>
              <MethodPoint xsi:type="SequencePoint" vc="3" uspid="283" ordinal="0" offset="0" sl="41" sc="9" el="41" ec="10" bec="0" bev="0" fileid="69" />
            </Method>
            <Method visited="true" cyclomaticComplexity="1" nPathComplexity="0" sequenceCoverage="100" branchCoverage="100" crapScore="1" isConstructor="false" isStatic="false" isGetter="false" isSetter="false">
              <Summary numSequencePoints="3" visitedSequencePoints="3" numBranchPoints="1" visitedBranchPoints="1" sequenceCoverage="100" branchCoverage="100" maxCyclomaticComplexity="1" minCyclomaticComplexity="1" maxCrapScore="1" minCrapScore="1" visitedClasses="0" numClasses="0" visitedMethods="1" numMethods="1" />
              <MetadataToken>100663302</MetadataToken>
              <Name>System.Collections.Generic.IEnumerable`1&lt;Projeto_NFe.Dominio.Caracteristicas.Transportadoras.Transportadora&gt; Projeto_NFe.Aplicacao.Caracteristicas.Transportadoras.TransportadoraServico::PegarTodos()</Name>
              <FileRef uid="69" />
              <SequencePoints>
                <SequencePoint vc="1" uspid="290" ordinal="0" offset="0" sl="47" sc="9" el="47" ec="10" bec="0" bev="0" fileid="69" />
                <SequencePoint vc="1" uspid="291" ordinal="1" offset="1" sl="48" sc="13" el="48" ec="46" bec="0" bev="0" fileid="69" />
                <SequencePoint vc="1" uspid="292" ordinal="2" offset="15" sl="49" sc="9" el="49" ec="10" bec="0" bev="0" fileid="69" />
              </SequencePoints>
              <BranchPoints />
              <MethodPoint xsi:type="SequencePoint" vc="1" uspid="290" ordinal="0" offset="0" sl="47" sc="9" el="47" ec="10" bec="0" bev="0" fileid="69" />
            </Method>
          </Methods>
        </Class>
        <Class>
          <Summary numSequencePoints="27" visitedSequencePoints="0" numBranchPoints="12" visitedBranchPoints="0" sequenceCoverage="0" branchCoverage="0" maxCyclomaticComplexity="2" minCyclomaticComplexity="1" maxCrapScore="6" minCrapScore="2" visitedClasses="0" numClasses="1" visitedMethods="0" numMethods="6" />
          <FullName>Projeto_NFe.Aplicacao.Caracteristicas.Emitentes.EmitenteServico</FullName>
          <Methods>
            <Method visited="false" cyclomaticComplexity="1" nPathComplexity="0" sequenceCoverage="0" branchCoverage="0" crapScore="2" isConstructor="true" isStatic="false" isGetter="false" isSetter="false">
              <Summary numSequencePoints="4" visitedSequencePoints="0" numBranchPoints="1" visitedBranchPoints="0" sequenceCoverage="0" branchCoverage="0" maxCyclomaticComplexity="1" minCyclomaticComplexity="1" maxCrapScore="2" minCrapScore="2" visitedClasses="0" numClasses="0" visitedMethods="0" numMethods="1" />
              <MetadataToken>100663303</MetadataToken>
              <Name>System.Void Projeto_NFe.Aplicacao.Caracteristicas.Emitentes.EmitenteServico::.ctor(Projeto_NFe.Dominio.Caracteristicas.Emitentes.IEmitenteRepositorio)</Name>
              <FileRef uid="70" />
              <SequencePoints>
                <SequencePoint vc="0" uspid="293" ordinal="0" offset="0" sl="15" sc="9" el="15" ec="73" bec="0" bev="0" fileid="70" />
                <SequencePoint vc="0" uspid="294" ordinal="1" offset="7" sl="16" sc="9" el="16" ec="10" bec="0" bev="0" fileid="70" />
                <SequencePoint vc="0" uspid="295" ordinal="2" offset="8" sl="17" sc="13" el="17" ec="56" bec="0" bev="0" fileid="70" />
                <SequencePoint vc="0" uspid="296" ordinal="3" offset="15" sl="18" sc="9" el="18" ec="10" bec="0" bev="0" fileid="70" />
              </SequencePoints>
              <BranchPoints />
              <MethodPoint xsi:type="SequencePoint" vc="0" uspid="293" ordinal="0" offset="0" sl="15" sc="9" el="15" ec="73" bec="0" bev="0" fileid="70" />
            </Method>
            <Method visited="false" cyclomaticComplexity="1" nPathComplexity="0" sequenceCoverage="0" branchCoverage="0" crapScore="2" isConstructor="false" isStatic="false" isGetter="false" isSetter="false">
              <Summary numSequencePoints="4" visitedSequencePoints="0" numBranchPoints="1" visitedBranchPoints="0" sequenceCoverage="0" branchCoverage="0" maxCyclomaticComplexity="1" minCyclomaticComplexity="1" maxCrapScore="2" minCrapScore="2" visitedClasses="0" numClasses="0" visitedMethods="0" numMethods="1" />
              <MetadataToken>100663304</MetadataToken>
              <Name>Projeto_NFe.Dominio.Caracteristicas.Emitentes.Emitente Projeto_NFe.Aplicacao.Caracteristicas.Emitentes.EmitenteServico::Adicionar(Projeto_NFe.Dominio.Caracteristicas.Emitentes.Emitente)</Name>
              <FileRef uid="70" />
              <SequencePoints>
                <SequencePoint vc="0" uspid="297" ordinal="0" offset="0" sl="21" sc="9" el="21" ec="10" bec="0" bev="0" fileid="70" />
                <SequencePoint vc="0" uspid="298" ordinal="1" offset="1" sl="22" sc="13" el="22" ec="32" bec="0" bev="0" fileid="70" />
                <SequencePoint vc="0" uspid="299" ordinal="2" offset="8" sl="23" sc="13" el="23" ec="58" bec="0" bev="0" fileid="70" />
                <SequencePoint vc="0" uspid="300" ordinal="3" offset="23" sl="24" sc="9" el="24" ec="10" bec="0" bev="0" fileid="70" />
              </SequencePoints>
              <BranchPoints />
              <MethodPoint xsi:type="SequencePoint" vc="0" uspid="297" ordinal="0" offset="0" sl="21" sc="9" el="21" ec="10" bec="0" bev="0" fileid="70" />
            </Method>
            <Method visited="false" cyclomaticComplexity="2" nPathComplexity="2" sequenceCoverage="0" branchCoverage="0" crapScore="6" isConstructor="false" isStatic="false" isGetter="false" isSetter="false">
              <Summary numSequencePoints="6" visitedSequencePoints="0" numBranchPoints="3" visitedBranchPoints="0" sequenceCoverage="0" branchCoverage="0" maxCyclomaticComplexity="2" minCyclomaticComplexity="2" maxCrapScore="6" minCrapScore="6" visitedClasses="0" numClasses="0" visitedMethods="0" numMethods="1" />
              <MetadataToken>100663305</MetadataToken>
              <Name>Projeto_NFe.Dominio.Caracteristicas.Emitentes.Emitente Projeto_NFe.Aplicacao.Caracteristicas.Emitentes.EmitenteServico::Atualizar(Projeto_NFe.Dominio.Caracteristicas.Emitentes.Emitente)</Name>
              <FileRef uid="70" />
              <SequencePoints>
                <SequencePoint vc="0" uspid="301" ordinal="0" offset="0" sl="27" sc="9" el="27" ec="10" bec="0" bev="0" fileid="70" />
                <SequencePoint vc="0" uspid="302" ordinal="1" offset="1" sl="28" sc="13" el="28" ec="34" bec="2" bev="0" fileid="70" />
                <SequencePoint vc="0" uspid="303" ordinal="2" offset="14" sl="29" sc="17" el="29" ec="60" bec="0" bev="0" fileid="70" />
                <SequencePoint vc="0" uspid="304" ordinal="3" offset="20" sl="31" sc="13" el="31" ec="32" bec="0" bev="0" fileid="70" />
                <SequencePoint vc="0" uspid="305" ordinal="4" offset="27" sl="32" sc="13" el="32" ec="61" bec="0" bev="0" fileid="70" />
                <SequencePoint vc="0" uspid="306" ordinal="5" offset="42" sl="33" sc="9" el="33" ec="10" bec="0" bev="0" fileid="70" />
              </SequencePoints>
              <BranchPoints>
                <BranchPoint vc="0" uspid="307" ordinal="0" offset="12" sl="28" path="0" offsetend="14" fileid="70" />
                <BranchPoint vc="0" uspid="308" ordinal="1" offset="12" sl="28" path="1" offsetend="20" fileid="70" />
              </BranchPoints>
              <MethodPoint xsi:type="SequencePoint" vc="0" uspid="301" ordinal="0" offset="0" sl="27" sc="9" el="27" ec="10" bec="0" bev="0" fileid="70" />
            </Method>
            <Method visited="false" cyclomaticComplexity="2" nPathComplexity="2" sequenceCoverage="0" branchCoverage="0" crapScore="6" isConstructor="false" isStatic="false" isGetter="false" isSetter="false">
              <Summary numSequencePoints="5" visitedSequencePoints="0" numBranchPoints="3" visitedBranchPoints="0" sequenceCoverage="0" branchCoverage="0" maxCyclomaticComplexity="2" minCyclomaticComplexity="2" maxCrapScore="6" minCrapScore="6" visitedClasses="0" numClasses="0" visitedMethods="0" numMethods="1" />
              <MetadataToken>100663306</MetadataToken>
              <Name>System.Void Projeto_NFe.Aplicacao.Caracteristicas.Emitentes.EmitenteServico::Deletar(Projeto_NFe.Dominio.Caracteristicas.Emitentes.Emitente)</Name>
              <FileRef uid="70" />
              <SequencePoints>
                <SequencePoint vc="0" uspid="309" ordinal="0" offset="0" sl="36" sc="9" el="36" ec="10" bec="0" bev="0" fileid="70" />
                <SequencePoint vc="0" uspid="310" ordinal="1" offset="1" sl="37" sc="13" el="37" ec="34" bec="2" bev="0" fileid="70" />
                <SequencePoint vc="0" uspid="311" ordinal="2" offset="14" sl="38" sc="17" el="38" ec="60" bec="0" bev="0" fileid="70" />
                <SequencePoint vc="0" uspid="312" ordinal="3" offset="20" sl="40" sc="13" el="40" ec="55" bec="0" bev="0" fileid="70" />
                <SequencePoint vc="0" uspid="313" ordinal="4" offset="38" sl="41" sc="9" el="41" ec="10" bec="0" bev="0" fileid="70" />
              </SequencePoints>
              <BranchPoints>
                <BranchPoint vc="0" uspid="314" ordinal="0" offset="12" sl="37" path="0" offsetend="14" fileid="70" />
                <BranchPoint vc="0" uspid="315" ordinal="1" offset="12" sl="37" path="1" offsetend="20" fileid="70" />
              </BranchPoints>
              <MethodPoint xsi:type="SequencePoint" vc="0" uspid="309" ordinal="0" offset="0" sl="36" sc="9" el="36" ec="10" bec="0" bev="0" fileid="70" />
            </Method>
            <Method visited="false" cyclomaticComplexity="2" nPathComplexity="2" sequenceCoverage="0" branchCoverage="0" crapScore="6" isConstructor="false" isStatic="false" isGetter="false" isSetter="false">
              <Summary numSequencePoints="5" visitedSequencePoints="0" numBranchPoints="3" visitedBranchPoints="0" sequenceCoverage="0" branchCoverage="0" maxCyclomaticComplexity="2" minCyclomaticComplexity="2" maxCrapScore="6" minCrapScore="6" visitedClasses="0" numClasses="0" visitedMethods="0" numMethods="1" />
              <MetadataToken>100663307</MetadataToken>
              <Name>Projeto_NFe.Dominio.Caracteristicas.Emitentes.Emitente Projeto_NFe.Aplicacao.Caracteristicas.Emitentes.EmitenteServico::Pegar(Projeto_NFe.Dominio.Caracteristicas.Emitentes.Emitente)</Name>
              <FileRef uid="70" />
              <SequencePoints>
                <SequencePoint vc="0" uspid="316" ordinal="0" offset="0" sl="44" sc="9" el="44" ec="10" bec="0" bev="0" fileid="70" />
                <SequencePoint vc="0" uspid="317" ordinal="1" offset="1" sl="45" sc="13" el="45" ec="34" bec="2" bev="0" fileid="70" />
                <SequencePoint vc="0" uspid="318" ordinal="2" offset="14" sl="46" sc="17" el="46" ec="60" bec="0" bev="0" fileid="70" />
                <SequencePoint vc="0" uspid="319" ordinal="3" offset="20" sl="48" sc="13" el="48" ec="60" bec="0" bev="0" fileid="70" />
                <SequencePoint vc="0" uspid="320" ordinal="4" offset="40" sl="49" sc="9" el="49" ec="10" bec="0" bev="0" fileid="70" />
              </SequencePoints>
              <BranchPoints>
                <BranchPoint vc="0" uspid="321" ordinal="0" offset="12" sl="45" path="0" offsetend="14" fileid="70" />
                <BranchPoint vc="0" uspid="322" ordinal="1" offset="12" sl="45" path="1" offsetend="20" fileid="70" />
              </BranchPoints>
              <MethodPoint xsi:type="SequencePoint" vc="0" uspid="316" ordinal="0" offset="0" sl="44" sc="9" el="44" ec="10" bec="0" bev="0" fileid="70" />
            </Method>
            <Method visited="false" cyclomaticComplexity="1" nPathComplexity="0" sequenceCoverage="0" branchCoverage="0" crapScore="2" isConstructor="false" isStatic="false" isGetter="false" isSetter="false">
              <Summary numSequencePoints="3" visitedSequencePoints="0" numBranchPoints="1" visitedBranchPoints="0" sequenceCoverage="0" branchCoverage="0" maxCyclomaticComplexity="1" minCyclomaticComplexity="1" maxCrapScore="2" minCrapScore="2" visitedClasses="0" numClasses="0" visitedMethods="0" numMethods="1" />
              <MetadataToken>100663308</MetadataToken>
              <Name>System.Collections.Generic.IEnumerable`1&lt;Projeto_NFe.Dominio.Caracteristicas.Emitentes.Emitente&gt; Projeto_NFe.Aplicacao.Caracteristicas.Emitentes.EmitenteServico::PegarTodos()</Name>
              <FileRef uid="70" />
              <SequencePoints>
                <SequencePoint vc="0" uspid="323" ordinal="0" offset="0" sl="52" sc="9" el="52" ec="10" bec="0" bev="0" fileid="70" />
                <SequencePoint vc="0" uspid="324" ordinal="1" offset="1" sl="53" sc="13" el="53" ec="54" bec="0" bev="0" fileid="70" />
                <SequencePoint vc="0" uspid="325" ordinal="2" offset="15" sl="54" sc="9" el="54" ec="10" bec="0" bev="0" fileid="70" />
              </SequencePoints>
              <BranchPoints />
              <MethodPoint xsi:type="SequencePoint" vc="0" uspid="323" ordinal="0" offset="0" sl="52" sc="9" el="52" ec="10" bec="0" bev="0" fileid="70" />
            </Method>
          </Methods>
        </Class>
      </Classes>
    </Module>
  </Modules>
</CoverageSession>