<?xml version="1.0" encoding="utf-8"?>
<CoverageSession xmlns:xsd="http://www.w3.org/2001/XMLSchema" xmlns:xsi="http://www.w3.org/2001/XMLSchema-instance" Version="4.6.0.0">
  <Summary numSequencePoints="770" visitedSequencePoints="745" numBranchPoints="386" visitedBranchPoints="358" sequenceCoverage="96.75" branchCoverage="92.75" maxCyclomaticComplexity="25" minCyclomaticComplexity="1" maxCrapScore="25" minCrapScore="1" visitedClasses="73" numClasses="74" visitedMethods="149" numMethods="156" />
  <Modules>
    <Module hash="EE-42-FA-69-8A-B8-61-DD-80-24-62-00-E6-E7-83-57-2D-C6-F8-6B">
      <Summary numSequencePoints="329" visitedSequencePoints="325" numBranchPoints="171" visitedBranchPoints="169" sequenceCoverage="98.78" branchCoverage="98.83" maxCyclomaticComplexity="17" minCyclomaticComplexity="1" maxCrapScore="17" minCrapScore="1" visitedClasses="56" numClasses="57" visitedMethods="64" numMethods="65" />
      <ModulePath>C:\Users\ndduser\Desktop\GengiScrum\Projeto_NFe\Projeto_NFe.Aplicacao.Testes\bin\Debug\Projeto_NFe.Dominio.dll</ModulePath>
      <ModuleTime>2018-06-08T16:35:10.3060457Z</ModuleTime>
      <ModuleName>Projeto_NFe.Dominio</ModuleName>
      <Files>
        <File uid="1" fullPath="C:\Users\ndduser\Desktop\GengiScrum\Projeto_NFe\Projeto_NFe.Dominio\Excecoes\ExcecaoNegocio.cs" />
        <File uid="2" fullPath="C:\Users\ndduser\Desktop\GengiScrum\Projeto_NFe\Projeto_NFe.Dominio\Excecoes\IdentificadorIndefinidoExcecao.cs" />
        <File uid="3" fullPath="C:\Users\ndduser\Desktop\GengiScrum\Projeto_NFe\Projeto_NFe.Dominio\Caracteristicas\Transportadoras\Transportadora.cs" />
        <File uid="4" fullPath="C:\Users\ndduser\Desktop\GengiScrum\Projeto_NFe\Projeto_NFe.Dominio\Caracteristicas\Transportadoras\TransportadoraCNPJInvalidoExcecao.cs" />
        <File uid="5" fullPath="C:\Users\ndduser\Desktop\GengiScrum\Projeto_NFe\Projeto_NFe.Dominio\Caracteristicas\Transportadoras\TransportadoraCPFInvalidoExcecao.cs" />
        <File uid="6" fullPath="C:\Users\ndduser\Desktop\GengiScrum\Projeto_NFe\Projeto_NFe.Dominio\Caracteristicas\Transportadoras\TransportadoraEnderecoInvalidoExcecao.cs" />
        <File uid="7" fullPath="C:\Users\ndduser\Desktop\GengiScrum\Projeto_NFe\Projeto_NFe.Dominio\Caracteristicas\Transportadoras\TransportadoraInscricaoEstadualInvalidaExcecao.cs" />
        <File uid="8" fullPath="C:\Users\ndduser\Desktop\GengiScrum\Projeto_NFe\Projeto_NFe.Dominio\Caracteristicas\Transportadoras\TransportadoraPessoaFisicaNaoPodePossuirCNPJExcecao.cs" />
        <File uid="9" fullPath="C:\Users\ndduser\Desktop\GengiScrum\Projeto_NFe\Projeto_NFe.Dominio\Caracteristicas\Transportadoras\TransportadoraPessoaJuridicaNaoPodePossuirCPFExcecao.cs" />
        <File uid="10" fullPath="C:\Users\ndduser\Desktop\GengiScrum\Projeto_NFe\Projeto_NFe.Dominio\Caracteristicas\Transportadoras\TransportadoraPessoaJuridicaNaoPodePossuirNomeExcecao.cs" />
        <File uid="11" fullPath="C:\Users\ndduser\Desktop\GengiScrum\Projeto_NFe\Projeto_NFe.Dominio\Caracteristicas\Transportadoras\TransportadoraNomeInvalidoExcecao.cs" />
        <File uid="12" fullPath="C:\Users\ndduser\Desktop\GengiScrum\Projeto_NFe\Projeto_NFe.Dominio\Caracteristicas\Transportadoras\TransportadoraPessoaFisicaNaoPodePossuirInscricaoEstadualExcecao.cs" />
        <File uid="13" fullPath="C:\Users\ndduser\Desktop\GengiScrum\Projeto_NFe\Projeto_NFe.Dominio\Caracteristicas\Transportadoras\TransportadoraPessoaFisicaNaoPodePossuirRazaoSocialExcecao.cs" />
        <File uid="14" fullPath="C:\Users\ndduser\Desktop\GengiScrum\Projeto_NFe\Projeto_NFe.Dominio\Caracteristicas\Transportadoras\TransportadoraRazaoSocialInvalidaExcecao.cs" />
        <File uid="15" fullPath="C:\Users\ndduser\Desktop\GengiScrum\Projeto_NFe\Projeto_NFe.Dominio\Caracteristicas\Produtos\Produto.cs" />
        <File uid="16" fullPath="C:\Users\ndduser\Desktop\GengiScrum\Projeto_NFe\Projeto_NFe.Dominio\Caracteristicas\Produtos\ProdutoCodigoInvalidoExcecao.cs" />
        <File uid="17" fullPath="C:\Users\ndduser\Desktop\GengiScrum\Projeto_NFe\Projeto_NFe.Dominio\Caracteristicas\Produtos\ProdutoDescricaoInvalidaExcecao.cs" />
        <File uid="18" fullPath="C:\Users\ndduser\Desktop\GengiScrum\Projeto_NFe\Projeto_NFe.Dominio\Caracteristicas\Produtos\ProdutoValorInvalidoExcecao.cs" />
        <File uid="19" fullPath="C:\Users\ndduser\Desktop\GengiScrum\Projeto_NFe\Projeto_NFe.Dominio\Caracteristicas\ProdutosVendidos\ProdutoVendido.cs" />
        <File uid="20" fullPath="C:\Users\ndduser\Desktop\GengiScrum\Projeto_NFe\Projeto_NFe.Dominio\Caracteristicas\ProdutosVendidos\ProdutoVendidoQuantidadeExcecao.cs" />
        <File uid="21" fullPath="C:\Users\ndduser\Desktop\GengiScrum\Projeto_NFe\Projeto_NFe.Dominio\Caracteristicas\NotasFiscaisEmitidas\NotaFiscalEmitidaChaveDeAcessoInvalidaExcecao.cs" />
        <File uid="22" fullPath="C:\Users\ndduser\Desktop\GengiScrum\Projeto_NFe\Projeto_NFe.Dominio\Caracteristicas\NotaFiscais\NotaFiscal.cs" />
        <File uid="23" fullPath="C:\Users\ndduser\Desktop\GengiScrum\Projeto_NFe\Projeto_NFe.Dominio\Caracteristicas\NotaFiscais\NotaFiscalDataEntradaInvalidaExcecao.cs" />
        <File uid="24" fullPath="C:\Users\ndduser\Desktop\GengiScrum\Projeto_NFe\Projeto_NFe.Dominio\Caracteristicas\NotaFiscais\NotaFiscalDestinatarioInvalidoExcecao.cs" />
        <File uid="25" fullPath="C:\Users\ndduser\Desktop\GengiScrum\Projeto_NFe\Projeto_NFe.Dominio\Caracteristicas\NotaFiscais\NotaFiscalEmitenteInvalidoExcecao.cs" />
        <File uid="26" fullPath="C:\Users\ndduser\Desktop\GengiScrum\Projeto_NFe\Projeto_NFe.Dominio\Caracteristicas\NotaFiscais\NotaFiscalEmitenteMesmoQueDestinatarioExcecao.cs" />
        <File uid="27" fullPath="C:\Users\ndduser\Desktop\GengiScrum\Projeto_NFe\Projeto_NFe.Dominio\Caracteristicas\NotaFiscais\NotaFiscalNaturezaOperacaoInvalidaExcecao.cs" />
        <File uid="28" fullPath="C:\Users\ndduser\Desktop\GengiScrum\Projeto_NFe\Projeto_NFe.Dominio\Caracteristicas\NotaFiscais\NotaFiscalProdutosExcecao.cs" />
        <File uid="29" fullPath="C:\Users\ndduser\Desktop\GengiScrum\Projeto_NFe\Projeto_NFe.Dominio\Caracteristicas\NotaFiscais\NotaFiscalTransportadoraInvalidaExcecao.cs" />
        <File uid="30" fullPath="C:\Users\ndduser\Desktop\GengiScrum\Projeto_NFe\Projeto_NFe.Dominio\Caracteristicas\ImpostoProdutos\ImpostoProduto.cs" />
        <File uid="31" fullPath="C:\Users\ndduser\Desktop\GengiScrum\Projeto_NFe\Projeto_NFe.Dominio\Caracteristicas\ImpostoNotasFiscais\ImpostoNotaFiscal.cs" />
        <File uid="32" fullPath="C:\Users\ndduser\Desktop\GengiScrum\Projeto_NFe\Projeto_NFe.Dominio\Caracteristicas\Enderecos\BairroCaracteresExcecao.cs" />
        <File uid="33" fullPath="C:\Users\ndduser\Desktop\GengiScrum\Projeto_NFe\Projeto_NFe.Dominio\Caracteristicas\Enderecos\Endereco.cs" />
        <File uid="34" fullPath="C:\Users\ndduser\Desktop\GengiScrum\Projeto_NFe\Projeto_NFe.Dominio\Caracteristicas\Enderecos\EstadoCaracteresExcecao.cs" />
        <File uid="35" fullPath="C:\Users\ndduser\Desktop\GengiScrum\Projeto_NFe\Projeto_NFe.Dominio\Caracteristicas\Enderecos\LogradouroCaracteresExcecao.cs" />
        <File uid="36" fullPath="C:\Users\ndduser\Desktop\GengiScrum\Projeto_NFe\Projeto_NFe.Dominio\Caracteristicas\Enderecos\MunicipioCaracteresExcecao.cs" />
        <File uid="37" fullPath="C:\Users\ndduser\Desktop\GengiScrum\Projeto_NFe\Projeto_NFe.Dominio\Caracteristicas\Enderecos\NumeroInvalidoExcecao.cs" />
        <File uid="38" fullPath="C:\Users\ndduser\Desktop\GengiScrum\Projeto_NFe\Projeto_NFe.Dominio\Caracteristicas\Enderecos\PaisCaracteresExcecao.cs" />
        <File uid="39" fullPath="C:\Users\ndduser\Desktop\GengiScrum\Projeto_NFe\Projeto_NFe.Dominio\Caracteristicas\Emitentes\EmitenteCnpjCaracteresExcecao.cs" />
        <File uid="40" fullPath="C:\Users\ndduser\Desktop\GengiScrum\Projeto_NFe\Projeto_NFe.Dominio\Caracteristicas\Emitentes\Emitente.cs" />
        <File uid="41" fullPath="C:\Users\ndduser\Desktop\GengiScrum\Projeto_NFe\Projeto_NFe.Dominio\Caracteristicas\Emitentes\EmitenteEnderecoInvalidoExcecao.cs" />
        <File uid="42" fullPath="C:\Users\ndduser\Desktop\GengiScrum\Projeto_NFe\Projeto_NFe.Dominio\Caracteristicas\Emitentes\EmitenteInscricaoEstadualCaracteresExcecao.cs" />
        <File uid="43" fullPath="C:\Users\ndduser\Desktop\GengiScrum\Projeto_NFe\Projeto_NFe.Dominio\Caracteristicas\Emitentes\EmitenteInscricaoMunicipalCaracteresExcecao.cs" />
        <File uid="44" fullPath="C:\Users\ndduser\Desktop\GengiScrum\Projeto_NFe\Projeto_NFe.Dominio\Caracteristicas\Emitentes\EmitenteNomeFantasiaCaracteresExcecao.cs" />
        <File uid="45" fullPath="C:\Users\ndduser\Desktop\GengiScrum\Projeto_NFe\Projeto_NFe.Dominio\Caracteristicas\Emitentes\EmitenteRazaoSocialCaracteresExcecao.cs" />
        <File uid="46" fullPath="C:\Users\ndduser\Desktop\GengiScrum\Projeto_NFe\Projeto_NFe.Dominio\Caracteristicas\Destinatarios\Destinatario.cs" />
        <File uid="47" fullPath="C:\Users\ndduser\Desktop\GengiScrum\Projeto_NFe\Projeto_NFe.Dominio\Caracteristicas\Destinatarios\DestinatarioCNPJInvalidoExcecao.cs" />
        <File uid="48" fullPath="C:\Users\ndduser\Desktop\GengiScrum\Projeto_NFe\Projeto_NFe.Dominio\Caracteristicas\Destinatarios\DestinatarioCPFInvalidoExcecao.cs" />
        <File uid="49" fullPath="C:\Users\ndduser\Desktop\GengiScrum\Projeto_NFe\Projeto_NFe.Dominio\Caracteristicas\Destinatarios\DestinatarioEnderecoInvalidoExcecao.cs" />
        <File uid="50" fullPath="C:\Users\ndduser\Desktop\GengiScrum\Projeto_NFe\Projeto_NFe.Dominio\Caracteristicas\Destinatarios\DestinatarioInscricaoEstadualInvalidaExcecao.cs" />
        <File uid="51" fullPath="C:\Users\ndduser\Desktop\GengiScrum\Projeto_NFe\Projeto_NFe.Dominio\Caracteristicas\Destinatarios\DestinatarioNomeInvalidoExcecao.cs" />
        <File uid="52" fullPath="C:\Users\ndduser\Desktop\GengiScrum\Projeto_NFe\Projeto_NFe.Dominio\Caracteristicas\Destinatarios\DestinatarioPessoaFisicaNaoPodePossuirCNPJExcecao.cs" />
        <File uid="53" fullPath="C:\Users\ndduser\Desktop\GengiScrum\Projeto_NFe\Projeto_NFe.Dominio\Caracteristicas\Destinatarios\DestinatarioPessoaFisicaNaoPodePossuirInscricaoEstadualExcecao.cs" />
        <File uid="54" fullPath="C:\Users\ndduser\Desktop\GengiScrum\Projeto_NFe\Projeto_NFe.Dominio\Caracteristicas\Destinatarios\DestinatarioPessoaFisicaNaoPodePossuirRazaoSocialExcecao.cs" />
        <File uid="55" fullPath="C:\Users\ndduser\Desktop\GengiScrum\Projeto_NFe\Projeto_NFe.Dominio\Caracteristicas\Destinatarios\DestinatarioPessoaJuridicaNaoPodePossuirCPFExcecao.cs" />
        <File uid="56" fullPath="C:\Users\ndduser\Desktop\GengiScrum\Projeto_NFe\Projeto_NFe.Dominio\Caracteristicas\Destinatarios\DestinatarioPessoaJuridicaNaoPodePossuirNomeExcecao.cs" />
        <File uid="57" fullPath="C:\Users\ndduser\Desktop\GengiScrum\Projeto_NFe\Projeto_NFe.Dominio\Caracteristicas\Destinatarios\DestinatarioRazaoSocialInvalidaExcecao.cs" />
      </Files>
      <Classes>
        <Class>
          <Summary numSequencePoints="3" visitedSequencePoints="3" numBranchPoints="1" visitedBranchPoints="1" sequenceCoverage="100" branchCoverage="100" maxCyclomaticComplexity="1" minCyclomaticComplexity="1" maxCrapScore="1" minCrapScore="1" visitedClasses="1" numClasses="1" visitedMethods="1" numMethods="1" />
          <FullName>Projeto_NFe.Dominio.Excecoes.ExcecaoNegocio</FullName>
          <Methods>
            <Method visited="true" cyclomaticComplexity="1" nPathComplexity="0" sequenceCoverage="100" branchCoverage="100" crapScore="1" isConstructor="true" isStatic="false" isGetter="false" isSetter="false">
              <Summary numSequencePoints="3" visitedSequencePoints="3" numBranchPoints="1" visitedBranchPoints="1" sequenceCoverage="100" branchCoverage="100" maxCyclomaticComplexity="1" minCyclomaticComplexity="1" maxCrapScore="1" minCrapScore="1" visitedClasses="0" numClasses="0" visitedMethods="1" numMethods="1" />
              <MetadataToken>100663297</MetadataToken>
              <Name>System.Void Projeto_NFe.Dominio.Excecoes.ExcecaoNegocio::.ctor(System.String)</Name>
              <FileRef uid="1" />
              <SequencePoints>
                <SequencePoint vc="331" uspid="1" ordinal="0" offset="0" sl="11" sc="50" el="11" ec="64" bec="0" bev="0" fileid="1" />
                <SequencePoint vc="331" uspid="2" ordinal="1" offset="8" sl="12" sc="9" el="12" ec="10" bec="0" bev="0" fileid="1" />
                <SequencePoint vc="331" uspid="3" ordinal="2" offset="9" sl="14" sc="9" el="14" ec="10" bec="0" bev="0" fileid="1" />
              </SequencePoints>
              <BranchPoints />
              <MethodPoint xsi:type="SequencePoint" vc="331" uspid="1" ordinal="0" offset="0" sl="11" sc="50" el="11" ec="64" bec="0" bev="0" fileid="1" />
            </Method>
          </Methods>
        </Class>
        <Class>
          <Summary numSequencePoints="3" visitedSequencePoints="3" numBranchPoints="1" visitedBranchPoints="1" sequenceCoverage="100" branchCoverage="100" maxCyclomaticComplexity="1" minCyclomaticComplexity="1" maxCrapScore="1" minCrapScore="1" visitedClasses="1" numClasses="1" visitedMethods="1" numMethods="1" />
          <FullName>Projeto_NFe.Dominio.Excecoes.IdentificadorIndefinidoExcecao</FullName>
          <Methods>
            <Method visited="true" cyclomaticComplexity="1" nPathComplexity="0" sequenceCoverage="100" branchCoverage="100" crapScore="1" isConstructor="true" isStatic="false" isGetter="false" isSetter="false">
              <Summary numSequencePoints="3" visitedSequencePoints="3" numBranchPoints="1" visitedBranchPoints="1" sequenceCoverage="100" branchCoverage="100" maxCyclomaticComplexity="1" minCyclomaticComplexity="1" maxCrapScore="1" minCrapScore="1" visitedClasses="0" numClasses="0" visitedMethods="1" numMethods="1" />
              <MetadataToken>100663298</MetadataToken>
              <Name>System.Void Projeto_NFe.Dominio.Excecoes.IdentificadorIndefinidoExcecao::.ctor()</Name>
              <FileRef uid="2" />
              <SequencePoints>
                <SequencePoint vc="39" uspid="4" ordinal="0" offset="0" sl="11" sc="51" el="11" ec="91" bec="0" bev="0" fileid="2" />
                <SequencePoint vc="39" uspid="5" ordinal="1" offset="12" sl="12" sc="9" el="12" ec="10" bec="0" bev="0" fileid="2" />
                <SequencePoint vc="39" uspid="6" ordinal="2" offset="13" sl="13" sc="9" el="13" ec="10" bec="0" bev="0" fileid="2" />
              </SequencePoints>
              <BranchPoints />
              <MethodPoint xsi:type="SequencePoint" vc="39" uspid="4" ordinal="0" offset="0" sl="11" sc="51" el="11" ec="91" bec="0" bev="0" fileid="2" />
            </Method>
          </Methods>
        </Class>
        <Class>
          <Summary numSequencePoints="34" visitedSequencePoints="34" numBranchPoints="29" visitedBranchPoints="29" sequenceCoverage="100" branchCoverage="100" maxCyclomaticComplexity="17" minCyclomaticComplexity="1" maxCrapScore="17" minCrapScore="2" visitedClasses="1" numClasses="1" visitedMethods="1" numMethods="1" />
          <FullName>Projeto_NFe.Dominio.Caracteristicas.Transportadoras.Transportadora</FullName>
          <Methods>
            <Method skippedDueTo="AutoImplementedProperty" visited="false" cyclomaticComplexity="1" nPathComplexity="0" sequenceCoverage="0" branchCoverage="0" crapScore="0" isConstructor="false" isStatic="false" isGetter="true" isSetter="false">
              <MetadataToken>100663309</MetadataToken>
              <Name>System.Int32 Projeto_NFe.Dominio.Caracteristicas.Transportadoras.Transportadora::get_Id()</Name>
              <FileRef uid="3" />
              <SequencePoints />
              <BranchPoints />
            </Method>
            <Method skippedDueTo="AutoImplementedProperty" visited="false" cyclomaticComplexity="1" nPathComplexity="0" sequenceCoverage="0" branchCoverage="0" crapScore="0" isConstructor="false" isStatic="false" isGetter="false" isSetter="true">
              <MetadataToken>100663310</MetadataToken>
              <Name>System.Void Projeto_NFe.Dominio.Caracteristicas.Transportadoras.Transportadora::set_Id(System.Int32)</Name>
              <FileRef uid="3" />
              <SequencePoints />
              <BranchPoints />
            </Method>
            <Method skippedDueTo="AutoImplementedProperty" visited="false" cyclomaticComplexity="1" nPathComplexity="0" sequenceCoverage="0" branchCoverage="0" crapScore="0" isConstructor="false" isStatic="false" isGetter="true" isSetter="false">
              <MetadataToken>100663311</MetadataToken>
              <Name>System.String Projeto_NFe.Dominio.Caracteristicas.Transportadoras.Transportadora::get_Nome()</Name>
              <FileRef uid="3" />
              <SequencePoints />
              <BranchPoints />
            </Method>
            <Method skippedDueTo="AutoImplementedProperty" visited="false" cyclomaticComplexity="1" nPathComplexity="0" sequenceCoverage="0" branchCoverage="0" crapScore="0" isConstructor="false" isStatic="false" isGetter="false" isSetter="true">
              <MetadataToken>100663312</MetadataToken>
              <Name>System.Void Projeto_NFe.Dominio.Caracteristicas.Transportadoras.Transportadora::set_Nome(System.String)</Name>
              <FileRef uid="3" />
              <SequencePoints />
              <BranchPoints />
            </Method>
            <Method skippedDueTo="AutoImplementedProperty" visited="false" cyclomaticComplexity="1" nPathComplexity="0" sequenceCoverage="0" branchCoverage="0" crapScore="0" isConstructor="false" isStatic="false" isGetter="true" isSetter="false">
              <MetadataToken>100663313</MetadataToken>
              <Name>System.String Projeto_NFe.Dominio.Caracteristicas.Transportadoras.Transportadora::get_RazaoSocial()</Name>
              <FileRef uid="3" />
              <SequencePoints />
              <BranchPoints />
            </Method>
            <Method skippedDueTo="AutoImplementedProperty" visited="false" cyclomaticComplexity="1" nPathComplexity="0" sequenceCoverage="0" branchCoverage="0" crapScore="0" isConstructor="false" isStatic="false" isGetter="false" isSetter="true">
              <MetadataToken>100663314</MetadataToken>
              <Name>System.Void Projeto_NFe.Dominio.Caracteristicas.Transportadoras.Transportadora::set_RazaoSocial(System.String)</Name>
              <FileRef uid="3" />
              <SequencePoints />
              <BranchPoints />
            </Method>
            <Method skippedDueTo="AutoImplementedProperty" visited="false" cyclomaticComplexity="1" nPathComplexity="0" sequenceCoverage="0" branchCoverage="0" crapScore="0" isConstructor="false" isStatic="false" isGetter="true" isSetter="false">
              <MetadataToken>100663315</MetadataToken>
              <Name>System.String Projeto_NFe.Dominio.Caracteristicas.Transportadoras.Transportadora::get_CNPJ()</Name>
              <FileRef uid="3" />
              <SequencePoints />
              <BranchPoints />
            </Method>
            <Method skippedDueTo="AutoImplementedProperty" visited="false" cyclomaticComplexity="1" nPathComplexity="0" sequenceCoverage="0" branchCoverage="0" crapScore="0" isConstructor="false" isStatic="false" isGetter="false" isSetter="true">
              <MetadataToken>100663316</MetadataToken>
              <Name>System.Void Projeto_NFe.Dominio.Caracteristicas.Transportadoras.Transportadora::set_CNPJ(System.String)</Name>
              <FileRef uid="3" />
              <SequencePoints />
              <BranchPoints />
            </Method>
            <Method skippedDueTo="AutoImplementedProperty" visited="false" cyclomaticComplexity="1" nPathComplexity="0" sequenceCoverage="0" branchCoverage="0" crapScore="0" isConstructor="false" isStatic="false" isGetter="true" isSetter="false">
              <MetadataToken>100663317</MetadataToken>
              <Name>System.String Projeto_NFe.Dominio.Caracteristicas.Transportadoras.Transportadora::get_CPF()</Name>
              <FileRef uid="3" />
              <SequencePoints />
              <BranchPoints />
            </Method>
            <Method skippedDueTo="AutoImplementedProperty" visited="false" cyclomaticComplexity="1" nPathComplexity="0" sequenceCoverage="0" branchCoverage="0" crapScore="0" isConstructor="false" isStatic="false" isGetter="false" isSetter="true">
              <MetadataToken>100663318</MetadataToken>
              <Name>System.Void Projeto_NFe.Dominio.Caracteristicas.Transportadoras.Transportadora::set_CPF(System.String)</Name>
              <FileRef uid="3" />
              <SequencePoints />
              <BranchPoints />
            </Method>
            <Method skippedDueTo="AutoImplementedProperty" visited="false" cyclomaticComplexity="1" nPathComplexity="0" sequenceCoverage="0" branchCoverage="0" crapScore="0" isConstructor="false" isStatic="false" isGetter="true" isSetter="false">
              <MetadataToken>100663319</MetadataToken>
              <Name>System.String Projeto_NFe.Dominio.Caracteristicas.Transportadoras.Transportadora::get_InscricaoEstadual()</Name>
              <FileRef uid="3" />
              <SequencePoints />
              <BranchPoints />
            </Method>
            <Method skippedDueTo="AutoImplementedProperty" visited="false" cyclomaticComplexity="1" nPathComplexity="0" sequenceCoverage="0" branchCoverage="0" crapScore="0" isConstructor="false" isStatic="false" isGetter="false" isSetter="true">
              <MetadataToken>100663320</MetadataToken>
              <Name>System.Void Projeto_NFe.Dominio.Caracteristicas.Transportadoras.Transportadora::set_InscricaoEstadual(System.String)</Name>
              <FileRef uid="3" />
              <SequencePoints />
              <BranchPoints />
            </Method>
            <Method skippedDueTo="AutoImplementedProperty" visited="false" cyclomaticComplexity="1" nPathComplexity="0" sequenceCoverage="0" branchCoverage="0" crapScore="0" isConstructor="false" isStatic="false" isGetter="true" isSetter="false">
              <MetadataToken>100663321</MetadataToken>
              <Name>System.Boolean Projeto_NFe.Dominio.Caracteristicas.Transportadoras.Transportadora::get_ResponsabilidadeFrete()</Name>
              <FileRef uid="3" />
              <SequencePoints />
              <BranchPoints />
            </Method>
            <Method skippedDueTo="AutoImplementedProperty" visited="false" cyclomaticComplexity="1" nPathComplexity="0" sequenceCoverage="0" branchCoverage="0" crapScore="0" isConstructor="false" isStatic="false" isGetter="false" isSetter="true">
              <MetadataToken>100663322</MetadataToken>
              <Name>System.Void Projeto_NFe.Dominio.Caracteristicas.Transportadoras.Transportadora::set_ResponsabilidadeFrete(System.Boolean)</Name>
              <FileRef uid="3" />
              <SequencePoints />
              <BranchPoints />
            </Method>
            <Method skippedDueTo="AutoImplementedProperty" visited="false" cyclomaticComplexity="1" nPathComplexity="0" sequenceCoverage="0" branchCoverage="0" crapScore="0" isConstructor="false" isStatic="false" isGetter="true" isSetter="false">
              <MetadataToken>100663323</MetadataToken>
              <Name>Projeto_NFe.Dominio.Caracteristicas.Enderecos.Endereco Projeto_NFe.Dominio.Caracteristicas.Transportadoras.Transportadora::get_EnderecoTransportadora()</Name>
              <FileRef uid="3" />
              <SequencePoints />
              <BranchPoints />
            </Method>
            <Method skippedDueTo="AutoImplementedProperty" visited="false" cyclomaticComplexity="1" nPathComplexity="0" sequenceCoverage="0" branchCoverage="0" crapScore="0" isConstructor="false" isStatic="false" isGetter="false" isSetter="true">
              <MetadataToken>100663324</MetadataToken>
              <Name>System.Void Projeto_NFe.Dominio.Caracteristicas.Transportadoras.Transportadora::set_EnderecoTransportadora(Projeto_NFe.Dominio.Caracteristicas.Enderecos.Endereco)</Name>
              <FileRef uid="3" />
              <SequencePoints />
              <BranchPoints />
            </Method>
            <Method skippedDueTo="AutoImplementedProperty" visited="false" cyclomaticComplexity="1" nPathComplexity="0" sequenceCoverage="0" branchCoverage="0" crapScore="0" isConstructor="false" isStatic="false" isGetter="true" isSetter="false">
              <MetadataToken>100663325</MetadataToken>
              <Name>Projeto_NFe.Dominio.Utils.EnumTipoPessoa Projeto_NFe.Dominio.Caracteristicas.Transportadoras.Transportadora::get_TipoPessoa()</Name>
              <FileRef uid="3" />
              <SequencePoints />
              <BranchPoints />
            </Method>
            <Method skippedDueTo="AutoImplementedProperty" visited="false" cyclomaticComplexity="1" nPathComplexity="0" sequenceCoverage="0" branchCoverage="0" crapScore="0" isConstructor="false" isStatic="false" isGetter="false" isSetter="true">
              <MetadataToken>100663326</MetadataToken>
              <Name>System.Void Projeto_NFe.Dominio.Caracteristicas.Transportadoras.Transportadora::set_TipoPessoa(Projeto_NFe.Dominio.Utils.EnumTipoPessoa)</Name>
              <FileRef uid="3" />
              <SequencePoints />
              <BranchPoints />
            </Method>
            <Method visited="true" cyclomaticComplexity="17" nPathComplexity="16384" sequenceCoverage="100" branchCoverage="100" crapScore="17" isConstructor="false" isStatic="false" isGetter="false" isSetter="false">
              <Summary numSequencePoints="34" visitedSequencePoints="34" numBranchPoints="29" visitedBranchPoints="29" sequenceCoverage="100" branchCoverage="100" maxCyclomaticComplexity="17" minCyclomaticComplexity="17" maxCrapScore="17" minCrapScore="17" visitedClasses="0" numClasses="0" visitedMethods="1" numMethods="1" />
              <MetadataToken>100663327</MetadataToken>
              <Name>System.Void Projeto_NFe.Dominio.Caracteristicas.Transportadoras.Transportadora::Validar()</Name>
              <FileRef uid="3" />
              <SequencePoints>
                <SequencePoint vc="108" uspid="7" ordinal="0" offset="0" sl="25" sc="9" el="25" ec="10" bec="0" bev="0" fileid="3" />
                <SequencePoint vc="108" uspid="8" ordinal="1" offset="1" sl="26" sc="13" el="26" ec="58" bec="2" bev="2" fileid="3" />
                <SequencePoint vc="59" uspid="9" ordinal="2" offset="17" sl="27" sc="13" el="27" ec="14" bec="0" bev="0" fileid="3" />
                <SequencePoint vc="59" uspid="10" ordinal="3" offset="18" sl="28" sc="17" el="28" ec="57" bec="2" bev="2" fileid="3" />
                <SequencePoint vc="8" uspid="11" ordinal="4" offset="54" sl="28" sc="58" el="28" ec="104" bec="0" bev="0" fileid="3" />
                <SequencePoint vc="51" uspid="12" ordinal="5" offset="60" sl="29" sc="17" el="29" ec="77" bec="0" bev="0" fileid="3" />
                <SequencePoint vc="51" uspid="13" ordinal="6" offset="77" sl="30" sc="17" el="30" ec="64" bec="2" bev="2" fileid="3" />
                <SequencePoint vc="8" uspid="14" ordinal="7" offset="101" sl="30" sc="65" el="30" ec="110" bec="0" bev="0" fileid="3" />
                <SequencePoint vc="43" uspid="15" ordinal="8" offset="107" sl="31" sc="17" el="31" ec="52" bec="2" bev="2" fileid="3" />
                <SequencePoint vc="7" uspid="16" ordinal="9" offset="122" sl="31" sc="53" el="31" ec="103" bec="0" bev="0" fileid="3" />
                <SequencePoint vc="36" uspid="17" ordinal="10" offset="128" sl="32" sc="17" el="32" ec="49" bec="2" bev="2" fileid="3" />
                <SequencePoint vc="7" uspid="18" ordinal="11" offset="148" sl="32" sc="50" el="32" ec="114" bec="0" bev="0" fileid="3" />
                <SequencePoint vc="29" uspid="19" ordinal="12" offset="154" sl="33" sc="17" el="33" ec="56" bec="2" bev="2" fileid="3" />
                <SequencePoint vc="7" uspid="20" ordinal="13" offset="174" sl="33" sc="57" el="33" ec="128" bec="0" bev="0" fileid="3" />
                <SequencePoint vc="22" uspid="21" ordinal="14" offset="180" sl="34" sc="17" el="34" ec="62" bec="2" bev="2" fileid="3" />
                <SequencePoint vc="7" uspid="22" ordinal="15" offset="200" sl="34" sc="63" el="34" ec="140" bec="0" bev="0" fileid="3" />
                <SequencePoint vc="15" uspid="23" ordinal="16" offset="206" sl="35" sc="13" el="35" ec="14" bec="0" bev="0" fileid="3" />
                <SequencePoint vc="64" uspid="24" ordinal="17" offset="207" sl="36" sc="13" el="36" ec="60" bec="2" bev="2" fileid="3" />
                <SequencePoint vc="49" uspid="25" ordinal="18" offset="225" sl="37" sc="13" el="37" ec="14" bec="0" bev="0" fileid="3" />
                <SequencePoint vc="49" uspid="26" ordinal="19" offset="226" sl="38" sc="17" el="38" ec="71" bec="2" bev="2" fileid="3" />
                <SequencePoint vc="8" uspid="27" ordinal="20" offset="264" sl="38" sc="72" el="38" ec="125" bec="0" bev="0" fileid="3" />
                <SequencePoint vc="41" uspid="28" ordinal="21" offset="270" sl="39" sc="17" el="39" ec="78" bec="0" bev="0" fileid="3" />
                <SequencePoint vc="41" uspid="29" ordinal="22" offset="288" sl="40" sc="17" el="40" ec="65" bec="2" bev="2" fileid="3" />
                <SequencePoint vc="8" uspid="30" ordinal="23" offset="315" sl="40" sc="66" el="40" ec="112" bec="0" bev="0" fileid="3" />
                <SequencePoint vc="33" uspid="31" ordinal="24" offset="321" sl="41" sc="17" el="41" ec="52" bec="2" bev="2" fileid="3" />
                <SequencePoint vc="7" uspid="32" ordinal="25" offset="336" sl="41" sc="53" el="41" ec="103" bec="0" bev="0" fileid="3" />
                <SequencePoint vc="26" uspid="33" ordinal="26" offset="342" sl="42" sc="17" el="42" ec="48" bec="2" bev="2" fileid="3" />
                <SequencePoint vc="7" uspid="34" ordinal="27" offset="362" sl="42" sc="49" el="42" ec="114" bec="0" bev="0" fileid="3" />
                <SequencePoint vc="19" uspid="35" ordinal="28" offset="368" sl="43" sc="17" el="43" ec="49" bec="2" bev="2" fileid="3" />
                <SequencePoint vc="7" uspid="36" ordinal="29" offset="388" sl="43" sc="50" el="43" ec="116" bec="0" bev="0" fileid="3" />
                <SequencePoint vc="12" uspid="37" ordinal="30" offset="394" sl="44" sc="17" el="44" ec="61" bec="2" bev="2" fileid="3" />
                <SequencePoint vc="7" uspid="38" ordinal="31" offset="411" sl="44" sc="62" el="44" ec="121" bec="0" bev="0" fileid="3" />
                <SequencePoint vc="5" uspid="39" ordinal="32" offset="417" sl="45" sc="13" el="45" ec="14" bec="0" bev="0" fileid="3" />
                <SequencePoint vc="20" uspid="40" ordinal="33" offset="418" sl="46" sc="9" el="46" ec="10" bec="0" bev="0" fileid="3" />
              </SequencePoints>
              <BranchPoints>
                <BranchPoint vc="59" uspid="41" ordinal="0" offset="12" sl="26" path="0" offsetend="17" fileid="3" />
                <BranchPoint vc="49" uspid="42" ordinal="1" offset="12" sl="26" path="1" offsetend="207" fileid="3" />
                <BranchPoint vc="8" uspid="45" ordinal="4" offset="52" sl="28" path="0" offsetend="54" fileid="3" />
                <BranchPoint vc="51" uspid="46" ordinal="5" offset="52" sl="28" path="1" offsetend="60" fileid="3" />
                <BranchPoint vc="8" uspid="47" ordinal="6" offset="99" sl="30" path="0" offsetend="101" fileid="3" />
                <BranchPoint vc="43" uspid="48" ordinal="7" offset="99" sl="30" path="1" offsetend="107" fileid="3" />
                <BranchPoint vc="7" uspid="49" ordinal="8" offset="120" sl="31" path="0" offsetend="122" fileid="3" />
                <BranchPoint vc="36" uspid="50" ordinal="9" offset="120" sl="31" path="1" offsetend="128" fileid="3" />
                <BranchPoint vc="7" uspid="51" ordinal="10" offset="146" sl="32" path="0" offsetend="148" fileid="3" />
                <BranchPoint vc="29" uspid="52" ordinal="11" offset="146" sl="32" path="1" offsetend="154" fileid="3" />
                <BranchPoint vc="7" uspid="53" ordinal="12" offset="172" sl="33" path="0" offsetend="174" fileid="3" />
                <BranchPoint vc="22" uspid="54" ordinal="13" offset="172" sl="33" path="1" offsetend="180" fileid="3" />
                <BranchPoint vc="7" uspid="55" ordinal="14" offset="198" sl="34" path="0" offsetend="200" fileid="3" />
                <BranchPoint vc="15" uspid="56" ordinal="15" offset="198" sl="34" path="1" offsetend="206" fileid="3" />
                <BranchPoint vc="49" uspid="57" ordinal="16" offset="220" sl="36" path="0" offsetend="225" fileid="3" />
                <BranchPoint vc="15" uspid="58" ordinal="17" offset="220" sl="36" path="1" offsetend="418" fileid="3" />
                <BranchPoint vc="8" uspid="61" ordinal="20" offset="262" sl="38" path="0" offsetend="264" fileid="3" />
                <BranchPoint vc="41" uspid="62" ordinal="21" offset="262" sl="38" path="1" offsetend="270" fileid="3" />
                <BranchPoint vc="8" uspid="63" ordinal="22" offset="313" sl="40" path="0" offsetend="315" fileid="3" />
                <BranchPoint vc="33" uspid="64" ordinal="23" offset="313" sl="40" path="1" offsetend="321" fileid="3" />
                <BranchPoint vc="7" uspid="65" ordinal="24" offset="334" sl="41" path="0" offsetend="336" fileid="3" />
                <BranchPoint vc="26" uspid="66" ordinal="25" offset="334" sl="41" path="1" offsetend="342" fileid="3" />
                <BranchPoint vc="7" uspid="67" ordinal="26" offset="360" sl="42" path="0" offsetend="362" fileid="3" />
                <BranchPoint vc="19" uspid="68" ordinal="27" offset="360" sl="42" path="1" offsetend="368" fileid="3" />
                <BranchPoint vc="7" uspid="69" ordinal="28" offset="386" sl="43" path="0" offsetend="388" fileid="3" />
                <BranchPoint vc="12" uspid="70" ordinal="29" offset="386" sl="43" path="1" offsetend="394" fileid="3" />
                <BranchPoint vc="7" uspid="71" ordinal="30" offset="409" sl="44" path="0" offsetend="411" fileid="3" />
                <BranchPoint vc="5" uspid="72" ordinal="31" offset="409" sl="44" path="1" offsetend="417" fileid="3" />
              </BranchPoints>
              <MethodPoint xsi:type="SequencePoint" vc="108" uspid="7" ordinal="0" offset="0" sl="25" sc="9" el="25" ec="10" bec="0" bev="0" fileid="3" />
            </Method>
            <Method visited="false" cyclomaticComplexity="1" nPathComplexity="0" sequenceCoverage="0" branchCoverage="0" crapScore="2" isConstructor="true" isStatic="false" isGetter="false" isSetter="false">
              <Summary numSequencePoints="0" visitedSequencePoints="0" numBranchPoints="0" visitedBranchPoints="0" sequenceCoverage="0" branchCoverage="0" maxCyclomaticComplexity="1" minCyclomaticComplexity="1" maxCrapScore="2" minCrapScore="2" visitedClasses="0" numClasses="0" visitedMethods="0" numMethods="0" />
              <MetadataToken>100663328</MetadataToken>
              <Name>System.Void Projeto_NFe.Dominio.Caracteristicas.Transportadoras.Transportadora::.ctor()</Name>
              <SequencePoints />
              <BranchPoints />
              <MethodPoint vc="0" uspid="73" ordinal="0" offset="0" />
            </Method>
          </Methods>
        </Class>
        <Class>
          <Summary numSequencePoints="3" visitedSequencePoints="3" numBranchPoints="1" visitedBranchPoints="1" sequenceCoverage="100" branchCoverage="100" maxCyclomaticComplexity="1" minCyclomaticComplexity="1" maxCrapScore="1" minCrapScore="1" visitedClasses="1" numClasses="1" visitedMethods="1" numMethods="1" />
          <FullName>Projeto_NFe.Dominio.Caracteristicas.Transportadoras.TransportadoraCNPJInvalidoExcecao</FullName>
          <Methods>
            <Method visited="true" cyclomaticComplexity="1" nPathComplexity="0" sequenceCoverage="100" branchCoverage="100" crapScore="1" isConstructor="true" isStatic="false" isGetter="false" isSetter="false">
              <Summary numSequencePoints="3" visitedSequencePoints="3" numBranchPoints="1" visitedBranchPoints="1" sequenceCoverage="100" branchCoverage="100" maxCyclomaticComplexity="1" minCyclomaticComplexity="1" maxCrapScore="1" minCrapScore="1" visitedClasses="0" numClasses="0" visitedMethods="1" numMethods="1" />
              <MetadataToken>100663329</MetadataToken>
              <Name>System.Void Projeto_NFe.Dominio.Caracteristicas.Transportadoras.TransportadoraCNPJInvalidoExcecao::.ctor()</Name>
              <FileRef uid="4" />
              <SequencePoints>
                <SequencePoint vc="8" uspid="74" ordinal="0" offset="0" sl="12" sc="54" el="12" ec="86" bec="0" bev="0" fileid="4" />
                <SequencePoint vc="8" uspid="75" ordinal="1" offset="12" sl="13" sc="9" el="13" ec="10" bec="0" bev="0" fileid="4" />
                <SequencePoint vc="8" uspid="76" ordinal="2" offset="13" sl="14" sc="9" el="14" ec="10" bec="0" bev="0" fileid="4" />
              </SequencePoints>
              <BranchPoints />
              <MethodPoint xsi:type="SequencePoint" vc="8" uspid="74" ordinal="0" offset="0" sl="12" sc="54" el="12" ec="86" bec="0" bev="0" fileid="4" />
            </Method>
          </Methods>
        </Class>
        <Class>
          <Summary numSequencePoints="3" visitedSequencePoints="3" numBranchPoints="1" visitedBranchPoints="1" sequenceCoverage="100" branchCoverage="100" maxCyclomaticComplexity="1" minCyclomaticComplexity="1" maxCrapScore="1" minCrapScore="1" visitedClasses="1" numClasses="1" visitedMethods="1" numMethods="1" />
          <FullName>Projeto_NFe.Dominio.Caracteristicas.Transportadoras.TransportadoraCPFInvalidoExcecao</FullName>
          <Methods>
            <Method visited="true" cyclomaticComplexity="1" nPathComplexity="0" sequenceCoverage="100" branchCoverage="100" crapScore="1" isConstructor="true" isStatic="false" isGetter="false" isSetter="false">
              <Summary numSequencePoints="3" visitedSequencePoints="3" numBranchPoints="1" visitedBranchPoints="1" sequenceCoverage="100" branchCoverage="100" maxCyclomaticComplexity="1" minCyclomaticComplexity="1" maxCrapScore="1" minCrapScore="1" visitedClasses="0" numClasses="0" visitedMethods="1" numMethods="1" />
              <MetadataToken>100663330</MetadataToken>
              <Name>System.Void Projeto_NFe.Dominio.Caracteristicas.Transportadoras.TransportadoraCPFInvalidoExcecao::.ctor()</Name>
              <FileRef uid="5" />
              <SequencePoints>
                <SequencePoint vc="8" uspid="77" ordinal="0" offset="0" sl="12" sc="53" el="12" ec="87" bec="0" bev="0" fileid="5" />
                <SequencePoint vc="8" uspid="78" ordinal="1" offset="12" sl="13" sc="9" el="13" ec="10" bec="0" bev="0" fileid="5" />
                <SequencePoint vc="8" uspid="79" ordinal="2" offset="13" sl="14" sc="9" el="14" ec="10" bec="0" bev="0" fileid="5" />
              </SequencePoints>
              <BranchPoints />
              <MethodPoint xsi:type="SequencePoint" vc="8" uspid="77" ordinal="0" offset="0" sl="12" sc="53" el="12" ec="87" bec="0" bev="0" fileid="5" />
            </Method>
          </Methods>
        </Class>
        <Class>
          <Summary numSequencePoints="3" visitedSequencePoints="3" numBranchPoints="1" visitedBranchPoints="1" sequenceCoverage="100" branchCoverage="100" maxCyclomaticComplexity="1" minCyclomaticComplexity="1" maxCrapScore="1" minCrapScore="1" visitedClasses="1" numClasses="1" visitedMethods="1" numMethods="1" />
          <FullName>Projeto_NFe.Dominio.Caracteristicas.Transportadoras.TransportadoraEnderecoInvalidoExcecao</FullName>
          <Methods>
            <Method visited="true" cyclomaticComplexity="1" nPathComplexity="0" sequenceCoverage="100" branchCoverage="100" crapScore="1" isConstructor="true" isStatic="false" isGetter="false" isSetter="false">
              <Summary numSequencePoints="3" visitedSequencePoints="3" numBranchPoints="1" visitedBranchPoints="1" sequenceCoverage="100" branchCoverage="100" maxCyclomaticComplexity="1" minCyclomaticComplexity="1" maxCrapScore="1" minCrapScore="1" visitedClasses="0" numClasses="0" visitedMethods="1" numMethods="1" />
              <MetadataToken>100663331</MetadataToken>
              <Name>System.Void Projeto_NFe.Dominio.Caracteristicas.Transportadoras.TransportadoraEnderecoInvalidoExcecao::.ctor()</Name>
              <FileRef uid="6" />
              <SequencePoints>
                <SequencePoint vc="14" uspid="80" ordinal="0" offset="0" sl="12" sc="58" el="12" ec="90" bec="0" bev="0" fileid="6" />
                <SequencePoint vc="14" uspid="81" ordinal="1" offset="12" sl="13" sc="9" el="13" ec="10" bec="0" bev="0" fileid="6" />
                <SequencePoint vc="14" uspid="82" ordinal="2" offset="13" sl="14" sc="9" el="14" ec="10" bec="0" bev="0" fileid="6" />
              </SequencePoints>
              <BranchPoints />
              <MethodPoint xsi:type="SequencePoint" vc="14" uspid="80" ordinal="0" offset="0" sl="12" sc="58" el="12" ec="90" bec="0" bev="0" fileid="6" />
            </Method>
          </Methods>
        </Class>
        <Class>
          <Summary numSequencePoints="3" visitedSequencePoints="3" numBranchPoints="1" visitedBranchPoints="1" sequenceCoverage="100" branchCoverage="100" maxCyclomaticComplexity="1" minCyclomaticComplexity="1" maxCrapScore="1" minCrapScore="1" visitedClasses="1" numClasses="1" visitedMethods="1" numMethods="1" />
          <FullName>Projeto_NFe.Dominio.Caracteristicas.Transportadoras.TransportadoraInscricaoEstadualInvalidaExcecao</FullName>
          <Methods>
            <Method visited="true" cyclomaticComplexity="1" nPathComplexity="0" sequenceCoverage="100" branchCoverage="100" crapScore="1" isConstructor="true" isStatic="false" isGetter="false" isSetter="false">
              <Summary numSequencePoints="3" visitedSequencePoints="3" numBranchPoints="1" visitedBranchPoints="1" sequenceCoverage="100" branchCoverage="100" maxCyclomaticComplexity="1" minCyclomaticComplexity="1" maxCrapScore="1" minCrapScore="1" visitedClasses="0" numClasses="0" visitedMethods="1" numMethods="1" />
              <MetadataToken>100663332</MetadataToken>
              <Name>System.Void Projeto_NFe.Dominio.Caracteristicas.Transportadoras.TransportadoraInscricaoEstadualInvalidaExcecao::.ctor()</Name>
              <FileRef uid="7" />
              <SequencePoints>
                <SequencePoint vc="7" uspid="83" ordinal="0" offset="0" sl="12" sc="67" el="12" ec="113" bec="0" bev="0" fileid="7" />
                <SequencePoint vc="7" uspid="84" ordinal="1" offset="12" sl="13" sc="9" el="13" ec="10" bec="0" bev="0" fileid="7" />
                <SequencePoint vc="7" uspid="85" ordinal="2" offset="13" sl="14" sc="9" el="14" ec="10" bec="0" bev="0" fileid="7" />
              </SequencePoints>
              <BranchPoints />
              <MethodPoint xsi:type="SequencePoint" vc="7" uspid="83" ordinal="0" offset="0" sl="12" sc="67" el="12" ec="113" bec="0" bev="0" fileid="7" />
            </Method>
          </Methods>
        </Class>
        <Class>
          <Summary numSequencePoints="3" visitedSequencePoints="3" numBranchPoints="1" visitedBranchPoints="1" sequenceCoverage="100" branchCoverage="100" maxCyclomaticComplexity="1" minCyclomaticComplexity="1" maxCrapScore="1" minCrapScore="1" visitedClasses="1" numClasses="1" visitedMethods="1" numMethods="1" />
          <FullName>Projeto_NFe.Dominio.Caracteristicas.Transportadoras.TransportadoraPessoaFisicaNaoPodePossuirCNPJExcecao</FullName>
          <Methods>
            <Method visited="true" cyclomaticComplexity="1" nPathComplexity="0" sequenceCoverage="100" branchCoverage="100" crapScore="1" isConstructor="true" isStatic="false" isGetter="false" isSetter="false">
              <Summary numSequencePoints="3" visitedSequencePoints="3" numBranchPoints="1" visitedBranchPoints="1" sequenceCoverage="100" branchCoverage="100" maxCyclomaticComplexity="1" minCyclomaticComplexity="1" maxCrapScore="1" minCrapScore="1" visitedClasses="0" numClasses="0" visitedMethods="1" numMethods="1" />
              <MetadataToken>100663333</MetadataToken>
              <Name>System.Void Projeto_NFe.Dominio.Caracteristicas.Transportadoras.TransportadoraPessoaFisicaNaoPodePossuirCNPJExcecao::.ctor()</Name>
              <FileRef uid="8" />
              <SequencePoints>
                <SequencePoint vc="7" uspid="86" ordinal="0" offset="0" sl="12" sc="72" el="12" ec="115" bec="0" bev="0" fileid="8" />
                <SequencePoint vc="7" uspid="87" ordinal="1" offset="12" sl="13" sc="9" el="13" ec="10" bec="0" bev="0" fileid="8" />
                <SequencePoint vc="7" uspid="88" ordinal="2" offset="13" sl="14" sc="9" el="14" ec="10" bec="0" bev="0" fileid="8" />
              </SequencePoints>
              <BranchPoints />
              <MethodPoint xsi:type="SequencePoint" vc="7" uspid="86" ordinal="0" offset="0" sl="12" sc="72" el="12" ec="115" bec="0" bev="0" fileid="8" />
            </Method>
          </Methods>
        </Class>
        <Class>
          <Summary numSequencePoints="3" visitedSequencePoints="3" numBranchPoints="1" visitedBranchPoints="1" sequenceCoverage="100" branchCoverage="100" maxCyclomaticComplexity="1" minCyclomaticComplexity="1" maxCrapScore="1" minCrapScore="1" visitedClasses="1" numClasses="1" visitedMethods="1" numMethods="1" />
          <FullName>Projeto_NFe.Dominio.Caracteristicas.Transportadoras.TransportadoraPessoaJuridicaNaoPodePossuirCPFExcecao</FullName>
          <Methods>
            <Method visited="true" cyclomaticComplexity="1" nPathComplexity="0" sequenceCoverage="100" branchCoverage="100" crapScore="1" isConstructor="true" isStatic="false" isGetter="false" isSetter="false">
              <Summary numSequencePoints="3" visitedSequencePoints="3" numBranchPoints="1" visitedBranchPoints="1" sequenceCoverage="100" branchCoverage="100" maxCyclomaticComplexity="1" minCyclomaticComplexity="1" maxCrapScore="1" minCrapScore="1" visitedClasses="0" numClasses="0" visitedMethods="1" numMethods="1" />
              <MetadataToken>100663334</MetadataToken>
              <Name>System.Void Projeto_NFe.Dominio.Caracteristicas.Transportadoras.TransportadoraPessoaJuridicaNaoPodePossuirCPFExcecao::.ctor()</Name>
              <FileRef uid="9" />
              <SequencePoints>
                <SequencePoint vc="7" uspid="89" ordinal="0" offset="0" sl="12" sc="73" el="12" ec="117" bec="0" bev="0" fileid="9" />
                <SequencePoint vc="7" uspid="90" ordinal="1" offset="12" sl="13" sc="9" el="13" ec="10" bec="0" bev="0" fileid="9" />
                <SequencePoint vc="7" uspid="91" ordinal="2" offset="13" sl="14" sc="9" el="14" ec="10" bec="0" bev="0" fileid="9" />
              </SequencePoints>
              <BranchPoints />
              <MethodPoint xsi:type="SequencePoint" vc="7" uspid="89" ordinal="0" offset="0" sl="12" sc="73" el="12" ec="117" bec="0" bev="0" fileid="9" />
            </Method>
          </Methods>
        </Class>
        <Class>
          <Summary numSequencePoints="3" visitedSequencePoints="3" numBranchPoints="1" visitedBranchPoints="1" sequenceCoverage="100" branchCoverage="100" maxCyclomaticComplexity="1" minCyclomaticComplexity="1" maxCrapScore="1" minCrapScore="1" visitedClasses="1" numClasses="1" visitedMethods="1" numMethods="1" />
          <FullName>Projeto_NFe.Dominio.Caracteristicas.Transportadoras.TransportadoraPessoaJuridicaNaoPodePossuirNomeExcecao</FullName>
          <Methods>
            <Method visited="true" cyclomaticComplexity="1" nPathComplexity="0" sequenceCoverage="100" branchCoverage="100" crapScore="1" isConstructor="true" isStatic="false" isGetter="false" isSetter="false">
              <Summary numSequencePoints="3" visitedSequencePoints="3" numBranchPoints="1" visitedBranchPoints="1" sequenceCoverage="100" branchCoverage="100" maxCyclomaticComplexity="1" minCyclomaticComplexity="1" maxCrapScore="1" minCrapScore="1" visitedClasses="0" numClasses="0" visitedMethods="1" numMethods="1" />
              <MetadataToken>100663335</MetadataToken>
              <Name>System.Void Projeto_NFe.Dominio.Caracteristicas.Transportadoras.TransportadoraPessoaJuridicaNaoPodePossuirNomeExcecao::.ctor()</Name>
              <FileRef uid="10" />
              <SequencePoints>
                <SequencePoint vc="7" uspid="92" ordinal="0" offset="0" sl="12" sc="74" el="12" ec="119" bec="0" bev="0" fileid="10" />
                <SequencePoint vc="7" uspid="93" ordinal="1" offset="12" sl="13" sc="9" el="13" ec="10" bec="0" bev="0" fileid="10" />
                <SequencePoint vc="7" uspid="94" ordinal="2" offset="13" sl="14" sc="9" el="14" ec="10" bec="0" bev="0" fileid="10" />
              </SequencePoints>
              <BranchPoints />
              <MethodPoint xsi:type="SequencePoint" vc="7" uspid="92" ordinal="0" offset="0" sl="12" sc="74" el="12" ec="119" bec="0" bev="0" fileid="10" />
            </Method>
          </Methods>
        </Class>
        <Class>
          <Summary numSequencePoints="3" visitedSequencePoints="3" numBranchPoints="1" visitedBranchPoints="1" sequenceCoverage="100" branchCoverage="100" maxCyclomaticComplexity="1" minCyclomaticComplexity="1" maxCrapScore="1" minCrapScore="1" visitedClasses="1" numClasses="1" visitedMethods="1" numMethods="1" />
          <FullName>Projeto_NFe.Dominio.Caracteristicas.Transportadoras.TransportadoraNomeInvalidoExcecao</FullName>
          <Methods>
            <Method visited="true" cyclomaticComplexity="1" nPathComplexity="0" sequenceCoverage="100" branchCoverage="100" crapScore="1" isConstructor="true" isStatic="false" isGetter="false" isSetter="false">
              <Summary numSequencePoints="3" visitedSequencePoints="3" numBranchPoints="1" visitedBranchPoints="1" sequenceCoverage="100" branchCoverage="100" maxCyclomaticComplexity="1" minCyclomaticComplexity="1" maxCrapScore="1" minCrapScore="1" visitedClasses="0" numClasses="0" visitedMethods="1" numMethods="1" />
              <MetadataToken>100663336</MetadataToken>
              <Name>System.Void Projeto_NFe.Dominio.Caracteristicas.Transportadoras.TransportadoraNomeInvalidoExcecao::.ctor()</Name>
              <FileRef uid="11" />
              <SequencePoints>
                <SequencePoint vc="8" uspid="95" ordinal="0" offset="0" sl="12" sc="54" el="12" ec="114" bec="0" bev="0" fileid="11" />
                <SequencePoint vc="8" uspid="96" ordinal="1" offset="12" sl="13" sc="9" el="13" ec="10" bec="0" bev="0" fileid="11" />
                <SequencePoint vc="8" uspid="97" ordinal="2" offset="13" sl="14" sc="9" el="14" ec="10" bec="0" bev="0" fileid="11" />
              </SequencePoints>
              <BranchPoints />
              <MethodPoint xsi:type="SequencePoint" vc="8" uspid="95" ordinal="0" offset="0" sl="12" sc="54" el="12" ec="114" bec="0" bev="0" fileid="11" />
            </Method>
          </Methods>
        </Class>
        <Class>
          <Summary numSequencePoints="3" visitedSequencePoints="3" numBranchPoints="1" visitedBranchPoints="1" sequenceCoverage="100" branchCoverage="100" maxCyclomaticComplexity="1" minCyclomaticComplexity="1" maxCrapScore="1" minCrapScore="1" visitedClasses="1" numClasses="1" visitedMethods="1" numMethods="1" />
          <FullName>Projeto_NFe.Dominio.Caracteristicas.Transportadoras.TransportadoraPessoaFisicaNaoPodePossuirInscricaoEstadualExcecao</FullName>
          <Methods>
            <Method visited="true" cyclomaticComplexity="1" nPathComplexity="0" sequenceCoverage="100" branchCoverage="100" crapScore="1" isConstructor="true" isStatic="false" isGetter="false" isSetter="false">
              <Summary numSequencePoints="3" visitedSequencePoints="3" numBranchPoints="1" visitedBranchPoints="1" sequenceCoverage="100" branchCoverage="100" maxCyclomaticComplexity="1" minCyclomaticComplexity="1" maxCrapScore="1" minCrapScore="1" visitedClasses="0" numClasses="0" visitedMethods="1" numMethods="1" />
              <MetadataToken>100663337</MetadataToken>
              <Name>System.Void Projeto_NFe.Dominio.Caracteristicas.Transportadoras.TransportadoraPessoaFisicaNaoPodePossuirInscricaoEstadualExcecao::.ctor()</Name>
              <FileRef uid="12" />
              <SequencePoints>
                <SequencePoint vc="7" uspid="98" ordinal="0" offset="0" sl="12" sc="85" el="12" ec="141" bec="0" bev="0" fileid="12" />
                <SequencePoint vc="7" uspid="99" ordinal="1" offset="12" sl="13" sc="9" el="13" ec="10" bec="0" bev="0" fileid="12" />
                <SequencePoint vc="7" uspid="100" ordinal="2" offset="13" sl="14" sc="9" el="14" ec="10" bec="0" bev="0" fileid="12" />
              </SequencePoints>
              <BranchPoints />
              <MethodPoint xsi:type="SequencePoint" vc="7" uspid="98" ordinal="0" offset="0" sl="12" sc="85" el="12" ec="141" bec="0" bev="0" fileid="12" />
            </Method>
          </Methods>
        </Class>
        <Class>
          <Summary numSequencePoints="3" visitedSequencePoints="3" numBranchPoints="1" visitedBranchPoints="1" sequenceCoverage="100" branchCoverage="100" maxCyclomaticComplexity="1" minCyclomaticComplexity="1" maxCrapScore="1" minCrapScore="1" visitedClasses="1" numClasses="1" visitedMethods="1" numMethods="1" />
          <FullName>Projeto_NFe.Dominio.Caracteristicas.Transportadoras.TransportadoraPessoaFisicaNaoPodePossuirRazaoSocialExcecao</FullName>
          <Methods>
            <Method visited="true" cyclomaticComplexity="1" nPathComplexity="0" sequenceCoverage="100" branchCoverage="100" crapScore="1" isConstructor="true" isStatic="false" isGetter="false" isSetter="false">
              <Summary numSequencePoints="3" visitedSequencePoints="3" numBranchPoints="1" visitedBranchPoints="1" sequenceCoverage="100" branchCoverage="100" maxCyclomaticComplexity="1" minCyclomaticComplexity="1" maxCrapScore="1" minCrapScore="1" visitedClasses="0" numClasses="0" visitedMethods="1" numMethods="1" />
              <MetadataToken>100663338</MetadataToken>
              <Name>System.Void Projeto_NFe.Dominio.Caracteristicas.Transportadoras.TransportadoraPessoaFisicaNaoPodePossuirRazaoSocialExcecao::.ctor()</Name>
              <FileRef uid="13" />
              <SequencePoints>
                <SequencePoint vc="7" uspid="101" ordinal="0" offset="0" sl="12" sc="79" el="12" ec="130" bec="0" bev="0" fileid="13" />
                <SequencePoint vc="7" uspid="102" ordinal="1" offset="12" sl="13" sc="9" el="13" ec="10" bec="0" bev="0" fileid="13" />
                <SequencePoint vc="7" uspid="103" ordinal="2" offset="13" sl="14" sc="9" el="14" ec="10" bec="0" bev="0" fileid="13" />
              </SequencePoints>
              <BranchPoints />
              <MethodPoint xsi:type="SequencePoint" vc="7" uspid="101" ordinal="0" offset="0" sl="12" sc="79" el="12" ec="130" bec="0" bev="0" fileid="13" />
            </Method>
          </Methods>
        </Class>
        <Class>
          <Summary numSequencePoints="3" visitedSequencePoints="3" numBranchPoints="1" visitedBranchPoints="1" sequenceCoverage="100" branchCoverage="100" maxCyclomaticComplexity="1" minCyclomaticComplexity="1" maxCrapScore="1" minCrapScore="1" visitedClasses="1" numClasses="1" visitedMethods="1" numMethods="1" />
          <FullName>Projeto_NFe.Dominio.Caracteristicas.Transportadoras.TransportadoraRazaoSocialInvalidaExcecao</FullName>
          <Methods>
            <Method visited="true" cyclomaticComplexity="1" nPathComplexity="0" sequenceCoverage="100" branchCoverage="100" crapScore="1" isConstructor="true" isStatic="false" isGetter="false" isSetter="false">
              <Summary numSequencePoints="3" visitedSequencePoints="3" numBranchPoints="1" visitedBranchPoints="1" sequenceCoverage="100" branchCoverage="100" maxCyclomaticComplexity="1" minCyclomaticComplexity="1" maxCrapScore="1" minCrapScore="1" visitedClasses="0" numClasses="0" visitedMethods="1" numMethods="1" />
              <MetadataToken>100663339</MetadataToken>
              <Name>System.Void Projeto_NFe.Dominio.Caracteristicas.Transportadoras.TransportadoraRazaoSocialInvalidaExcecao::.ctor()</Name>
              <FileRef uid="14" />
              <SequencePoints>
                <SequencePoint vc="8" uspid="104" ordinal="0" offset="0" sl="12" sc="61" el="12" ec="127" bec="0" bev="0" fileid="14" />
                <SequencePoint vc="8" uspid="105" ordinal="1" offset="12" sl="13" sc="9" el="13" ec="10" bec="0" bev="0" fileid="14" />
                <SequencePoint vc="8" uspid="106" ordinal="2" offset="13" sl="14" sc="9" el="14" ec="10" bec="0" bev="0" fileid="14" />
              </SequencePoints>
              <BranchPoints />
              <MethodPoint xsi:type="SequencePoint" vc="8" uspid="104" ordinal="0" offset="0" sl="12" sc="61" el="12" ec="127" bec="0" bev="0" fileid="14" />
            </Method>
          </Methods>
        </Class>
        <Class>
          <Summary numSequencePoints="8" visitedSequencePoints="8" numBranchPoints="7" visitedBranchPoints="7" sequenceCoverage="100" branchCoverage="100" maxCyclomaticComplexity="6" minCyclomaticComplexity="1" maxCrapScore="6" minCrapScore="2" visitedClasses="1" numClasses="1" visitedMethods="1" numMethods="1" />
          <FullName>Projeto_NFe.Dominio.Caracteristicas.Produtos.Produto</FullName>
          <Methods>
            <Method skippedDueTo="AutoImplementedProperty" visited="false" cyclomaticComplexity="1" nPathComplexity="0" sequenceCoverage="0" branchCoverage="0" crapScore="0" isConstructor="false" isStatic="false" isGetter="true" isSetter="false">
              <MetadataToken>100663350</MetadataToken>
              <Name>System.Int32 Projeto_NFe.Dominio.Caracteristicas.Produtos.Produto::get_Id()</Name>
              <FileRef uid="15" />
              <SequencePoints />
              <BranchPoints />
            </Method>
            <Method skippedDueTo="AutoImplementedProperty" visited="false" cyclomaticComplexity="1" nPathComplexity="0" sequenceCoverage="0" branchCoverage="0" crapScore="0" isConstructor="false" isStatic="false" isGetter="false" isSetter="true">
              <MetadataToken>100663351</MetadataToken>
              <Name>System.Void Projeto_NFe.Dominio.Caracteristicas.Produtos.Produto::set_Id(System.Int32)</Name>
              <FileRef uid="15" />
              <SequencePoints />
              <BranchPoints />
            </Method>
            <Method skippedDueTo="AutoImplementedProperty" visited="false" cyclomaticComplexity="1" nPathComplexity="0" sequenceCoverage="0" branchCoverage="0" crapScore="0" isConstructor="false" isStatic="false" isGetter="true" isSetter="false">
              <MetadataToken>100663352</MetadataToken>
              <Name>System.String Projeto_NFe.Dominio.Caracteristicas.Produtos.Produto::get_Codigo()</Name>
              <FileRef uid="15" />
              <SequencePoints />
              <BranchPoints />
            </Method>
            <Method skippedDueTo="AutoImplementedProperty" visited="false" cyclomaticComplexity="1" nPathComplexity="0" sequenceCoverage="0" branchCoverage="0" crapScore="0" isConstructor="false" isStatic="false" isGetter="false" isSetter="true">
              <MetadataToken>100663353</MetadataToken>
              <Name>System.Void Projeto_NFe.Dominio.Caracteristicas.Produtos.Produto::set_Codigo(System.String)</Name>
              <FileRef uid="15" />
              <SequencePoints />
              <BranchPoints />
            </Method>
            <Method skippedDueTo="AutoImplementedProperty" visited="false" cyclomaticComplexity="1" nPathComplexity="0" sequenceCoverage="0" branchCoverage="0" crapScore="0" isConstructor="false" isStatic="false" isGetter="true" isSetter="false">
              <MetadataToken>100663354</MetadataToken>
              <Name>System.String Projeto_NFe.Dominio.Caracteristicas.Produtos.Produto::get_Descricao()</Name>
              <FileRef uid="15" />
              <SequencePoints />
              <BranchPoints />
            </Method>
            <Method skippedDueTo="AutoImplementedProperty" visited="false" cyclomaticComplexity="1" nPathComplexity="0" sequenceCoverage="0" branchCoverage="0" crapScore="0" isConstructor="false" isStatic="false" isGetter="false" isSetter="true">
              <MetadataToken>100663355</MetadataToken>
              <Name>System.Void Projeto_NFe.Dominio.Caracteristicas.Produtos.Produto::set_Descricao(System.String)</Name>
              <FileRef uid="15" />
              <SequencePoints />
              <BranchPoints />
            </Method>
            <Method skippedDueTo="AutoImplementedProperty" visited="false" cyclomaticComplexity="1" nPathComplexity="0" sequenceCoverage="0" branchCoverage="0" crapScore="0" isConstructor="false" isStatic="false" isGetter="true" isSetter="false">
              <MetadataToken>100663356</MetadataToken>
              <Name>System.Double Projeto_NFe.Dominio.Caracteristicas.Produtos.Produto::get_ValorUnitario()</Name>
              <FileRef uid="15" />
              <SequencePoints />
              <BranchPoints />
            </Method>
            <Method skippedDueTo="AutoImplementedProperty" visited="false" cyclomaticComplexity="1" nPathComplexity="0" sequenceCoverage="0" branchCoverage="0" crapScore="0" isConstructor="false" isStatic="false" isGetter="false" isSetter="true">
              <MetadataToken>100663357</MetadataToken>
              <Name>System.Void Projeto_NFe.Dominio.Caracteristicas.Produtos.Produto::set_ValorUnitario(System.Double)</Name>
              <FileRef uid="15" />
              <SequencePoints />
              <BranchPoints />
            </Method>
            <Method visited="true" cyclomaticComplexity="6" nPathComplexity="8" sequenceCoverage="100" branchCoverage="100" crapScore="6" isConstructor="false" isStatic="false" isGetter="false" isSetter="false">
              <Summary numSequencePoints="8" visitedSequencePoints="8" numBranchPoints="7" visitedBranchPoints="7" sequenceCoverage="100" branchCoverage="100" maxCyclomaticComplexity="6" minCyclomaticComplexity="6" maxCrapScore="6" minCrapScore="6" visitedClasses="0" numClasses="0" visitedMethods="1" numMethods="1" />
              <MetadataToken>100663358</MetadataToken>
              <Name>System.Void Projeto_NFe.Dominio.Caracteristicas.Produtos.Produto::Validar()</Name>
              <FileRef uid="15" />
              <SequencePoints>
                <SequencePoint vc="30" uspid="107" ordinal="0" offset="0" sl="17" sc="9" el="17" ec="10" bec="0" bev="0" fileid="15" />
                <SequencePoint vc="30" uspid="108" ordinal="1" offset="1" sl="18" sc="13" el="18" ec="57" bec="2" bev="2" fileid="15" />
                <SequencePoint vc="7" uspid="109" ordinal="2" offset="37" sl="19" sc="17" el="19" ec="58" bec="0" bev="0" fileid="15" />
                <SequencePoint vc="23" uspid="110" ordinal="3" offset="43" sl="20" sc="13" el="20" ec="63" bec="2" bev="2" fileid="15" />
                <SequencePoint vc="7" uspid="111" ordinal="4" offset="79" sl="21" sc="17" el="21" ec="61" bec="0" bev="0" fileid="15" />
                <SequencePoint vc="16" uspid="112" ordinal="5" offset="85" sl="22" sc="13" el="22" ec="35" bec="2" bev="2" fileid="15" />
                <SequencePoint vc="7" uspid="113" ordinal="6" offset="106" sl="23" sc="17" el="23" ec="57" bec="0" bev="0" fileid="15" />
                <SequencePoint vc="9" uspid="114" ordinal="7" offset="112" sl="24" sc="9" el="24" ec="10" bec="0" bev="0" fileid="15" />
              </SequencePoints>
              <BranchPoints>
                <BranchPoint vc="7" uspid="117" ordinal="2" offset="35" sl="18" path="0" offsetend="37" fileid="15" />
                <BranchPoint vc="23" uspid="118" ordinal="3" offset="35" sl="18" path="1" offsetend="43" fileid="15" />
                <BranchPoint vc="7" uspid="121" ordinal="6" offset="77" sl="20" path="0" offsetend="79" fileid="15" />
                <BranchPoint vc="16" uspid="122" ordinal="7" offset="77" sl="20" path="1" offsetend="85" fileid="15" />
                <BranchPoint vc="7" uspid="123" ordinal="8" offset="104" sl="22" path="0" offsetend="106" fileid="15" />
                <BranchPoint vc="9" uspid="124" ordinal="9" offset="104" sl="22" path="1" offsetend="112" fileid="15" />
              </BranchPoints>
              <MethodPoint xsi:type="SequencePoint" vc="30" uspid="107" ordinal="0" offset="0" sl="17" sc="9" el="17" ec="10" bec="0" bev="0" fileid="15" />
            </Method>
            <Method visited="false" cyclomaticComplexity="1" nPathComplexity="0" sequenceCoverage="0" branchCoverage="0" crapScore="2" isConstructor="true" isStatic="false" isGetter="false" isSetter="false">
              <Summary numSequencePoints="0" visitedSequencePoints="0" numBranchPoints="0" visitedBranchPoints="0" sequenceCoverage="0" branchCoverage="0" maxCyclomaticComplexity="1" minCyclomaticComplexity="1" maxCrapScore="2" minCrapScore="2" visitedClasses="0" numClasses="0" visitedMethods="0" numMethods="0" />
              <MetadataToken>100663359</MetadataToken>
              <Name>System.Void Projeto_NFe.Dominio.Caracteristicas.Produtos.Produto::.ctor()</Name>
              <SequencePoints />
              <BranchPoints />
              <MethodPoint vc="0" uspid="125" ordinal="0" offset="0" />
            </Method>
          </Methods>
        </Class>
        <Class>
          <Summary numSequencePoints="3" visitedSequencePoints="3" numBranchPoints="1" visitedBranchPoints="1" sequenceCoverage="100" branchCoverage="100" maxCyclomaticComplexity="1" minCyclomaticComplexity="1" maxCrapScore="1" minCrapScore="1" visitedClasses="1" numClasses="1" visitedMethods="1" numMethods="1" />
          <FullName>Projeto_NFe.Dominio.Caracteristicas.Produtos.ProdutoCodigoInvalidoExcecao</FullName>
          <Methods>
            <Method visited="true" cyclomaticComplexity="1" nPathComplexity="0" sequenceCoverage="100" branchCoverage="100" crapScore="1" isConstructor="true" isStatic="false" isGetter="false" isSetter="false">
              <Summary numSequencePoints="3" visitedSequencePoints="3" numBranchPoints="1" visitedBranchPoints="1" sequenceCoverage="100" branchCoverage="100" maxCyclomaticComplexity="1" minCyclomaticComplexity="1" maxCrapScore="1" minCrapScore="1" visitedClasses="0" numClasses="0" visitedMethods="1" numMethods="1" />
              <MetadataToken>100663360</MetadataToken>
              <Name>System.Void Projeto_NFe.Dominio.Caracteristicas.Produtos.ProdutoCodigoInvalidoExcecao::.ctor()</Name>
              <FileRef uid="16" />
              <SequencePoints>
                <SequencePoint vc="7" uspid="126" ordinal="0" offset="0" sl="12" sc="49" el="12" ec="121" bec="0" bev="0" fileid="16" />
                <SequencePoint vc="7" uspid="127" ordinal="1" offset="12" sl="13" sc="9" el="13" ec="10" bec="0" bev="0" fileid="16" />
                <SequencePoint vc="7" uspid="128" ordinal="2" offset="13" sl="14" sc="9" el="14" ec="10" bec="0" bev="0" fileid="16" />
              </SequencePoints>
              <BranchPoints />
              <MethodPoint xsi:type="SequencePoint" vc="7" uspid="126" ordinal="0" offset="0" sl="12" sc="49" el="12" ec="121" bec="0" bev="0" fileid="16" />
            </Method>
          </Methods>
        </Class>
        <Class>
          <Summary numSequencePoints="3" visitedSequencePoints="3" numBranchPoints="1" visitedBranchPoints="1" sequenceCoverage="100" branchCoverage="100" maxCyclomaticComplexity="1" minCyclomaticComplexity="1" maxCrapScore="1" minCrapScore="1" visitedClasses="1" numClasses="1" visitedMethods="1" numMethods="1" />
          <FullName>Projeto_NFe.Dominio.Caracteristicas.Produtos.ProdutoDescricaoInvalidaExcecao</FullName>
          <Methods>
            <Method visited="true" cyclomaticComplexity="1" nPathComplexity="0" sequenceCoverage="100" branchCoverage="100" crapScore="1" isConstructor="true" isStatic="false" isGetter="false" isSetter="false">
              <Summary numSequencePoints="3" visitedSequencePoints="3" numBranchPoints="1" visitedBranchPoints="1" sequenceCoverage="100" branchCoverage="100" maxCyclomaticComplexity="1" minCyclomaticComplexity="1" maxCrapScore="1" minCrapScore="1" visitedClasses="0" numClasses="0" visitedMethods="1" numMethods="1" />
              <MetadataToken>100663361</MetadataToken>
              <Name>System.Void Projeto_NFe.Dominio.Caracteristicas.Produtos.ProdutoDescricaoInvalidaExcecao::.ctor()</Name>
              <FileRef uid="17" />
              <SequencePoints>
                <SequencePoint vc="7" uspid="129" ordinal="0" offset="0" sl="12" sc="52" el="12" ec="150" bec="0" bev="0" fileid="17" />
                <SequencePoint vc="7" uspid="130" ordinal="1" offset="12" sl="13" sc="9" el="13" ec="10" bec="0" bev="0" fileid="17" />
                <SequencePoint vc="7" uspid="131" ordinal="2" offset="13" sl="14" sc="9" el="14" ec="10" bec="0" bev="0" fileid="17" />
              </SequencePoints>
              <BranchPoints />
              <MethodPoint xsi:type="SequencePoint" vc="7" uspid="129" ordinal="0" offset="0" sl="12" sc="52" el="12" ec="150" bec="0" bev="0" fileid="17" />
            </Method>
          </Methods>
        </Class>
        <Class>
          <Summary numSequencePoints="3" visitedSequencePoints="3" numBranchPoints="1" visitedBranchPoints="1" sequenceCoverage="100" branchCoverage="100" maxCyclomaticComplexity="1" minCyclomaticComplexity="1" maxCrapScore="1" minCrapScore="1" visitedClasses="1" numClasses="1" visitedMethods="1" numMethods="1" />
          <FullName>Projeto_NFe.Dominio.Caracteristicas.Produtos.ProdutoValorInvalidoExcecao</FullName>
          <Methods>
            <Method visited="true" cyclomaticComplexity="1" nPathComplexity="0" sequenceCoverage="100" branchCoverage="100" crapScore="1" isConstructor="true" isStatic="false" isGetter="false" isSetter="false">
              <Summary numSequencePoints="3" visitedSequencePoints="3" numBranchPoints="1" visitedBranchPoints="1" sequenceCoverage="100" branchCoverage="100" maxCyclomaticComplexity="1" minCyclomaticComplexity="1" maxCrapScore="1" minCrapScore="1" visitedClasses="0" numClasses="0" visitedMethods="1" numMethods="1" />
              <MetadataToken>100663362</MetadataToken>
              <Name>System.Void Projeto_NFe.Dominio.Caracteristicas.Produtos.ProdutoValorInvalidoExcecao::.ctor()</Name>
              <FileRef uid="18" />
              <SequencePoints>
                <SequencePoint vc="7" uspid="132" ordinal="0" offset="0" sl="12" sc="48" el="12" ec="92" bec="0" bev="0" fileid="18" />
                <SequencePoint vc="7" uspid="133" ordinal="1" offset="12" sl="13" sc="9" el="13" ec="10" bec="0" bev="0" fileid="18" />
                <SequencePoint vc="7" uspid="134" ordinal="2" offset="13" sl="14" sc="9" el="14" ec="10" bec="0" bev="0" fileid="18" />
              </SequencePoints>
              <BranchPoints />
              <MethodPoint xsi:type="SequencePoint" vc="7" uspid="132" ordinal="0" offset="0" sl="12" sc="48" el="12" ec="92" bec="0" bev="0" fileid="18" />
            </Method>
          </Methods>
        </Class>
        <Class>
          <Summary numSequencePoints="12" visitedSequencePoints="11" numBranchPoints="6" visitedBranchPoints="5" sequenceCoverage="91.67" branchCoverage="83.33" maxCyclomaticComplexity="2" minCyclomaticComplexity="1" maxCrapScore="2.06" minCrapScore="1" visitedClasses="1" numClasses="1" visitedMethods="4" numMethods="4" />
          <FullName>Projeto_NFe.Dominio.Caracteristicas.ProdutosVendidos.ProdutoVendido</FullName>
          <Methods>
            <Method skippedDueTo="AutoImplementedProperty" visited="false" cyclomaticComplexity="1" nPathComplexity="0" sequenceCoverage="0" branchCoverage="0" crapScore="0" isConstructor="false" isStatic="false" isGetter="true" isSetter="false">
              <MetadataToken>100663363</MetadataToken>
              <Name>System.Int32 Projeto_NFe.Dominio.Caracteristicas.ProdutosVendidos.ProdutoVendido::get_Quantidade()</Name>
              <FileRef uid="19" />
              <SequencePoints />
              <BranchPoints />
            </Method>
            <Method skippedDueTo="AutoImplementedProperty" visited="false" cyclomaticComplexity="1" nPathComplexity="0" sequenceCoverage="0" branchCoverage="0" crapScore="0" isConstructor="false" isStatic="false" isGetter="false" isSetter="true">
              <MetadataToken>100663364</MetadataToken>
              <Name>System.Void Projeto_NFe.Dominio.Caracteristicas.ProdutosVendidos.ProdutoVendido::set_Quantidade(System.Int32)</Name>
              <FileRef uid="19" />
              <SequencePoints />
              <BranchPoints />
            </Method>
            <Method visited="true" cyclomaticComplexity="1" nPathComplexity="0" sequenceCoverage="100" branchCoverage="100" crapScore="1" isConstructor="false" isStatic="false" isGetter="true" isSetter="false">
              <Summary numSequencePoints="1" visitedSequencePoints="1" numBranchPoints="1" visitedBranchPoints="1" sequenceCoverage="100" branchCoverage="100" maxCyclomaticComplexity="1" minCyclomaticComplexity="1" maxCrapScore="1" minCrapScore="1" visitedClasses="0" numClasses="0" visitedMethods="1" numMethods="1" />
              <MetadataToken>100663365</MetadataToken>
              <Name>System.Double Projeto_NFe.Dominio.Caracteristicas.ProdutosVendidos.ProdutoVendido::get_ValorTotal()</Name>
              <FileRef uid="19" />
              <SequencePoints>
                <SequencePoint vc="22" uspid="135" ordinal="0" offset="0" sl="14" sc="37" el="14" ec="54" bec="0" bev="0" fileid="19" />
              </SequencePoints>
              <BranchPoints />
              <MethodPoint xsi:type="SequencePoint" vc="22" uspid="135" ordinal="0" offset="0" sl="14" sc="37" el="14" ec="54" bec="0" bev="0" fileid="19" />
            </Method>
            <Method skippedDueTo="AutoImplementedProperty" visited="false" cyclomaticComplexity="1" nPathComplexity="0" sequenceCoverage="0" branchCoverage="0" crapScore="0" isConstructor="false" isStatic="false" isGetter="true" isSetter="false">
              <MetadataToken>100663366</MetadataToken>
              <Name>Projeto_NFe.Dominio.Caracteristicas.ImpostoProdutos.ImpostoProduto Projeto_NFe.Dominio.Caracteristicas.ProdutosVendidos.ProdutoVendido::get_Imposto()</Name>
              <FileRef uid="19" />
              <SequencePoints />
              <BranchPoints />
            </Method>
            <Method skippedDueTo="AutoImplementedProperty" visited="false" cyclomaticComplexity="1" nPathComplexity="0" sequenceCoverage="0" branchCoverage="0" crapScore="0" isConstructor="false" isStatic="false" isGetter="false" isSetter="true">
              <MetadataToken>100663367</MetadataToken>
              <Name>System.Void Projeto_NFe.Dominio.Caracteristicas.ProdutosVendidos.ProdutoVendido::set_Imposto(Projeto_NFe.Dominio.Caracteristicas.ImpostoProdutos.ImpostoProduto)</Name>
              <FileRef uid="19" />
              <SequencePoints />
              <BranchPoints />
            </Method>
            <Method visited="true" cyclomaticComplexity="2" nPathComplexity="2" sequenceCoverage="75" branchCoverage="66.67" crapScore="2.06" isConstructor="false" isStatic="false" isGetter="false" isSetter="false">
              <Summary numSequencePoints="4" visitedSequencePoints="3" numBranchPoints="3" visitedBranchPoints="2" sequenceCoverage="75" branchCoverage="66.67" maxCyclomaticComplexity="2" minCyclomaticComplexity="2" maxCrapScore="2.06" minCrapScore="2.06" visitedClasses="0" numClasses="0" visitedMethods="1" numMethods="1" />
              <MetadataToken>100663368</MetadataToken>
              <Name>System.Void Projeto_NFe.Dominio.Caracteristicas.ProdutosVendidos.ProdutoVendido::Validar()</Name>
              <FileRef uid="19" />
              <SequencePoints>
                <SequencePoint vc="6" uspid="136" ordinal="0" offset="0" sl="18" sc="9" el="18" ec="10" bec="0" bev="0" fileid="19" />
                <SequencePoint vc="6" uspid="137" ordinal="1" offset="1" sl="19" sc="13" el="19" ec="32" bec="2" bev="1" fileid="19" />
                <SequencePoint vc="0" uspid="138" ordinal="2" offset="14" sl="20" sc="17" el="20" ec="39" bec="0" bev="0" fileid="19" />
                <SequencePoint vc="6" uspid="139" ordinal="3" offset="20" sl="21" sc="9" el="21" ec="10" bec="0" bev="0" fileid="19" />
              </SequencePoints>
              <BranchPoints>
                <BranchPoint vc="0" uspid="140" ordinal="0" offset="12" sl="19" path="0" offsetend="14" fileid="19" />
                <BranchPoint vc="6" uspid="141" ordinal="1" offset="12" sl="19" path="1" offsetend="20" fileid="19" />
              </BranchPoints>
              <MethodPoint xsi:type="SequencePoint" vc="6" uspid="136" ordinal="0" offset="0" sl="18" sc="9" el="18" ec="10" bec="0" bev="0" fileid="19" />
            </Method>
            <Method visited="true" cyclomaticComplexity="1" nPathComplexity="0" sequenceCoverage="100" branchCoverage="100" crapScore="1" isConstructor="false" isStatic="false" isGetter="false" isSetter="false">
              <Summary numSequencePoints="3" visitedSequencePoints="3" numBranchPoints="1" visitedBranchPoints="1" sequenceCoverage="100" branchCoverage="100" maxCyclomaticComplexity="1" minCyclomaticComplexity="1" maxCrapScore="1" minCrapScore="1" visitedClasses="0" numClasses="0" visitedMethods="1" numMethods="1" />
              <MetadataToken>100663369</MetadataToken>
              <Name>System.Double Projeto_NFe.Dominio.Caracteristicas.ProdutosVendidos.ProdutoVendido::PegarValorTotal()</Name>
              <FileRef uid="19" />
              <SequencePoints>
                <SequencePoint vc="22" uspid="142" ordinal="0" offset="0" sl="24" sc="9" el="24" ec="10" bec="0" bev="0" fileid="19" />
                <SequencePoint vc="22" uspid="143" ordinal="1" offset="1" sl="25" sc="13" el="25" ec="47" bec="0" bev="0" fileid="19" />
                <SequencePoint vc="22" uspid="144" ordinal="2" offset="18" sl="26" sc="9" el="26" ec="10" bec="0" bev="0" fileid="19" />
              </SequencePoints>
              <BranchPoints />
              <MethodPoint xsi:type="SequencePoint" vc="22" uspid="142" ordinal="0" offset="0" sl="24" sc="9" el="24" ec="10" bec="0" bev="0" fileid="19" />
            </Method>
            <Method visited="true" cyclomaticComplexity="1" nPathComplexity="0" sequenceCoverage="100" branchCoverage="100" crapScore="1" isConstructor="false" isStatic="false" isGetter="false" isSetter="false">
              <Summary numSequencePoints="4" visitedSequencePoints="4" numBranchPoints="1" visitedBranchPoints="1" sequenceCoverage="100" branchCoverage="100" maxCyclomaticComplexity="1" minCyclomaticComplexity="1" maxCrapScore="1" minCrapScore="1" visitedClasses="0" numClasses="0" visitedMethods="1" numMethods="1" />
              <MetadataToken>100663370</MetadataToken>
              <Name>System.Void Projeto_NFe.Dominio.Caracteristicas.ProdutosVendidos.ProdutoVendido::CalcularImposto()</Name>
              <FileRef uid="19" />
              <SequencePoints>
                <SequencePoint vc="7" uspid="145" ordinal="0" offset="0" sl="29" sc="9" el="29" ec="10" bec="0" bev="0" fileid="19" />
                <SequencePoint vc="7" uspid="146" ordinal="1" offset="1" sl="30" sc="13" el="30" ec="45" bec="0" bev="0" fileid="19" />
                <SequencePoint vc="7" uspid="147" ordinal="2" offset="19" sl="31" sc="13" el="31" ec="46" bec="0" bev="0" fileid="19" />
                <SequencePoint vc="7" uspid="148" ordinal="3" offset="37" sl="32" sc="9" el="32" ec="10" bec="0" bev="0" fileid="19" />
              </SequencePoints>
              <BranchPoints />
              <MethodPoint xsi:type="SequencePoint" vc="7" uspid="145" ordinal="0" offset="0" sl="29" sc="9" el="29" ec="10" bec="0" bev="0" fileid="19" />
            </Method>
[...]
              <Summary numSequencePoints="16" visitedSequencePoints="16" numBranchPoints="3" visitedBranchPoints="3" sequenceCoverage="100" branchCoverage="100" maxCyclomaticComplexity="4" minCyclomaticComplexity="4" maxCrapScore="4" minCrapScore="4" visitedClasses="0" numClasses="0" visitedMethods="1" numMethods="1" />
              <MetadataToken>100663298</MetadataToken>
              <Name>System.Collections.Generic.List`1&lt;T&gt; Projeto_NFe.Infra.Db::GetAll(System.String,System.Func`2&lt;System.Data.IDataReader,T&gt;,System.Object[])</Name>
              <FileRef uid="385" />
              <SequencePoints>
                <SequencePoint vc="17" uspid="2137" ordinal="0" offset="0" sl="62" sc="9" el="62" ec="10" bec="0" bev="0" fileid="385" />
                <SequencePoint vc="17" uspid="2138" ordinal="1" offset="1" sl="63" sc="20" el="63" ec="63" bec="0" bev="0" fileid="385" />
                <SequencePoint vc="17" uspid="2139" ordinal="2" offset="12" sl="64" sc="13" el="64" ec="14" bec="0" bev="0" fileid="385" />
                <SequencePoint vc="17" uspid="2140" ordinal="3" offset="13" sl="65" sc="17" el="65" ec="64" bec="0" bev="0" fileid="385" />
                <SequencePoint vc="17" uspid="2141" ordinal="4" offset="25" sl="67" sc="24" el="67" ec="61" bec="0" bev="0" fileid="385" />
                <SequencePoint vc="17" uspid="2142" ordinal="5" offset="36" sl="68" sc="17" el="68" ec="18" bec="0" bev="0" fileid="385" />
                <SequencePoint vc="17" uspid="2143" ordinal="6" offset="37" sl="69" sc="21" el="69" ec="53" bec="0" bev="0" fileid="385" />
                <SequencePoint vc="17" uspid="2144" ordinal="7" offset="45" sl="70" sc="21" el="70" ec="47" bec="0" bev="0" fileid="385" />
                <SequencePoint vc="17" uspid="2145" ordinal="8" offset="53" sl="71" sc="21" el="71" ec="50" bec="0" bev="0" fileid="385" />
                <SequencePoint vc="17" uspid="2146" ordinal="9" offset="61" sl="73" sc="21" el="73" ec="39" bec="0" bev="0" fileid="385" />
                <SequencePoint vc="17" uspid="2147" ordinal="10" offset="68" sl="75" sc="21" el="75" ec="46" bec="0" bev="0" fileid="385" />
                <SequencePoint vc="17" uspid="2148" ordinal="11" offset="74" sl="76" sc="21" el="76" ec="58" bec="0" bev="0" fileid="385" />
                <SequencePoint vc="17" uspid="2149" ordinal="12" offset="83" sl="79" sc="25" el="79" ec="48" bec="0" bev="0" fileid="385" />
                <SequencePoint vc="34" uspid="2150" ordinal="13" offset="97" sl="78" sc="21" el="78" ec="42" bec="2" bev="2" fileid="385" />
                <SequencePoint vc="17" uspid="2151" ordinal="14" offset="109" sl="81" sc="21" el="81" ec="33" bec="0" bev="0" fileid="385" />
                <SequencePoint vc="17" uspid="2152" ordinal="15" offset="136" sl="84" sc="9" el="84" ec="10" bec="0" bev="0" fileid="385" />
              </SequencePoints>
              <BranchPoints>
                <BranchPoint vc="17" uspid="2153" ordinal="0" offset="107" sl="78" path="0" offsetend="109" fileid="385" />
                <BranchPoint vc="17" uspid="2154" ordinal="1" offset="107" sl="78" path="1" offsetend="83" fileid="385" />
              </BranchPoints>
              <MethodPoint xsi:type="SequencePoint" vc="17" uspid="2137" ordinal="0" offset="0" sl="62" sc="9" el="62" ec="10" bec="0" bev="0" fileid="385" />
            </Method>
            <Method visited="true" cyclomaticComplexity="3" nPathComplexity="0" sequenceCoverage="100" branchCoverage="100" crapScore="3" isConstructor="false" isStatic="true" isGetter="false" isSetter="false">
              <Summary numSequencePoints="12" visitedSequencePoints="12" numBranchPoints="1" visitedBranchPoints="1" sequenceCoverage="100" branchCoverage="100" maxCyclomaticComplexity="3" minCyclomaticComplexity="3" maxCrapScore="3" minCrapScore="3" visitedClasses="0" numClasses="0" visitedMethods="1" numMethods="1" />
              <MetadataToken>100663299</MetadataToken>
              <Name>System.Int32 Projeto_NFe.Infra.Db::Insert(System.String,System.Object[])</Name>
              <FileRef uid="385" />
              <SequencePoints>
                <SequencePoint vc="16" uspid="2155" ordinal="0" offset="0" sl="93" sc="9" el="93" ec="10" bec="0" bev="0" fileid="385" />
                <SequencePoint vc="16" uspid="2156" ordinal="1" offset="1" sl="94" sc="20" el="94" ec="63" bec="0" bev="0" fileid="385" />
                <SequencePoint vc="16" uspid="2157" ordinal="2" offset="12" sl="95" sc="13" el="95" ec="14" bec="0" bev="0" fileid="385" />
                <SequencePoint vc="16" uspid="2158" ordinal="3" offset="13" sl="96" sc="17" el="96" ec="64" bec="0" bev="0" fileid="385" />
                <SequencePoint vc="16" uspid="2159" ordinal="4" offset="25" sl="98" sc="24" el="98" ec="61" bec="0" bev="0" fileid="385" />
                <SequencePoint vc="16" uspid="2160" ordinal="5" offset="36" sl="99" sc="17" el="99" ec="18" bec="0" bev="0" fileid="385" />
                <SequencePoint vc="16" uspid="2161" ordinal="6" offset="37" sl="100" sc="21" el="100" ec="53" bec="0" bev="0" fileid="385" />
                <SequencePoint vc="16" uspid="2162" ordinal="7" offset="45" sl="101" sc="21" el="101" ec="50" bec="0" bev="0" fileid="385" />
                <SequencePoint vc="16" uspid="2163" ordinal="8" offset="53" sl="102" sc="21" el="102" ec="70" bec="0" bev="0" fileid="385" />
                <SequencePoint vc="16" uspid="2164" ordinal="9" offset="66" sl="104" sc="21" el="104" ec="39" bec="0" bev="0" fileid="385" />
                <SequencePoint vc="16" uspid="2165" ordinal="10" offset="73" sl="105" sc="21" el="105" ec="69" bec="0" bev="0" fileid="385" />
                <SequencePoint vc="16" uspid="2166" ordinal="11" offset="109" sl="108" sc="9" el="108" ec="10" bec="0" bev="0" fileid="385" />
              </SequencePoints>
              <BranchPoints />
              <MethodPoint xsi:type="SequencePoint" vc="16" uspid="2155" ordinal="0" offset="0" sl="93" sc="9" el="93" ec="10" bec="0" bev="0" fileid="385" />
            </Method>
            <Method visited="true" cyclomaticComplexity="3" nPathComplexity="0" sequenceCoverage="100" branchCoverage="100" crapScore="3" isConstructor="false" isStatic="true" isGetter="false" isSetter="false">
              <Summary numSequencePoints="14" visitedSequencePoints="14" numBranchPoints="1" visitedBranchPoints="1" sequenceCoverage="100" branchCoverage="100" maxCyclomaticComplexity="3" minCyclomaticComplexity="3" maxCrapScore="3" minCrapScore="3" visitedClasses="0" numClasses="0" visitedMethods="1" numMethods="1" />
              <MetadataToken>100663300</MetadataToken>
              <Name>System.Void Projeto_NFe.Infra.Db::Update(System.String,System.Object[])</Name>
              <FileRef uid="385" />
              <SequencePoints>
                <SequencePoint vc="2224" uspid="2167" ordinal="0" offset="0" sl="116" sc="9" el="116" ec="10" bec="0" bev="0" fileid="385" />
                <SequencePoint vc="2224" uspid="2168" ordinal="1" offset="1" sl="117" sc="20" el="117" ec="63" bec="0" bev="0" fileid="385" />
                <SequencePoint vc="2224" uspid="2169" ordinal="2" offset="12" sl="118" sc="13" el="118" ec="14" bec="0" bev="0" fileid="385" />
                <SequencePoint vc="2224" uspid="2170" ordinal="3" offset="13" sl="119" sc="17" el="119" ec="64" bec="0" bev="0" fileid="385" />
                <SequencePoint vc="2224" uspid="2171" ordinal="4" offset="25" sl="121" sc="24" el="121" ec="61" bec="0" bev="0" fileid="385" />
                <SequencePoint vc="2224" uspid="2172" ordinal="5" offset="36" sl="122" sc="17" el="122" ec="18" bec="0" bev="0" fileid="385" />
                <SequencePoint vc="2224" uspid="2173" ordinal="6" offset="37" sl="123" sc="21" el="123" ec="53" bec="0" bev="0" fileid="385" />
                <SequencePoint vc="2224" uspid="2174" ordinal="7" offset="45" sl="124" sc="21" el="124" ec="47" bec="0" bev="0" fileid="385" />
                <SequencePoint vc="2224" uspid="2175" ordinal="8" offset="53" sl="125" sc="21" el="125" ec="50" bec="0" bev="0" fileid="385" />
                <SequencePoint vc="2224" uspid="2176" ordinal="9" offset="61" sl="127" sc="21" el="127" ec="39" bec="0" bev="0" fileid="385" />
                <SequencePoint vc="2224" uspid="2177" ordinal="10" offset="68" sl="128" sc="21" el="128" ec="47" bec="0" bev="0" fileid="385" />
                <SequencePoint vc="2224" uspid="2178" ordinal="11" offset="75" sl="129" sc="17" el="129" ec="18" bec="0" bev="0" fileid="385" />
                <SequencePoint vc="2224" uspid="2179" ordinal="12" offset="89" sl="130" sc="13" el="130" ec="14" bec="0" bev="0" fileid="385" />
                <SequencePoint vc="2224" uspid="2180" ordinal="13" offset="103" sl="131" sc="9" el="131" ec="10" bec="0" bev="0" fileid="385" />
              </SequencePoints>
              <BranchPoints />
              <MethodPoint xsi:type="SequencePoint" vc="2224" uspid="2167" ordinal="0" offset="0" sl="116" sc="9" el="116" ec="10" bec="0" bev="0" fileid="385" />
            </Method>
            <Method visited="true" cyclomaticComplexity="1" nPathComplexity="0" sequenceCoverage="100" branchCoverage="100" crapScore="1" isConstructor="false" isStatic="true" isGetter="false" isSetter="false">
              <Summary numSequencePoints="3" visitedSequencePoints="3" numBranchPoints="1" visitedBranchPoints="1" sequenceCoverage="100" branchCoverage="100" maxCyclomaticComplexity="1" minCyclomaticComplexity="1" maxCrapScore="1" minCrapScore="1" visitedClasses="0" numClasses="0" visitedMethods="1" numMethods="1" />
              <MetadataToken>100663301</MetadataToken>
              <Name>System.Void Projeto_NFe.Infra.Db::Delete(System.String,System.Object[])</Name>
              <FileRef uid="385" />
              <SequencePoints>
                <SequencePoint vc="8" uspid="2181" ordinal="0" offset="0" sl="139" sc="9" el="139" ec="10" bec="0" bev="0" fileid="385" />
                <SequencePoint vc="8" uspid="2182" ordinal="1" offset="1" sl="140" sc="13" el="140" ec="32" bec="0" bev="0" fileid="385" />
                <SequencePoint vc="8" uspid="2183" ordinal="2" offset="9" sl="141" sc="9" el="141" ec="10" bec="0" bev="0" fileid="385" />
              </SequencePoints>
              <BranchPoints />
              <MethodPoint xsi:type="SequencePoint" vc="8" uspid="2181" ordinal="0" offset="0" sl="139" sc="9" el="139" ec="10" bec="0" bev="0" fileid="385" />
            </Method>
            <Method visited="true" cyclomaticComplexity="5" nPathComplexity="16" sequenceCoverage="50" branchCoverage="33.33" crapScore="8.12" isConstructor="false" isStatic="true" isGetter="false" isSetter="false">
              <Summary numSequencePoints="8" visitedSequencePoints="4" numBranchPoints="9" visitedBranchPoints="3" sequenceCoverage="50" branchCoverage="33.33" maxCyclomaticComplexity="5" minCyclomaticComplexity="5" maxCrapScore="8.12" minCrapScore="8.12" visitedClasses="0" numClasses="0" visitedMethods="1" numMethods="1" />
              <MetadataToken>100663302</MetadataToken>
              <Name>System.String Projeto_NFe.Infra.Db::AppendIdentitySelect(System.String)</Name>
              <FileRef uid="385" />
              <SequencePoints>
                <SequencePoint vc="16" uspid="2184" ordinal="0" offset="0" sl="151" sc="9" el="151" ec="10" bec="0" bev="0" fileid="385" />
                <SequencePoint vc="16" uspid="2185" ordinal="1" offset="1" sl="152" sc="13" el="152" ec="34" bec="8" bev="2" fileid="385" />
                <SequencePoint vc="0" uspid="2186" ordinal="2" offset="61" sl="155" sc="43" el="155" ec="54" bec="0" bev="0" fileid="385" />
                <SequencePoint vc="16" uspid="2187" ordinal="3" offset="65" sl="156" sc="47" el="156" ec="87" bec="0" bev="0" fileid="385" />
                <SequencePoint vc="0" uspid="2188" ordinal="4" offset="79" sl="157" sc="50" el="157" ec="102" bec="0" bev="0" fileid="385" />
                <SequencePoint vc="0" uspid="2189" ordinal="5" offset="93" sl="158" sc="53" el="158" ec="86" bec="0" bev="0" fileid="385" />
                <SequencePoint vc="0" uspid="2190" ordinal="6" offset="107" sl="159" sc="26" el="159" ec="60" bec="0" bev="0" fileid="385" />
                <SequencePoint vc="16" uspid="2191" ordinal="7" offset="121" sl="161" sc="9" el="161" ec="10" bec="0" bev="0" fileid="385" />
              </SequencePoints>
              <BranchPoints>
                <BranchPoint vc="16" uspid="2192" ordinal="0" offset="18" sl="152" path="0" offsetend="20" fileid="385" />
                <BranchPoint vc="0" uspid="2193" ordinal="1" offset="18" sl="152" path="1" offsetend="61" fileid="385" />
                <BranchPoint vc="0" uspid="2194" ordinal="2" offset="31" sl="152" path="0" offsetend="33" fileid="385" />
                <BranchPoint vc="16" uspid="2195" ordinal="3" offset="31" sl="152" path="1" offsetend="65" fileid="385" />
                <BranchPoint vc="0" uspid="2196" ordinal="4" offset="44" sl="152" path="0" offsetend="46" fileid="385" />
                <BranchPoint vc="0" uspid="2197" ordinal="5" offset="44" sl="152" path="1" offsetend="79" fileid="385" />
                <BranchPoint vc="0" uspid="2198" ordinal="6" offset="57" sl="152" path="0" offsetchain="59" offsetend="107" fileid="385" />
                <BranchPoint vc="0" uspid="2199" ordinal="7" offset="57" sl="152" path="1" offsetend="93" fileid="385" />
              </BranchPoints>
              <MethodPoint xsi:type="SequencePoint" vc="16" uspid="2184" ordinal="0" offset="0" sl="151" sc="9" el="151" ec="10" bec="0" bev="0" fileid="385" />
            </Method>
            <Method visited="true" cyclomaticComplexity="7" nPathComplexity="16" sequenceCoverage="94.44" branchCoverage="88.89" crapScore="7.01" isConstructor="false" isStatic="true" isGetter="false" isSetter="false">
              <Summary numSequencePoints="18" visitedSequencePoints="17" numBranchPoints="9" visitedBranchPoints="8" sequenceCoverage="94.44" branchCoverage="88.89" maxCyclomaticComplexity="7" minCyclomaticComplexity="7" maxCrapScore="7.01" minCrapScore="7.01" visitedClasses="0" numClasses="0" visitedMethods="1" numMethods="1" />
              <MetadataToken>100663303</MetadataToken>
              <Name>System.Void Projeto_NFe.Infra.Db::SetParameters(System.Data.Common.DbCommand,System.Object[])</Name>
              <FileRef uid="385" />
              <SequencePoints>
                <SequencePoint vc="2278" uspid="2200" ordinal="0" offset="0" sl="169" sc="9" el="169" ec="10" bec="0" bev="0" fileid="385" />
                <SequencePoint vc="2278" uspid="2201" ordinal="1" offset="1" sl="170" sc="13" el="170" ec="51" bec="2" bev="2" fileid="385" />
                <SequencePoint vc="57" uspid="2202" ordinal="2" offset="19" sl="171" sc="13" el="171" ec="14" bec="0" bev="0" fileid="385" />
                <SequencePoint vc="57" uspid="2203" ordinal="3" offset="20" sl="172" sc="22" el="172" ec="31" bec="0" bev="0" fileid="385" />
                <SequencePoint vc="332" uspid="2204" ordinal="4" offset="24" sl="173" sc="17" el="173" ec="18" bec="0" bev="0" fileid="385" />
                <SequencePoint vc="332" uspid="2205" ordinal="5" offset="25" sl="174" sc="21" el="174" ec="55" bec="0" bev="0" fileid="385" />
                <SequencePoint vc="332" uspid="2206" ordinal="6" offset="34" sl="176" sc="21" el="176" ec="78" bec="2" bev="1" fileid="385" />
                <SequencePoint vc="0" uspid="2207" ordinal="7" offset="75" sl="177" sc="25" el="177" ec="45" bec="0" bev="0" fileid="385" />
                <SequencePoint vc="332" uspid="2208" ordinal="8" offset="81" sl="179" sc="21" el="179" ec="65" bec="2" bev="2" fileid="385" />
                <SequencePoint vc="332" uspid="2209" ordinal="9" offset="96" sl="181" sc="21" el="181" ec="65" bec="0" bev="0" fileid="385" />
                <SequencePoint vc="332" uspid="2210" ordinal="10" offset="104" sl="182" sc="21" el="182" ec="54" bec="0" bev="0" fileid="385" />
                <SequencePoint vc="332" uspid="2211" ordinal="11" offset="113" sl="183" sc="21" el="183" ec="47" bec="0" bev="0" fileid="385" />
                <SequencePoint vc="332" uspid="2212" ordinal="12" offset="122" sl="185" sc="21" el="185" ec="57" bec="0" bev="0" fileid="385" />
                <SequencePoint vc="332" uspid="2213" ordinal="13" offset="136" sl="186" sc="17" el="186" ec="18" bec="0" bev="0" fileid="385" />
                <SequencePoint vc="332" uspid="2214" ordinal="14" offset="137" sl="172" sc="51" el="172" ec="57" bec="0" bev="0" fileid="385" />
                <SequencePoint vc="389" uspid="2215" ordinal="15" offset="141" sl="172" sc="33" el="172" ec="49" bec="2" bev="2" fileid="385" />
                <SequencePoint vc="57" uspid="2216" ordinal="16" offset="156" sl="187" sc="13" el="187" ec="14" bec="0" bev="0" fileid="385" />
                <SequencePoint vc="2278" uspid="2217" ordinal="17" offset="157" sl="188" sc="9" el="188" ec="10" bec="0" bev="0" fileid="385" />
              </SequencePoints>
              <BranchPoints>
                <BranchPoint vc="57" uspid="2220" ordinal="2" offset="14" sl="170" path="0" offsetend="19" fileid="385" />
                <BranchPoint vc="2221" uspid="2221" ordinal="3" offset="14" sl="170" path="1" offsetend="157" fileid="385" />
                <BranchPoint vc="0" uspid="2224" ordinal="6" offset="73" sl="176" path="0" offsetend="75" fileid="385" />
                <BranchPoint vc="332" uspid="2225" ordinal="7" offset="73" sl="176" path="1" offsetend="81" fileid="385" />
                <BranchPoint vc="42" uspid="2226" ordinal="8" offset="87" sl="179" path="0" offsetend="89" fileid="385" />
                <BranchPoint vc="290" uspid="2227" ordinal="9" offset="87" sl="179" path="1" offsetend="95" fileid="385" />
                <BranchPoint vc="57" uspid="2228" ordinal="10" offset="151" sl="172" path="0" offsetend="156" fileid="385" />
                <BranchPoint vc="332" uspid="2229" ordinal="11" offset="151" sl="172" path="1" offsetend="24" fileid="385" />
              </BranchPoints>
              <MethodPoint xsi:type="SequencePoint" vc="2278" uspid="2200" ordinal="0" offset="0" sl="169" sc="9" el="169" ec="10" bec="0" bev="0" fileid="385" />
            </Method>
            <Method visited="true" cyclomaticComplexity="1" nPathComplexity="0" sequenceCoverage="100" branchCoverage="100" crapScore="1" isConstructor="true" isStatic="true" isGetter="false" isSetter="false">
              <Summary numSequencePoints="4" visitedSequencePoints="4" numBranchPoints="1" visitedBranchPoints="1" sequenceCoverage="100" branchCoverage="100" maxCyclomaticComplexity="1" minCyclomaticComplexity="1" maxCrapScore="1" minCrapScore="1" visitedClasses="0" numClasses="0" visitedMethods="1" numMethods="1" />
              <MetadataToken>100663304</MetadataToken>
              <Name>System.Void Projeto_NFe.Infra.Db::.cctor()</Name>
              <FileRef uid="385" />
              <SequencePoints>
                <SequencePoint vc="2" uspid="2230" ordinal="0" offset="0" sl="14" sc="9" el="14" ec="108" bec="0" bev="0" fileid="385" />
                <SequencePoint vc="2" uspid="2231" ordinal="1" offset="20" sl="15" sc="9" el="15" ec="106" bec="0" bev="0" fileid="385" />
                <SequencePoint vc="2" uspid="2232" ordinal="2" offset="35" sl="17" sc="9" el="17" ec="124" bec="0" bev="0" fileid="385" />
                <SequencePoint vc="2" uspid="2233" ordinal="3" offset="55" sl="18" sc="9" el="18" ec="137" bec="0" bev="0" fileid="385" />
              </SequencePoints>
              <BranchPoints />
              <MethodPoint xsi:type="SequencePoint" vc="2" uspid="2230" ordinal="0" offset="0" sl="14" sc="9" el="14" ec="108" bec="0" bev="0" fileid="385" />
            </Method>
          </Methods>
        </Class>
      </Classes>
    </Module>
  </Modules>
</CoverageSession>